[0.053s] Invoking command in '/home/phubadine/turtlebot3_ws/build/dynamixel_sdk_custom_interfaces': CMAKE_PREFIX_PATH=${CMAKE_PREFIX_PATH}:/home/phubadine/turtlebot3_ws/install/turtlebot3_teleop:/home/phubadine/turtlebot3_ws/install/turtlebot3_example:/opt/ros/humble /usr/bin/cmake --build /home/phubadine/turtlebot3_ws/build/dynamixel_sdk_custom_interfaces -- -j16 -l16
[0.131s] [35m[1mConsolidate compiler generated dependencies of target dynamixel_sdk_custom_interfaces__rosidl_generator_c[0m
[0.145s] [  2%] Built target dynamixel_sdk_custom_interfaces__cpp
[0.158s] [  7%] [32mBuilding C object CMakeFiles/dynamixel_sdk_custom_interfaces__rosidl_generator_c.dir/rosidl_generator_c/dynamixel_sdk_custom_interfaces/srv/detail/get_position__functions.c.o[0m
[0.159s] [  7%] [32mBuilding C object CMakeFiles/dynamixel_sdk_custom_interfaces__rosidl_generator_c.dir/rosidl_generator_c/dynamixel_sdk_custom_interfaces/msg/detail/set_position__functions.c.o[0m
[0.160s] [  7%] Built target ament_cmake_python_symlink_dynamixel_sdk_custom_interfaces
[0.167s] [35m[1mConsolidate compiler generated dependencies of target dynamixel_sdk_custom_interfaces__rosidl_typesupport_cpp[0m
[0.171s] [35m[1mConsolidate compiler generated dependencies of target dynamixel_sdk_custom_interfaces__rosidl_typesupport_fastrtps_cpp[0m
[0.179s] [35m[1mConsolidate compiler generated dependencies of target dynamixel_sdk_custom_interfaces__rosidl_typesupport_introspection_cpp[0m
[0.211s] [ 10%] [32mBuilding CXX object CMakeFiles/dynamixel_sdk_custom_interfaces__rosidl_typesupport_fastrtps_cpp.dir/rosidl_typesupport_fastrtps_cpp/dynamixel_sdk_custom_interfaces/msg/detail/dds_fastrtps/set_position__type_support.cpp.o[0m
[0.212s] [ 12%] [32mBuilding CXX object CMakeFiles/dynamixel_sdk_custom_interfaces__rosidl_typesupport_cpp.dir/rosidl_typesupport_cpp/dynamixel_sdk_custom_interfaces/msg/set_position__type_support.cpp.o[0m
[0.218s] [ 15%] [32mBuilding CXX object CMakeFiles/dynamixel_sdk_custom_interfaces__rosidl_typesupport_cpp.dir/rosidl_typesupport_cpp/dynamixel_sdk_custom_interfaces/srv/get_position__type_support.cpp.o[0m
[0.219s] [ 17%] [32mBuilding CXX object CMakeFiles/dynamixel_sdk_custom_interfaces__rosidl_typesupport_fastrtps_cpp.dir/rosidl_typesupport_fastrtps_cpp/dynamixel_sdk_custom_interfaces/srv/detail/dds_fastrtps/get_position__type_support.cpp.o[0m
[0.233s] [ 23%] [32mBuilding CXX object CMakeFiles/dynamixel_sdk_custom_interfaces__rosidl_typesupport_introspection_cpp.dir/rosidl_typesupport_introspection_cpp/dynamixel_sdk_custom_interfaces/srv/detail/get_position__type_support.cpp.o[0m
[0.235s] [ 23%] [32mBuilding CXX object CMakeFiles/dynamixel_sdk_custom_interfaces__rosidl_typesupport_introspection_cpp.dir/rosidl_typesupport_introspection_cpp/dynamixel_sdk_custom_interfaces/msg/detail/set_position__type_support.cpp.o[0m
[0.413s] [ 25%] [32m[1mLinking C shared library libdynamixel_sdk_custom_interfaces__rosidl_generator_c.so[0m
[0.679s] [ 28%] Built target dynamixel_sdk_custom_interfaces__rosidl_generator_c
[0.771s] [35m[1mConsolidate compiler generated dependencies of target dynamixel_sdk_custom_interfaces__rosidl_typesupport_fastrtps_c[0m
[0.805s] [35m[1mConsolidate compiler generated dependencies of target dynamixel_sdk_custom_interfaces__rosidl_typesupport_introspection_c[0m
[0.828s] [35m[1mConsolidate compiler generated dependencies of target dynamixel_sdk_custom_interfaces__rosidl_typesupport_c[0m
[0.877s] [ 30%] [32mBuilding CXX object CMakeFiles/dynamixel_sdk_custom_interfaces__rosidl_typesupport_fastrtps_c.dir/rosidl_typesupport_fastrtps_c/dynamixel_sdk_custom_interfaces/msg/detail/set_position__type_support_c.cpp.o[0m
[0.899s] [ 33%] [32mBuilding C object CMakeFiles/dynamixel_sdk_custom_interfaces__rosidl_typesupport_introspection_c.dir/rosidl_typesupport_introspection_c/dynamixel_sdk_custom_interfaces/msg/detail/set_position__type_support.c.o[0m
[0.935s] [ 35%] [32mBuilding CXX object CMakeFiles/dynamixel_sdk_custom_interfaces__rosidl_typesupport_c.dir/rosidl_typesupport_c/dynamixel_sdk_custom_interfaces/msg/set_position__type_support.cpp.o[0m
[0.935s] [ 38%] [32mBuilding C object CMakeFiles/dynamixel_sdk_custom_interfaces__rosidl_typesupport_introspection_c.dir/rosidl_typesupport_introspection_c/dynamixel_sdk_custom_interfaces/srv/detail/get_position__type_support.c.o[0m
[0.936s] [ 41%] [32mBuilding CXX object CMakeFiles/dynamixel_sdk_custom_interfaces__rosidl_typesupport_fastrtps_c.dir/rosidl_typesupport_fastrtps_c/dynamixel_sdk_custom_interfaces/srv/detail/get_position__type_support_c.cpp.o[0m
[0.936s] [ 43%] [32mBuilding CXX object CMakeFiles/dynamixel_sdk_custom_interfaces__rosidl_typesupport_c.dir/rosidl_typesupport_c/dynamixel_sdk_custom_interfaces/srv/get_position__type_support.cpp.o[0m
[1.018s] running egg_info
[1.020s] writing dynamixel_sdk_custom_interfaces.egg-info/PKG-INFO
[1.020s] writing dependency_links to dynamixel_sdk_custom_interfaces.egg-info/dependency_links.txt
[1.021s] writing top-level names to dynamixel_sdk_custom_interfaces.egg-info/top_level.txt
[1.045s] reading manifest file 'dynamixel_sdk_custom_interfaces.egg-info/SOURCES.txt'
[1.045s] writing manifest file 'dynamixel_sdk_custom_interfaces.egg-info/SOURCES.txt'
[1.134s] [ 46%] [32m[1mLinking C shared library libdynamixel_sdk_custom_interfaces__rosidl_typesupport_introspection_c.so[0m
[1.160s] [ 48%] [32m[1mLinking CXX shared library libdynamixel_sdk_custom_interfaces__rosidl_typesupport_c.so[0m
[1.187s] [ 48%] Built target ament_cmake_python_build_dynamixel_sdk_custom_interfaces_egg
[1.313s] [ 51%] Built target dynamixel_sdk_custom_interfaces__rosidl_typesupport_introspection_c
[1.413s] [ 53%] Built target dynamixel_sdk_custom_interfaces__rosidl_typesupport_c
[1.628s] [ 56%] [32m[1mLinking CXX shared library libdynamixel_sdk_custom_interfaces__rosidl_typesupport_introspection_cpp.so[0m
[1.689s] [ 58%] [32m[1mLinking CXX shared library libdynamixel_sdk_custom_interfaces__rosidl_typesupport_fastrtps_cpp.so[0m
[1.762s] [ 61%] Built target dynamixel_sdk_custom_interfaces__rosidl_typesupport_introspection_cpp
[1.771s] [ 64%] [32m[1mLinking CXX shared library libdynamixel_sdk_custom_interfaces__rosidl_typesupport_cpp.so[0m
[1.944s] [ 66%] Built target dynamixel_sdk_custom_interfaces__rosidl_typesupport_cpp
[1.988s] [ 69%] Built target dynamixel_sdk_custom_interfaces__rosidl_typesupport_fastrtps_cpp
[2.057s] [ 71%] [32m[1mLinking CXX shared library libdynamixel_sdk_custom_interfaces__rosidl_typesupport_fastrtps_c.so[0m
[2.262s] [ 74%] Built target dynamixel_sdk_custom_interfaces__rosidl_typesupport_fastrtps_c
[2.299s] [ 74%] Built target dynamixel_sdk_custom_interfaces
[2.330s] [ 76%] Built target dynamixel_sdk_custom_interfaces__py
[2.347s] [35m[1mConsolidate compiler generated dependencies of target dynamixel_sdk_custom_interfaces__rosidl_generator_py[0m
[2.370s] [ 82%] [32mBuilding C object CMakeFiles/dynamixel_sdk_custom_interfaces__rosidl_generator_py.dir/rosidl_generator_py/dynamixel_sdk_custom_interfaces/msg/_set_position_s.c.o[0m
[2.370s] [ 82%] [32mBuilding C object CMakeFiles/dynamixel_sdk_custom_interfaces__rosidl_generator_py.dir/rosidl_generator_py/dynamixel_sdk_custom_interfaces/srv/_get_position_s.c.o[0m
[2.528s] [ 84%] [32m[1mLinking C shared library rosidl_generator_py/dynamixel_sdk_custom_interfaces/libdynamixel_sdk_custom_interfaces__rosidl_generator_py.so[0m
[2.587s] [ 84%] Built target dynamixel_sdk_custom_interfaces__rosidl_generator_py
[2.603s] [35m[1mConsolidate compiler generated dependencies of target dynamixel_sdk_custom_interfaces__rosidl_typesupport_introspection_c__pyext[0m
[2.604s] [35m[1mConsolidate compiler generated dependencies of target dynamixel_sdk_custom_interfaces__rosidl_typesupport_c__pyext[0m
[2.604s] [35m[1mConsolidate compiler generated dependencies of target dynamixel_sdk_custom_interfaces__rosidl_typesupport_fastrtps_c__pyext[0m
[2.622s] [ 89%] [32mBuilding C object CMakeFiles/dynamixel_sdk_custom_interfaces__rosidl_typesupport_introspection_c__pyext.dir/rosidl_generator_py/dynamixel_sdk_custom_interfaces/_dynamixel_sdk_custom_interfaces_s.ep.rosidl_typesupport_introspection_c.c.o[0m
[2.622s] [ 89%] [32mBuilding C object CMakeFiles/dynamixel_sdk_custom_interfaces__rosidl_typesupport_c__pyext.dir/rosidl_generator_py/dynamixel_sdk_custom_interfaces/_dynamixel_sdk_custom_interfaces_s.ep.rosidl_typesupport_c.c.o[0m
[2.625s] [ 92%] [32mBuilding C object CMakeFiles/dynamixel_sdk_custom_interfaces__rosidl_typesupport_fastrtps_c__pyext.dir/rosidl_generator_py/dynamixel_sdk_custom_interfaces/_dynamixel_sdk_custom_interfaces_s.ep.rosidl_typesupport_fastrtps_c.c.o[0m
[2.763s] [ 97%] [32m[1mLinking C shared library rosidl_generator_py/dynamixel_sdk_custom_interfaces/dynamixel_sdk_custom_interfaces_s__rosidl_typesupport_c.cpython-310-x86_64-linux-gnu.so[0m
[2.763s] [ 97%] [32m[1mLinking C shared library rosidl_generator_py/dynamixel_sdk_custom_interfaces/dynamixel_sdk_custom_interfaces_s__rosidl_typesupport_fastrtps_c.cpython-310-x86_64-linux-gnu.so[0m
[2.765s] [100%] [32m[1mLinking C shared library rosidl_generator_py/dynamixel_sdk_custom_interfaces/dynamixel_sdk_custom_interfaces_s__rosidl_typesupport_introspection_c.cpython-310-x86_64-linux-gnu.so[0m
[2.831s] [100%] Built target dynamixel_sdk_custom_interfaces__rosidl_typesupport_fastrtps_c__pyext
[2.832s] [100%] Built target dynamixel_sdk_custom_interfaces__rosidl_typesupport_introspection_c__pyext
[2.838s] [100%] Built target dynamixel_sdk_custom_interfaces__rosidl_typesupport_c__pyext
