[0.037s] Invoking command in '/home/phubadine/turtlebot3_ws/build/turtlebot3_msgs': CMAKE_PREFIX_PATH=${CMAKE_PREFIX_PATH}:/home/phubadine/turtlebot3_ws/install/turtlebot3_teleop:/home/phubadine/turtlebot3_ws/install/turtlebot3_example:/opt/ros/humble /usr/bin/cmake --build /home/phubadine/turtlebot3_ws/build/turtlebot3_msgs -- -j16 -l16
[0.090s] [  1%] Built target turtlebot3_msgs__cpp
[0.092s] [ 12%] Built target turtlebot3_msgs__rosidl_generator_c
[0.099s] [ 12%] Built target ament_cmake_python_symlink_turtlebot3_msgs
[0.129s] [ 42%] Built target turtlebot3_msgs__rosidl_typesupport_introspection_c
[0.129s] [ 42%] Built target turtlebot3_msgs__rosidl_typesupport_introspection_cpp
[0.129s] [ 56%] Built target turtlebot3_msgs__rosidl_typesupport_c
[0.129s] [ 60%] Built target turtlebot3_msgs__rosidl_typesupport_cpp
[0.131s] [ 69%] Built target turtlebot3_msgs__rosidl_typesupport_fastrtps_cpp
[0.133s] [ 80%] Built target turtlebot3_msgs__rosidl_typesupport_fastrtps_c
[0.158s] [ 80%] Built target turtlebot3_msgs
[0.180s] [ 81%] Built target turtlebot3_msgs__py
[0.205s] [ 91%] Built target turtlebot3_msgs__rosidl_generator_py
[0.233s] [100%] Built target turtlebot3_msgs__rosidl_typesupport_c__pyext
[0.233s] [100%] Built target turtlebot3_msgs__rosidl_typesupport_introspection_c__pyext
[0.233s] [100%] Built target turtlebot3_msgs__rosidl_typesupport_fastrtps_c__pyext
[0.356s] running egg_info
[0.357s] writing turtlebot3_msgs.egg-info/PKG-INFO
[0.357s] writing dependency_links to turtlebot3_msgs.egg-info/dependency_links.txt
[0.357s] writing top-level names to turtlebot3_msgs.egg-info/top_level.txt
[0.360s] reading manifest file 'turtlebot3_msgs.egg-info/SOURCES.txt'
[0.360s] writing manifest file 'turtlebot3_msgs.egg-info/SOURCES.txt'
[0.387s] [100%] Built target ament_cmake_python_build_turtlebot3_msgs_egg
