[0.056s] Invoking command in '/home/phubadine/turtlebot3_ws/build/dynamixel_sdk': CMAKE_PREFIX_PATH=${CMAKE_PREFIX_PATH}:/home/phubadine/turtlebot3_ws/install/turtlebot3_teleop:/home/phubadine/turtlebot3_ws/install/turtlebot3_example:/opt/ros/humble /usr/bin/cmake --build /home/phubadine/turtlebot3_ws/build/dynamixel_sdk -- -j16 -l16
[0.133s] [100%] Built target dynamixel_sdk
[0.518s] Invoked command in '/home/phubadine/turtlebot3_ws/build/dynamixel_sdk' returned '0': CMAKE_PREFIX_PATH=${CMAKE_PREFIX_PATH}:/home/phubadine/turtlebot3_ws/install/turtlebot3_teleop:/home/phubadine/turtlebot3_ws/install/turtlebot3_example:/opt/ros/humble /usr/bin/cmake --build /home/phubadine/turtlebot3_ws/build/dynamixel_sdk -- -j16 -l16
[0.590s] Invoking command in '/home/phubadine/turtlebot3_ws/build/dynamixel_sdk': CMAKE_PREFIX_PATH=${CMAKE_PREFIX_PATH}:/home/phubadine/turtlebot3_ws/install/turtlebot3_teleop:/home/phubadine/turtlebot3_ws/install/turtlebot3_example:/opt/ros/humble /usr/bin/cmake --install /home/phubadine/turtlebot3_ws/build/dynamixel_sdk
[0.597s] -- Install configuration: ""
[0.597s] -- Execute custom install script
[0.599s] -- Up-to-date symlink: /home/phubadine/turtlebot3_ws/install/dynamixel_sdk/include//dynamixel_sdk/dynamixel_sdk.h
[0.599s] -- Up-to-date symlink: /home/phubadine/turtlebot3_ws/install/dynamixel_sdk/include//dynamixel_sdk/group_bulk_read.h
[0.600s] -- Up-to-date symlink: /home/phubadine/turtlebot3_ws/install/dynamixel_sdk/include//dynamixel_sdk/group_bulk_write.h
[0.600s] -- Up-to-date symlink: /home/phubadine/turtlebot3_ws/install/dynamixel_sdk/include//dynamixel_sdk/group_sync_read.h
[0.601s] -- Up-to-date symlink: /home/phubadine/turtlebot3_ws/install/dynamixel_sdk/include//dynamixel_sdk/group_sync_write.h
[0.601s] -- Up-to-date symlink: /home/phubadine/turtlebot3_ws/install/dynamixel_sdk/include//dynamixel_sdk/packet_handler.h
[0.601s] -- Up-to-date symlink: /home/phubadine/turtlebot3_ws/install/dynamixel_sdk/include//dynamixel_sdk/port_handler.h
[0.602s] -- Up-to-date symlink: /home/phubadine/turtlebot3_ws/install/dynamixel_sdk/include//dynamixel_sdk/port_handler_arduino.h
[0.602s] -- Up-to-date symlink: /home/phubadine/turtlebot3_ws/install/dynamixel_sdk/include//dynamixel_sdk/port_handler_linux.h
[0.602s] -- Up-to-date symlink: /home/phubadine/turtlebot3_ws/install/dynamixel_sdk/include//dynamixel_sdk/port_handler_mac.h
[0.603s] -- Up-to-date symlink: /home/phubadine/turtlebot3_ws/install/dynamixel_sdk/include//dynamixel_sdk/port_handler_windows.h
[0.603s] -- Up-to-date symlink: /home/phubadine/turtlebot3_ws/install/dynamixel_sdk/include//dynamixel_sdk/protocol1_packet_handler.h
[0.603s] -- Up-to-date symlink: /home/phubadine/turtlebot3_ws/install/dynamixel_sdk/include//dynamixel_sdk/protocol2_packet_handler.h
[0.604s] -- Up-to-date symlink: /home/phubadine/turtlebot3_ws/install/dynamixel_sdk/lib/libdynamixel_sdk.so
[0.604s] -- Up-to-date symlink: /home/phubadine/turtlebot3_ws/install/dynamixel_sdk/share/dynamixel_sdk/environment/library_path.sh
[0.604s] -- Up-to-date symlink: /home/phubadine/turtlebot3_ws/install/dynamixel_sdk/share/dynamixel_sdk/environment/library_path.dsv
[0.604s] -- Up-to-date symlink: /home/phubadine/turtlebot3_ws/install/dynamixel_sdk/share/ament_index/resource_index/package_run_dependencies/dynamixel_sdk
[0.605s] -- Up-to-date symlink: /home/phubadine/turtlebot3_ws/install/dynamixel_sdk/share/ament_index/resource_index/parent_prefix_path/dynamixel_sdk
[0.605s] -- Up-to-date symlink: /home/phubadine/turtlebot3_ws/install/dynamixel_sdk/share/dynamixel_sdk/environment/ament_prefix_path.sh
[0.605s] -- Up-to-date symlink: /home/phubadine/turtlebot3_ws/install/dynamixel_sdk/share/dynamixel_sdk/environment/ament_prefix_path.dsv
[0.606s] -- Up-to-date symlink: /home/phubadine/turtlebot3_ws/install/dynamixel_sdk/share/dynamixel_sdk/environment/path.sh
[0.606s] -- Up-to-date symlink: /home/phubadine/turtlebot3_ws/install/dynamixel_sdk/share/dynamixel_sdk/environment/path.dsv
[0.606s] -- Up-to-date symlink: /home/phubadine/turtlebot3_ws/install/dynamixel_sdk/share/dynamixel_sdk/local_setup.bash
[0.607s] -- Up-to-date symlink: /home/phubadine/turtlebot3_ws/install/dynamixel_sdk/share/dynamixel_sdk/local_setup.sh
[0.607s] -- Up-to-date symlink: /home/phubadine/turtlebot3_ws/install/dynamixel_sdk/share/dynamixel_sdk/local_setup.zsh
[0.608s] -- Up-to-date symlink: /home/phubadine/turtlebot3_ws/install/dynamixel_sdk/share/dynamixel_sdk/local_setup.dsv
[0.608s] -- Symlinking: /home/phubadine/turtlebot3_ws/install/dynamixel_sdk/share/dynamixel_sdk/package.dsv
[0.618s] -- Up-to-date symlink: /home/phubadine/turtlebot3_ws/install/dynamixel_sdk/share/ament_index/resource_index/packages/dynamixel_sdk
[0.618s] -- Up-to-date symlink: /home/phubadine/turtlebot3_ws/install/dynamixel_sdk/share/dynamixel_sdk/cmake/ament_cmake_export_include_directories-extras.cmake
[0.618s] -- Up-to-date symlink: /home/phubadine/turtlebot3_ws/install/dynamixel_sdk/share/dynamixel_sdk/cmake/ament_cmake_export_libraries-extras.cmake
[0.619s] -- Up-to-date symlink: /home/phubadine/turtlebot3_ws/install/dynamixel_sdk/share/dynamixel_sdk/cmake/dynamixel_sdkConfig.cmake
[0.620s] -- Up-to-date symlink: /home/phubadine/turtlebot3_ws/install/dynamixel_sdk/share/dynamixel_sdk/cmake/dynamixel_sdkConfig-version.cmake
[0.621s] -- Up-to-date symlink: /home/phubadine/turtlebot3_ws/install/dynamixel_sdk/share/dynamixel_sdk/package.xml
[0.642s] Invoked command in '/home/phubadine/turtlebot3_ws/build/dynamixel_sdk' returned '0': CMAKE_PREFIX_PATH=${CMAKE_PREFIX_PATH}:/home/phubadine/turtlebot3_ws/install/turtlebot3_teleop:/home/phubadine/turtlebot3_ws/install/turtlebot3_example:/opt/ros/humble /usr/bin/cmake --install /home/phubadine/turtlebot3_ws/build/dynamixel_sdk
