[0.030s] Invoking command in '/home/phubadine/turtlebot3_ws/build/dynamixel_sdk_custom_interfaces': CMAKE_PREFIX_PATH=${CMAKE_PREFIX_PATH}:/home/phubadine/turtlebot3_ws/install/turtlebot3_teleop:/home/phubadine/turtlebot3_ws/install/turtlebot3_example:/opt/ros/humble /usr/bin/cmake --build /home/phubadine/turtlebot3_ws/build/dynamixel_sdk_custom_interfaces -- -j16 -l16
[0.080s] [  2%] Built target dynamixel_sdk_custom_interfaces__cpp
[0.084s] [ 12%] Built target dynamixel_sdk_custom_interfaces__rosidl_generator_c
[0.093s] [ 12%] Built target ament_cmake_python_symlink_dynamixel_sdk_custom_interfaces
[0.125s] [ 33%] Built target dynamixel_sdk_custom_interfaces__rosidl_typesupport_fastrtps_cpp
[0.125s] [ 33%] Built target dynamixel_sdk_custom_interfaces__rosidl_typesupport_introspection_cpp
[0.129s] [ 43%] Built target dynamixel_sdk_custom_interfaces__rosidl_typesupport_cpp
[0.130s] [ 53%] Built target dynamixel_sdk_custom_interfaces__rosidl_typesupport_fastrtps_c
[0.131s] [ 64%] Built target dynamixel_sdk_custom_interfaces__rosidl_typesupport_introspection_c
[0.133s] [ 74%] Built target dynamixel_sdk_custom_interfaces__rosidl_typesupport_c
[0.156s] [ 74%] Built target dynamixel_sdk_custom_interfaces
[0.179s] [ 76%] Built target dynamixel_sdk_custom_interfaces__py
[0.204s] [ 84%] Built target dynamixel_sdk_custom_interfaces__rosidl_generator_py
[0.229s] [ 94%] Built target dynamixel_sdk_custom_interfaces__rosidl_typesupport_fastrtps_c__pyext
[0.230s] [ 94%] Built target dynamixel_sdk_custom_interfaces__rosidl_typesupport_introspection_c__pyext
[0.231s] [100%] Built target dynamixel_sdk_custom_interfaces__rosidl_typesupport_c__pyext
[0.369s] running egg_info
[0.370s] writing dynamixel_sdk_custom_interfaces.egg-info/PKG-INFO
[0.370s] writing dependency_links to dynamixel_sdk_custom_interfaces.egg-info/dependency_links.txt
[0.370s] writing top-level names to dynamixel_sdk_custom_interfaces.egg-info/top_level.txt
[0.373s] reading manifest file 'dynamixel_sdk_custom_interfaces.egg-info/SOURCES.txt'
[0.374s] writing manifest file 'dynamixel_sdk_custom_interfaces.egg-info/SOURCES.txt'
[0.402s] [100%] Built target ament_cmake_python_build_dynamixel_sdk_custom_interfaces_egg
