[0.046s] Invoking command in '/home/phubadine/turtlebot3_ws/build/turtlebot3_gazebo': CMAKE_PREFIX_PATH=${CMAKE_PREFIX_PATH}:/home/phubadine/turtlebot3_ws/install/turtlebot3_teleop:/home/phubadine/turtlebot3_ws/install/turtlebot3_example:/opt/ros/humble /usr/bin/cmake /home/phubadine/turtlebot3_ws/src/turtlebot3_simulations/turtlebot3_gazebo -DCMAKE_INSTALL_PREFIX=/home/phubadine/turtlebot3_ws/install/turtlebot3_gazebo
[0.062s] -- Found ament_cmake: 1.3.8 (/opt/ros/humble/share/ament_cmake/cmake)
[0.278s] -- Override CMake install command with custom implementation using symlinks instead of copying resources
[0.296s] [33mCMake Warning (dev) at /usr/share/cmake-3.22/Modules/FindPackageHandleStandardArgs.cmake:438 (message):
[0.296s]   The package name passed to `find_package_handle_standard_args` (PkgConfig)
[0.296s]   does not match the name of the calling package (gazebo).  This can lead to
[0.296s]   problems in calling code that expects `find_package` result variables
[0.296s]   (e.g., `_FOUND`) to follow a certain pattern.
[0.296s] Call Stack (most recent call first):
[0.296s]   /usr/share/cmake-3.22/Modules/FindPkgConfig.cmake:99 (find_package_handle_standard_args)
[0.296s]   /usr/lib/x86_64-linux-gnu/cmake/gazebo/gazebo-config.cmake:72 (include)
[0.297s]   CMakeLists.txt:23 (find_package)
[0.297s] This warning is for project developers.  Use -Wno-dev to suppress it.
[0.297s] [0m
[0.350s] -- Found DART: /usr/include (Required is at least version "6.6") found components: dart 
[0.390s] -- Found Protobuf: /usr/lib/x86_64-linux-gnu/libprotobuf.so (found version "3.12.4") 
[0.391s] -- Looking for ignition-math6 -- found version 6.15.1
[0.397s] -- Searching for dependencies of ignition-math6
[0.398s] -- Looking for OGRE...
[0.406s] -- Found Ogre Ghadamon (1.9.0)
[0.406s] -- Found OGRE: optimized;/usr/lib/x86_64-linux-gnu/libOgreMain.so;debug;/usr/lib/x86_64-linux-gnu/libOgreMain.so
[0.417s] -- Looking for OGRE_Paging...
[0.417s] -- Found OGRE_Paging: optimized;/usr/lib/x86_64-linux-gnu/libOgrePaging.so;debug;/usr/lib/x86_64-linux-gnu/libOgrePaging.so
[0.417s] -- Looking for OGRE_Terrain...
[0.417s] -- Found OGRE_Terrain: optimized;/usr/lib/x86_64-linux-gnu/libOgreTerrain.so;debug;/usr/lib/x86_64-linux-gnu/libOgreTerrain.so
[0.417s] -- Looking for OGRE_Property...
[0.417s] -- Found OGRE_Property: optimized;/usr/lib/x86_64-linux-gnu/libOgreProperty.so;debug;/usr/lib/x86_64-linux-gnu/libOgreProperty.so
[0.417s] -- Looking for OGRE_RTShaderSystem...
[0.418s] -- Found OGRE_RTShaderSystem: optimized;/usr/lib/x86_64-linux-gnu/libOgreRTShaderSystem.so;debug;/usr/lib/x86_64-linux-gnu/libOgreRTShaderSystem.so
[0.418s] -- Looking for OGRE_Volume...
[0.418s] -- Found OGRE_Volume: optimized;/usr/lib/x86_64-linux-gnu/libOgreVolume.so;debug;/usr/lib/x86_64-linux-gnu/libOgreVolume.so
[0.418s] -- Looking for OGRE_Overlay...
[0.418s] -- Found OGRE_Overlay: optimized;/usr/lib/x86_64-linux-gnu/libOgreOverlay.so;debug;/usr/lib/x86_64-linux-gnu/libOgreOverlay.so
[0.647s] -- Looking for ignition-math6 -- found version 6.15.1
[0.648s] -- Looking for ignition-transport8 -- found version 8.2.1
[0.648s] -- Searching for dependencies of ignition-transport8
[0.680s] -- Found Protobuf: /usr/lib/x86_64-linux-gnu/libprotobuf.so (found suitable version "3.12.4", minimum required is "3") 
[0.698s] -- Config-file not installed for ZeroMQ -- checking for pkg-config
[0.704s] -- Checking for module 'libzmq >= 4'
[0.725s] --   Found libzmq , version 4.3.4
[0.786s] -- Checking for module 'uuid'
[0.806s] --   Found uuid, version 2.37.2
[0.857s] -- Looking for ignition-msgs5 -- found version 5.8.1
[0.858s] -- Searching for dependencies of ignition-msgs5
[0.885s] -- Looking for ignition-math6 -- found version 6.15.1
[0.892s] -- Checking for module 'tinyxml2'
[0.913s] --   Found tinyxml2, version 9.0.0
[0.966s] -- Looking for ignition-msgs5 -- found version 5.8.1
[0.966s] -- Looking for ignition-common3 -- found version 3.14.0
[0.967s] -- Searching for dependencies of ignition-common3
[0.967s] -- Looking for dlfcn.h - found
[0.967s] -- Looking for libdl - found
[0.983s] -- Searching for <ignition-common3> component [graphics]
[0.983s] -- Looking for ignition-common3-graphics -- found version 3.14.0
[0.984s] -- Searching for dependencies of ignition-common3-graphics
[0.984s] -- Looking for ignition-math6 -- found version 6.15.1
[0.985s] -- Looking for ignition-fuel_tools4 -- found version 4.4.0
[0.986s] -- Searching for dependencies of ignition-fuel_tools4
[1.042s] -- Checking for module 'jsoncpp'
[1.063s] --   Found jsoncpp, version 1.9.5
[1.124s] -- Checking for module 'libzip'
[1.146s] --   Found libzip, version 1.7.3
[1.199s] -- Looking for ignition-common3 -- found version 3.14.0
[1.199s] -- Looking for ignition-math6 -- found version 6.15.1
[1.200s] -- Looking for ignition-msgs5 -- found version 5.8.1
[1.221s] -- Configuring incomplete, errors occurred!
[1.222s] See also "/home/phubadine/turtlebot3_ws/build/turtlebot3_gazebo/CMakeFiles/CMakeOutput.log".
[1.222s] [31mCMake Error at CMakeLists.txt:24 (find_package):
[1.222s]   By not providing "Findgazebo_ros_pkgs.cmake" in CMAKE_MODULE_PATH this
[1.222s]   project has asked CMake to find a package configuration file provided by
[1.222s]   "gazebo_ros_pkgs", but CMake did not find one.
[1.222s] 
[1.223s]   Could not find a package configuration file provided by "gazebo_ros_pkgs"
[1.223s]   with any of the following names:
[1.223s] 
[1.223s]     gazebo_ros_pkgsConfig.cmake
[1.224s]     gazebo_ros_pkgs-config.cmake
[1.224s] 
[1.225s]   Add the installation prefix of "gazebo_ros_pkgs" to CMAKE_PREFIX_PATH or
[1.225s]   set "gazebo_ros_pkgs_DIR" to a directory containing one of the above files.
[1.225s]   If "gazebo_ros_pkgs" provides a separate development package or SDK, be
[1.225s]   sure it has been installed.
[1.225s] 
[1.225s] [0m
[1.581s] Invoked command in '/home/phubadine/turtlebot3_ws/build/turtlebot3_gazebo' returned '1': CMAKE_PREFIX_PATH=${CMAKE_PREFIX_PATH}:/home/phubadine/turtlebot3_ws/install/turtlebot3_teleop:/home/phubadine/turtlebot3_ws/install/turtlebot3_example:/opt/ros/humble /usr/bin/cmake /home/phubadine/turtlebot3_ws/src/turtlebot3_simulations/turtlebot3_gazebo -DCMAKE_INSTALL_PREFIX=/home/phubadine/turtlebot3_ws/install/turtlebot3_gazebo
