[0.577s] Invoking command in '/home/phubadine/aexotic_ws/src/mypkg': PYTHONPATH=/home/phubadine/aexotic_ws/build/mypkg/prefix_override:/home/phubadine/aexotic_ws/install/mypkg/lib/python3.10/site-packages:${PYTHONPATH} /usr/bin/python3 -W ignore:setup.py install is deprecated setup.py egg_info --egg-base ../../build/mypkg build --build-base /home/phubadine/aexotic_ws/build/mypkg/build install --record /home/phubadine/aexotic_ws/build/mypkg/install.log --single-version-externally-managed install_data
[0.766s] running egg_info
[0.766s] writing ../../build/mypkg/mypkg.egg-info/PKG-INFO
[0.766s] writing dependency_links to ../../build/mypkg/mypkg.egg-info/dependency_links.txt
[0.766s] writing entry points to ../../build/mypkg/mypkg.egg-info/entry_points.txt
[0.767s] writing requirements to ../../build/mypkg/mypkg.egg-info/requires.txt
[0.767s] writing top-level names to ../../build/mypkg/mypkg.egg-info/top_level.txt
[0.768s] reading manifest file '../../build/mypkg/mypkg.egg-info/SOURCES.txt'
[0.774s] writing manifest file '../../build/mypkg/mypkg.egg-info/SOURCES.txt'
[0.774s] running build
[0.775s] running build_py
[0.775s] running install
[0.775s] running install_lib
[0.776s] running install_data
[0.776s] running install_egg_info
[0.777s] removing '/home/phubadine/aexotic_ws/install/mypkg/lib/python3.10/site-packages/mypkg-0.0.0-py3.10.egg-info' (and everything under it)
[0.778s] Copying ../../build/mypkg/mypkg.egg-info to /home/phubadine/aexotic_ws/install/mypkg/lib/python3.10/site-packages/mypkg-0.0.0-py3.10.egg-info
[0.779s] running install_scripts
[0.793s] Installing first_publisher script to /home/phubadine/aexotic_ws/install/mypkg/lib/mypkg
[0.794s] Installing first_subscription script to /home/phubadine/aexotic_ws/install/mypkg/lib/mypkg
[0.794s] Installing turtlebot_control script to /home/phubadine/aexotic_ws/install/mypkg/lib/mypkg
[0.794s] Installing twist_publisher script to /home/phubadine/aexotic_ws/install/mypkg/lib/mypkg
[0.794s] Installing twist_subscription script to /home/phubadine/aexotic_ws/install/mypkg/lib/mypkg
[0.794s] writing list of installed files to '/home/phubadine/aexotic_ws/build/mypkg/install.log'
[0.811s] Invoked command in '/home/phubadine/aexotic_ws/src/mypkg' returned '0': PYTHONPATH=/home/phubadine/aexotic_ws/build/mypkg/prefix_override:/home/phubadine/aexotic_ws/install/mypkg/lib/python3.10/site-packages:${PYTHONPATH} /usr/bin/python3 -W ignore:setup.py install is deprecated setup.py egg_info --egg-base ../../build/mypkg build --build-base /home/phubadine/aexotic_ws/build/mypkg/build install --record /home/phubadine/aexotic_ws/build/mypkg/install.log --single-version-externally-managed install_data
