[0.048s] Invoking command in '/home/phubadine/turtlebot3_ws/build/turtlebot3_gazebo': CMAKE_PREFIX_PATH=${CMAKE_PREFIX_PATH}:/home/phubadine/turtlebot3_ws/install/turtlebot3_teleop:/home/phubadine/turtlebot3_ws/install/turtlebot3_example:/opt/ros/humble /usr/bin/cmake /home/phubadine/turtlebot3_ws/src/turtlebot3_simulations/turtlebot3_gazebo -DCMAKE_INSTALL_PREFIX=/home/phubadine/turtlebot3_ws/install/turtlebot3_gazebo
[0.073s] -- Found ament_cmake: 1.3.8 (/opt/ros/humble/share/ament_cmake/cmake)
[0.328s] -- Override CMake install command with custom implementation using symlinks instead of copying resources
[0.352s] [33mCMake Warning (dev) at /usr/share/cmake-3.22/Modules/FindPackageHandleStandardArgs.cmake:438 (message):
[0.352s]   The package name passed to `find_package_handle_standard_args` (PkgConfig)
[0.353s]   does not match the name of the calling package (gazebo).  This can lead to
[0.353s]   problems in calling code that expects `find_package` result variables
[0.353s]   (e.g., `_FOUND`) to follow a certain pattern.
[0.353s] Call Stack (most recent call first):
[0.353s]   /usr/share/cmake-3.22/Modules/FindPkgConfig.cmake:99 (find_package_handle_standard_args)
[0.353s]   /usr/lib/x86_64-linux-gnu/cmake/gazebo/gazebo-config.cmake:72 (include)
[0.353s]   CMakeLists.txt:23 (find_package)
[0.353s] This warning is for project developers.  Use -Wno-dev to suppress it.
[0.354s] [0m
[0.403s] -- Found DART: /usr/include (Required is at least version "6.6") found components: dart 
[0.468s] -- Found Protobuf: /usr/lib/x86_64-linux-gnu/libprotobuf.so (found version "3.12.4") 
[0.471s] -- Looking for ignition-math6 -- found version 6.15.1
[0.482s] -- Searching for dependencies of ignition-math6
[0.485s] -- Looking for OGRE...
[0.495s] -- Found Ogre Ghadamon (1.9.0)
[0.496s] -- Found OGRE: optimized;/usr/lib/x86_64-linux-gnu/libOgreMain.so;debug;/usr/lib/x86_64-linux-gnu/libOgreMain.so
[0.512s] -- Looking for OGRE_Paging...
[0.513s] -- Found OGRE_Paging: optimized;/usr/lib/x86_64-linux-gnu/libOgrePaging.so;debug;/usr/lib/x86_64-linux-gnu/libOgrePaging.so
[0.513s] -- Looking for OGRE_Terrain...
[0.513s] -- Found OGRE_Terrain: optimized;/usr/lib/x86_64-linux-gnu/libOgreTerrain.so;debug;/usr/lib/x86_64-linux-gnu/libOgreTerrain.so
[0.513s] -- Looking for OGRE_Property...
[0.513s] -- Found OGRE_Property: optimized;/usr/lib/x86_64-linux-gnu/libOgreProperty.so;debug;/usr/lib/x86_64-linux-gnu/libOgreProperty.so
[0.513s] -- Looking for OGRE_RTShaderSystem...
[0.513s] -- Found OGRE_RTShaderSystem: optimized;/usr/lib/x86_64-linux-gnu/libOgreRTShaderSystem.so;debug;/usr/lib/x86_64-linux-gnu/libOgreRTShaderSystem.so
[0.513s] -- Looking for OGRE_Volume...
[0.513s] -- Found OGRE_Volume: optimized;/usr/lib/x86_64-linux-gnu/libOgreVolume.so;debug;/usr/lib/x86_64-linux-gnu/libOgreVolume.so
[0.514s] -- Looking for OGRE_Overlay...
[0.514s] -- Found OGRE_Overlay: optimized;/usr/lib/x86_64-linux-gnu/libOgreOverlay.so;debug;/usr/lib/x86_64-linux-gnu/libOgreOverlay.so
[0.862s] -- Looking for ignition-math6 -- found version 6.15.1
[0.863s] -- Looking for ignition-transport8 -- found version 8.2.1
[0.863s] -- Searching for dependencies of ignition-transport8
[0.892s] -- Found Protobuf: /usr/lib/x86_64-linux-gnu/libprotobuf.so (found suitable version "3.12.4", minimum required is "3") 
[0.913s] -- Config-file not installed for ZeroMQ -- checking for pkg-config
[0.919s] -- Checking for module 'libzmq >= 4'
[0.945s] --   Found libzmq , version 4.3.4
[1.012s] -- Checking for module 'uuid'
[1.038s] --   Found uuid, version 2.37.2
[1.098s] -- Looking for ignition-msgs5 -- found version 5.8.1
[1.099s] -- Searching for dependencies of ignition-msgs5
[1.128s] -- Looking for ignition-math6 -- found version 6.15.1
[1.136s] -- Checking for module 'tinyxml2'
[1.159s] --   Found tinyxml2, version 9.0.0
[1.219s] -- Looking for ignition-msgs5 -- found version 5.8.1
[1.219s] -- Looking for ignition-common3 -- found version 3.14.0
[1.220s] -- Searching for dependencies of ignition-common3
[1.220s] -- Looking for dlfcn.h - found
[1.220s] -- Looking for libdl - found
[1.236s] -- Searching for <ignition-common3> component [graphics]
[1.237s] -- Looking for ignition-common3-graphics -- found version 3.14.0
[1.238s] -- Searching for dependencies of ignition-common3-graphics
[1.238s] -- Looking for ignition-math6 -- found version 6.15.1
[1.240s] -- Looking for ignition-fuel_tools4 -- found version 4.4.0
[1.241s] -- Searching for dependencies of ignition-fuel_tools4
[1.299s] -- Checking for module 'jsoncpp'
[1.323s] --   Found jsoncpp, version 1.9.5
[1.387s] -- Checking for module 'libzip'
[1.412s] --   Found libzip, version 1.7.3
[1.467s] -- Looking for ignition-common3 -- found version 3.14.0
[1.467s] -- Looking for ignition-math6 -- found version 6.15.1
[1.468s] -- Looking for ignition-msgs5 -- found version 5.8.1
[1.489s] [31mCMake Error at CMakeLists.txt:24 (find_package):
[1.490s]   By not providing "Findgazebo_ros_pkgs.cmake" in CMAKE_MODULE_PATH this
[1.490s]   project has asked CMake to find a package configuration file provided by
[1.490s]   "gazebo_ros_pkgs", but CMake did not find one.
[1.490s] 
[1.490s]   Could not find a package configuration file provided by "gazebo_ros_pkgs"
[1.490s]   with any of the following names:
[1.490s] 
[1.490s]     gazebo_ros_pkgsConfig.cmake
[1.490s]     gazebo_ros_pkgs-config.cmake
[1.490s] 
[1.491s]   Add the installation prefix of "gazebo_ros_pkgs" to CMAKE_PREFIX_PATH or
[1.491s]   set "gazebo_ros_pkgs_DIR" to a directory containing one of the above files.
[1.491s]   If "gazebo_ros_pkgs" provides a separate development package or SDK, be
[1.491s]   sure it has been installed.
[1.491s] 
[1.491s] [0m
[1.491s] -- Configuring incomplete, errors occurred!
[1.491s] See also "/home/phubadine/turtlebot3_ws/build/turtlebot3_gazebo/CMakeFiles/CMakeOutput.log".
[1.502s] Invoked command in '/home/phubadine/turtlebot3_ws/build/turtlebot3_gazebo' returned '1': CMAKE_PREFIX_PATH=${CMAKE_PREFIX_PATH}:/home/phubadine/turtlebot3_ws/install/turtlebot3_teleop:/home/phubadine/turtlebot3_ws/install/turtlebot3_example:/opt/ros/humble /usr/bin/cmake /home/phubadine/turtlebot3_ws/src/turtlebot3_simulations/turtlebot3_gazebo -DCMAKE_INSTALL_PREFIX=/home/phubadine/turtlebot3_ws/install/turtlebot3_gazebo
