[0.028s] Invoking command in '/home/phubadine/turtlebot3_ws/build/turtlebot3_description': CMAKE_PREFIX_PATH=/opt/ros/humble /usr/bin/cmake /home/phubadine/turtlebot3_ws/src/turtlebot3/turtlebot3_description -DAMENT_CMAKE_SYMLINK_INSTALL=1 -DCMAKE_INSTALL_PREFIX=/home/phubadine/turtlebot3_ws/install/turtlebot3_description
[0.059s] -- Found ament_cmake: 1.3.8 (/opt/ros/humble/share/ament_cmake/cmake)
[0.202s] -- Found Python3: /usr/bin/python3 (found version "3.10.12") found components: Interpreter 
[0.272s] -- Override CMake install command with custom implementation using symlinks instead of copying resources
[0.312s] -- Found urdf: 2.6.0 (/opt/ros/humble/share/urdf/cmake)
[0.447s] -- Configuring done
[0.452s] -- Generating done
[0.453s] -- Build files have been written to: /home/phubadine/turtlebot3_ws/build/turtlebot3_description
[0.467s] Invoked command in '/home/phubadine/turtlebot3_ws/build/turtlebot3_description' returned '0': CMAKE_PREFIX_PATH=/opt/ros/humble /usr/bin/cmake /home/phubadine/turtlebot3_ws/src/turtlebot3/turtlebot3_description -DAMENT_CMAKE_SYMLINK_INSTALL=1 -DCMAKE_INSTALL_PREFIX=/home/phubadine/turtlebot3_ws/install/turtlebot3_description
[0.469s] Invoking command in '/home/phubadine/turtlebot3_ws/build/turtlebot3_description': CMAKE_PREFIX_PATH=/opt/ros/humble /usr/bin/cmake --build /home/phubadine/turtlebot3_ws/build/turtlebot3_description -- -j16 -l16
[0.533s] Invoked command in '/home/phubadine/turtlebot3_ws/build/turtlebot3_description' returned '0': CMAKE_PREFIX_PATH=/opt/ros/humble /usr/bin/cmake --build /home/phubadine/turtlebot3_ws/build/turtlebot3_description -- -j16 -l16
[0.572s] Invoking command in '/home/phubadine/turtlebot3_ws/build/turtlebot3_description': CMAKE_PREFIX_PATH=/opt/ros/humble /usr/bin/cmake --install /home/phubadine/turtlebot3_ws/build/turtlebot3_description
[0.582s] -- Install configuration: ""
[0.583s] -- Execute custom install script
[0.584s] -- Symlinking: /home/phubadine/turtlebot3_ws/install/turtlebot3_description/share/turtlebot3_description/meshes/bases/burger_base.stl
[0.598s] -- Symlinking: /home/phubadine/turtlebot3_ws/install/turtlebot3_description/share/turtlebot3_description/meshes/bases/waffle_base.stl
[0.613s] -- Symlinking: /home/phubadine/turtlebot3_ws/install/turtlebot3_description/share/turtlebot3_description/meshes/bases/waffle_pi_base.stl
[0.627s] -- Symlinking: /home/phubadine/turtlebot3_ws/install/turtlebot3_description/share/turtlebot3_description/meshes/sensors/astra.dae
[0.639s] -- Symlinking: /home/phubadine/turtlebot3_ws/install/turtlebot3_description/share/turtlebot3_description/meshes/sensors/astra.jpg
[0.652s] -- Symlinking: /home/phubadine/turtlebot3_ws/install/turtlebot3_description/share/turtlebot3_description/meshes/sensors/lds.stl
[0.667s] -- Symlinking: /home/phubadine/turtlebot3_ws/install/turtlebot3_description/share/turtlebot3_description/meshes/sensors/r200.dae
[0.681s] -- Symlinking: /home/phubadine/turtlebot3_ws/install/turtlebot3_description/share/turtlebot3_description/meshes/sensors/r200.jpg
[0.697s] -- Symlinking: /home/phubadine/turtlebot3_ws/install/turtlebot3_description/share/turtlebot3_description/meshes/wheels/left_tire.stl
[0.707s] -- Symlinking: /home/phubadine/turtlebot3_ws/install/turtlebot3_description/share/turtlebot3_description/meshes/wheels/right_tire.stl
[0.718s] -- Symlinking: /home/phubadine/turtlebot3_ws/install/turtlebot3_description/share/turtlebot3_description/rviz/model.rviz
[0.729s] -- Symlinking: /home/phubadine/turtlebot3_ws/install/turtlebot3_description/share/turtlebot3_description/urdf/common_properties.urdf
[0.739s] -- Symlinking: /home/phubadine/turtlebot3_ws/install/turtlebot3_description/share/turtlebot3_description/urdf/turtlebot3_burger.urdf
[0.751s] -- Symlinking: /home/phubadine/turtlebot3_ws/install/turtlebot3_description/share/turtlebot3_description/urdf/turtlebot3_waffle.urdf
[0.761s] -- Symlinking: /home/phubadine/turtlebot3_ws/install/turtlebot3_description/share/turtlebot3_description/urdf/turtlebot3_waffle_pi.urdf
[0.777s] -- Symlinking: /home/phubadine/turtlebot3_ws/install/turtlebot3_description/share/ament_index/resource_index/package_run_dependencies/turtlebot3_description
[0.790s] -- Symlinking: /home/phubadine/turtlebot3_ws/install/turtlebot3_description/share/ament_index/resource_index/parent_prefix_path/turtlebot3_description
[0.803s] -- Symlinking: /home/phubadine/turtlebot3_ws/install/turtlebot3_description/share/turtlebot3_description/environment/ament_prefix_path.sh
[0.813s] -- Symlinking: /home/phubadine/turtlebot3_ws/install/turtlebot3_description/share/turtlebot3_description/environment/ament_prefix_path.dsv
[0.825s] -- Symlinking: /home/phubadine/turtlebot3_ws/install/turtlebot3_description/share/turtlebot3_description/environment/path.sh
[0.836s] -- Symlinking: /home/phubadine/turtlebot3_ws/install/turtlebot3_description/share/turtlebot3_description/environment/path.dsv
[0.848s] -- Symlinking: /home/phubadine/turtlebot3_ws/install/turtlebot3_description/share/turtlebot3_description/local_setup.bash
[0.859s] -- Symlinking: /home/phubadine/turtlebot3_ws/install/turtlebot3_description/share/turtlebot3_description/local_setup.sh
[0.870s] -- Symlinking: /home/phubadine/turtlebot3_ws/install/turtlebot3_description/share/turtlebot3_description/local_setup.zsh
[0.881s] -- Symlinking: /home/phubadine/turtlebot3_ws/install/turtlebot3_description/share/turtlebot3_description/local_setup.dsv
[0.892s] -- Symlinking: /home/phubadine/turtlebot3_ws/install/turtlebot3_description/share/turtlebot3_description/package.dsv
[0.903s] -- Symlinking: /home/phubadine/turtlebot3_ws/install/turtlebot3_description/share/ament_index/resource_index/packages/turtlebot3_description
[0.915s] -- Symlinking: /home/phubadine/turtlebot3_ws/install/turtlebot3_description/share/turtlebot3_description/cmake/turtlebot3_descriptionConfig.cmake
[0.927s] -- Symlinking: /home/phubadine/turtlebot3_ws/install/turtlebot3_description/share/turtlebot3_description/cmake/turtlebot3_descriptionConfig-version.cmake
[0.939s] -- Symlinking: /home/phubadine/turtlebot3_ws/install/turtlebot3_description/share/turtlebot3_description/package.xml
[0.952s] Invoked command in '/home/phubadine/turtlebot3_ws/build/turtlebot3_description' returned '0': CMAKE_PREFIX_PATH=/opt/ros/humble /usr/bin/cmake --install /home/phubadine/turtlebot3_ws/build/turtlebot3_description
