[0.017s] Invoking command in '/home/phubadine/turtlebot3_ws/build/turtlebot3_navigation2': /usr/bin/cmake /home/phubadine/turtlebot3_ws/src/turtlebot3/turtlebot3_navigation2 -DAMENT_CMAKE_SYMLINK_INSTALL=1 -DCMAKE_INSTALL_PREFIX=/home/phubadine/turtlebot3_ws/install/turtlebot3_navigation2
[0.136s] -- The C compiler identification is GNU 11.4.0
[0.221s] -- The CXX compiler identification is GNU 11.4.0
[0.229s] -- Detecting C compiler ABI info
[0.297s] -- Detecting C compiler ABI info - done
[0.308s] -- Check for working C compiler: /usr/bin/cc - skipped
[0.309s] -- Detecting C compile features
[0.309s] -- Detecting C compile features - done
[0.313s] -- Detecting CXX compiler ABI info
[0.387s] -- Detecting CXX compiler ABI info - done
[0.399s] -- Check for working CXX compiler: /usr/bin/c++ - skipped
[0.399s] -- Detecting CXX compile features
[0.401s] -- Detecting CXX compile features - done
[0.417s] [31mCMake Error at CMakeLists.txt:14 (find_package):
[0.417s]   By not providing "Findament_cmake.cmake" in CMAKE_MODULE_PATH this project
[0.418s]   has asked CMake to find a package configuration file provided by
[0.418s]   "ament_cmake", but CMake did not find one.
[0.418s] 
[0.418s]   Could not find a package configuration file provided by "ament_cmake" with
[0.418s]   any of the following names:
[0.418s] 
[0.418s]     ament_cmakeConfig.cmake
[0.418s]     ament_cmake-config.cmake
[0.418s] 
[0.419s]   Add the installation prefix of "ament_cmake" to CMAKE_PREFIX_PATH or set
[0.419s]   "ament_cmake_DIR" to a directory containing one of the above files.  If
[0.419s]   "ament_cmake" provides a separate development package or SDK, be sure it
[0.419s]   has been installed.
[0.419s] 
[0.419s] [0m
[0.419s] -- Configuring incomplete, errors occurred!
[0.419s] See also "/home/phubadine/turtlebot3_ws/build/turtlebot3_navigation2/CMakeFiles/CMakeOutput.log".
