[0.030s] Invoking command in '/home/phubadine/turtlebot3_ws/build/dynamixel_sdk_custom_interfaces': CMAKE_PREFIX_PATH=${CMAKE_PREFIX_PATH}:/home/phubadine/turtlebot3_ws/install/turtlebot3_teleop:/home/phubadine/turtlebot3_ws/install/turtlebot3_example:/opt/ros/humble /usr/bin/cmake --build /home/phubadine/turtlebot3_ws/build/dynamixel_sdk_custom_interfaces -- -j16 -l16
[0.081s] [  2%] Built target dynamixel_sdk_custom_interfaces__cpp
[0.086s] [ 12%] Built target dynamixel_sdk_custom_interfaces__rosidl_generator_c
[0.087s] [ 12%] Built target ament_cmake_python_symlink_dynamixel_sdk_custom_interfaces
[0.115s] [ 23%] Built target dynamixel_sdk_custom_interfaces__rosidl_typesupport_cpp
[0.115s] [ 33%] Built target dynamixel_sdk_custom_interfaces__rosidl_typesupport_fastrtps_cpp
[0.115s] [ 43%] Built target dynamixel_sdk_custom_interfaces__rosidl_typesupport_introspection_cpp
[0.132s] [ 64%] Built target dynamixel_sdk_custom_interfaces__rosidl_typesupport_c
[0.132s] [ 64%] Built target dynamixel_sdk_custom_interfaces__rosidl_typesupport_introspection_c
[0.133s] [ 74%] Built target dynamixel_sdk_custom_interfaces__rosidl_typesupport_fastrtps_c
[0.154s] [ 74%] Built target dynamixel_sdk_custom_interfaces
[0.175s] [ 76%] Built target dynamixel_sdk_custom_interfaces__py
[0.199s] [ 84%] Built target dynamixel_sdk_custom_interfaces__rosidl_generator_py
[0.225s] [ 94%] Built target dynamixel_sdk_custom_interfaces__rosidl_typesupport_c__pyext
[0.225s] [ 94%] Built target dynamixel_sdk_custom_interfaces__rosidl_typesupport_introspection_c__pyext
[0.227s] [100%] Built target dynamixel_sdk_custom_interfaces__rosidl_typesupport_fastrtps_c__pyext
[0.361s] running egg_info
[0.362s] writing dynamixel_sdk_custom_interfaces.egg-info/PKG-INFO
[0.362s] writing dependency_links to dynamixel_sdk_custom_interfaces.egg-info/dependency_links.txt
[0.362s] writing top-level names to dynamixel_sdk_custom_interfaces.egg-info/top_level.txt
[0.364s] reading manifest file 'dynamixel_sdk_custom_interfaces.egg-info/SOURCES.txt'
[0.364s] writing manifest file 'dynamixel_sdk_custom_interfaces.egg-info/SOURCES.txt'
[0.392s] [100%] Built target ament_cmake_python_build_dynamixel_sdk_custom_interfaces_egg
