[0.798s] Invoking command in '/home/phubadine/aexotic_ws/src/mypkg': PYTHONPATH=/home/phubadine/aexotic_ws/build/mypkg/prefix_override:/home/phubadine/aexotic_ws/install/mypkg/lib/python3.10/site-packages:${PYTHONPATH} /usr/bin/python3 -W ignore:setup.py install is deprecated setup.py egg_info --egg-base ../../build/mypkg build --build-base /home/phubadine/aexotic_ws/build/mypkg/build install --record /home/phubadine/aexotic_ws/build/mypkg/install.log --single-version-externally-managed install_data
[1.086s] running egg_info
[1.087s] writing ../../build/mypkg/mypkg.egg-info/PKG-INFO
[1.087s] writing dependency_links to ../../build/mypkg/mypkg.egg-info/dependency_links.txt
[1.087s] writing entry points to ../../build/mypkg/mypkg.egg-info/entry_points.txt
[1.087s] writing requirements to ../../build/mypkg/mypkg.egg-info/requires.txt
[1.087s] writing top-level names to ../../build/mypkg/mypkg.egg-info/top_level.txt
[1.089s] reading manifest file '../../build/mypkg/mypkg.egg-info/SOURCES.txt'
[1.090s] writing manifest file '../../build/mypkg/mypkg.egg-info/SOURCES.txt'
[1.091s] running build
[1.091s] running build_py
[1.091s] copying mypkg/turtle_control.py -> /home/phubadine/aexotic_ws/build/mypkg/build/lib/mypkg
[1.091s] running install
[1.092s] running install_lib
[1.092s] copying /home/phubadine/aexotic_ws/build/mypkg/build/lib/mypkg/turtle_control.py -> /home/phubadine/aexotic_ws/install/mypkg/lib/python3.10/site-packages/mypkg
[1.093s] byte-compiling /home/phubadine/aexotic_ws/install/mypkg/lib/python3.10/site-packages/mypkg/turtle_control.py to turtle_control.cpython-310.pyc
[1.094s] running install_data
[1.094s] running install_egg_info
[1.097s] removing '/home/phubadine/aexotic_ws/install/mypkg/lib/python3.10/site-packages/mypkg-0.0.0-py3.10.egg-info' (and everything under it)
[1.097s] Copying ../../build/mypkg/mypkg.egg-info to /home/phubadine/aexotic_ws/install/mypkg/lib/python3.10/site-packages/mypkg-0.0.0-py3.10.egg-info
[1.099s] running install_scripts
[1.121s] Installing first_publisher script to /home/phubadine/aexotic_ws/install/mypkg/lib/mypkg
[1.122s] Installing first_subscription script to /home/phubadine/aexotic_ws/install/mypkg/lib/mypkg
[1.122s] Installing twist_publisher script to /home/phubadine/aexotic_ws/install/mypkg/lib/mypkg
[1.122s] Installing twist_subscription script to /home/phubadine/aexotic_ws/install/mypkg/lib/mypkg
[1.122s] writing list of installed files to '/home/phubadine/aexotic_ws/build/mypkg/install.log'
[1.165s] Invoked command in '/home/phubadine/aexotic_ws/src/mypkg' returned '0': PYTHONPATH=/home/phubadine/aexotic_ws/build/mypkg/prefix_override:/home/phubadine/aexotic_ws/install/mypkg/lib/python3.10/site-packages:${PYTHONPATH} /usr/bin/python3 -W ignore:setup.py install is deprecated setup.py egg_info --egg-base ../../build/mypkg build --build-base /home/phubadine/aexotic_ws/build/mypkg/build install --record /home/phubadine/aexotic_ws/build/mypkg/install.log --single-version-externally-managed install_data
