[0.041s] Invoking command in '/home/phubadine/turtlebot3_ws/build/turtlebot3_navigation2': CMAKE_PREFIX_PATH=${CMAKE_PREFIX_PATH}:/home/phubadine/turtlebot3_ws/install/turtlebot3_teleop:/home/phubadine/turtlebot3_ws/install/turtlebot3_example:/opt/ros/humble /usr/bin/cmake --build /home/phubadine/turtlebot3_ws/build/turtlebot3_navigation2 -- -j16 -l16
[0.066s] -- Found ament_cmake: 1.3.8 (/opt/ros/humble/share/ament_cmake/cmake)
[0.250s] -- Override CMake install command with custom implementation using symlinks instead of copying resources
[0.263s] -- Found rclpy: 3.3.12 (/opt/ros/humble/share/rclpy/cmake)
[0.351s] -- Configuring done
[0.355s] -- Generating done
[0.356s] -- Build files have been written to: /home/phubadine/turtlebot3_ws/build/turtlebot3_navigation2
[0.477s] Invoked command in '/home/phubadine/turtlebot3_ws/build/turtlebot3_navigation2' returned '0': CMAKE_PREFIX_PATH=${CMAKE_PREFIX_PATH}:/home/phubadine/turtlebot3_ws/install/turtlebot3_teleop:/home/phubadine/turtlebot3_ws/install/turtlebot3_example:/opt/ros/humble /usr/bin/cmake --build /home/phubadine/turtlebot3_ws/build/turtlebot3_navigation2 -- -j16 -l16
[0.522s] Invoking command in '/home/phubadine/turtlebot3_ws/build/turtlebot3_navigation2': CMAKE_PREFIX_PATH=${CMAKE_PREFIX_PATH}:/home/phubadine/turtlebot3_ws/install/turtlebot3_teleop:/home/phubadine/turtlebot3_ws/install/turtlebot3_example:/opt/ros/humble /usr/bin/cmake --install /home/phubadine/turtlebot3_ws/build/turtlebot3_navigation2
[0.532s] -- Install configuration: ""
[0.533s] -- Execute custom install script
[0.535s] -- Up-to-date symlink: /home/phubadine/turtlebot3_ws/install/turtlebot3_navigation2/share/turtlebot3_navigation2/launch/navigation2.launch.py
[0.536s] -- Up-to-date symlink: /home/phubadine/turtlebot3_ws/install/turtlebot3_navigation2/share/turtlebot3_navigation2/map/map.pgm
[0.536s] -- Up-to-date symlink: /home/phubadine/turtlebot3_ws/install/turtlebot3_navigation2/share/turtlebot3_navigation2/map/map.yaml
[0.536s] -- Up-to-date symlink: /home/phubadine/turtlebot3_ws/install/turtlebot3_navigation2/share/turtlebot3_navigation2/param/burger.yaml
[0.536s] -- Up-to-date symlink: /home/phubadine/turtlebot3_ws/install/turtlebot3_navigation2/share/turtlebot3_navigation2/param/waffle.yaml
[0.536s] -- Up-to-date symlink: /home/phubadine/turtlebot3_ws/install/turtlebot3_navigation2/share/turtlebot3_navigation2/param/waffle_pi.yaml
[0.536s] -- Up-to-date symlink: /home/phubadine/turtlebot3_ws/install/turtlebot3_navigation2/share/turtlebot3_navigation2/rviz/tb3_navigation2.rviz
[0.537s] -- Up-to-date symlink: /home/phubadine/turtlebot3_ws/install/turtlebot3_navigation2/share/ament_index/resource_index/package_run_dependencies/turtlebot3_navigation2
[0.537s] -- Up-to-date symlink: /home/phubadine/turtlebot3_ws/install/turtlebot3_navigation2/share/ament_index/resource_index/parent_prefix_path/turtlebot3_navigation2
[0.537s] -- Up-to-date symlink: /home/phubadine/turtlebot3_ws/install/turtlebot3_navigation2/share/turtlebot3_navigation2/environment/ament_prefix_path.sh
[0.537s] -- Up-to-date symlink: /home/phubadine/turtlebot3_ws/install/turtlebot3_navigation2/share/turtlebot3_navigation2/environment/ament_prefix_path.dsv
[0.541s] -- Up-to-date symlink: /home/phubadine/turtlebot3_ws/install/turtlebot3_navigation2/share/turtlebot3_navigation2/environment/path.sh
[0.541s] -- Up-to-date symlink: /home/phubadine/turtlebot3_ws/install/turtlebot3_navigation2/share/turtlebot3_navigation2/environment/path.dsv
[0.541s] -- Up-to-date symlink: /home/phubadine/turtlebot3_ws/install/turtlebot3_navigation2/share/turtlebot3_navigation2/local_setup.bash
[0.543s] -- Up-to-date symlink: /home/phubadine/turtlebot3_ws/install/turtlebot3_navigation2/share/turtlebot3_navigation2/local_setup.sh
[0.543s] -- Up-to-date symlink: /home/phubadine/turtlebot3_ws/install/turtlebot3_navigation2/share/turtlebot3_navigation2/local_setup.zsh
[0.543s] -- Up-to-date symlink: /home/phubadine/turtlebot3_ws/install/turtlebot3_navigation2/share/turtlebot3_navigation2/local_setup.dsv
[0.543s] -- Symlinking: /home/phubadine/turtlebot3_ws/install/turtlebot3_navigation2/share/turtlebot3_navigation2/package.dsv
[0.551s] -- Up-to-date symlink: /home/phubadine/turtlebot3_ws/install/turtlebot3_navigation2/share/ament_index/resource_index/packages/turtlebot3_navigation2
[0.552s] -- Up-to-date symlink: /home/phubadine/turtlebot3_ws/install/turtlebot3_navigation2/share/turtlebot3_navigation2/cmake/turtlebot3_navigation2Config.cmake
[0.552s] -- Up-to-date symlink: /home/phubadine/turtlebot3_ws/install/turtlebot3_navigation2/share/turtlebot3_navigation2/cmake/turtlebot3_navigation2Config-version.cmake
[0.552s] -- Up-to-date symlink: /home/phubadine/turtlebot3_ws/install/turtlebot3_navigation2/share/turtlebot3_navigation2/package.xml
[0.552s] -- Up-to-date symlink: /home/phubadine/turtlebot3_ws/install/turtlebot3_navigation2/lib/turtlebot3_navigation2/single_goal_nav.py
[0.553s] -- Up-to-date symlink: /home/phubadine/turtlebot3_ws/install/turtlebot3_navigation2/lib/turtlebot3_navigation2/multi_waypoint.py
[0.577s] Invoked command in '/home/phubadine/turtlebot3_ws/build/turtlebot3_navigation2' returned '0': CMAKE_PREFIX_PATH=${CMAKE_PREFIX_PATH}:/home/phubadine/turtlebot3_ws/install/turtlebot3_teleop:/home/phubadine/turtlebot3_ws/install/turtlebot3_example:/opt/ros/humble /usr/bin/cmake --install /home/phubadine/turtlebot3_ws/build/turtlebot3_navigation2
