[0.019s] Invoking command in '/home/phubadine/turtlebot3_ws/build/dynamixel_sdk_examples': CMAKE_PREFIX_PATH=/home/phubadine/turtlebot3_ws/install/dynamixel_sdk_custom_interfaces:/home/phubadine/turtlebot3_ws/install/dynamixel_sdk:/home/phubadine/turtlebot3_ws/install/turtlebot3:/home/phubadine/turtlebot3_ws/install/turtlebot3_simulations:/home/phubadine/turtlebot3_ws/install/turtlebot3_bringup:/home/phubadine/turtlebot3_ws/install/turtlebot3_node:/home/phubadine/turtlebot3_ws/install/turtlebot3_navigation2:/home/phubadine/turtlebot3_ws/install/turtlebot3_fake_node:/home/phubadine/turtlebot3_ws/install/turtlebot3_msgs:/home/phubadine/turtlebot3_ws/install/turtlebot3_gazebo:/home/phubadine/turtlebot3_ws/install/turtlebot3_description:/home/phubadine/turtlebot3_ws/install/turtlebot3_cartographer:/home/phubadine/turtlebot3_ws/install/dynamixel_sdk_examples:/home/phubadine/turtlebot3_ws/install/turtlebot3_teleop:/home/phubadine/turtlebot3_ws/install/turtlebot3_example:/opt/ros/humble LD_LIBRARY_PATH=/home/phubadine/turtlebot3_ws/install/dynamixel_sdk_custom_interfaces/lib:/home/phubadine/turtlebot3_ws/install/dynamixel_sdk/lib:/home/phubadine/turtlebot3_ws/install/turtlebot3_msgs/lib:/opt/ros/humble/opt/rviz_ogre_vendor/lib:/opt/ros/humble/lib/x86_64-linux-gnu:/opt/ros/humble/lib /usr/bin/cmake /home/phubadine/turtlebot3_ws/src/DynamixelSDK/dynamixel_sdk_examples -DCMAKE_INSTALL_PREFIX=/home/phubadine/turtlebot3_ws/install/dynamixel_sdk_examples
[0.035s] -- Found ament_cmake: 1.3.8 (/opt/ros/humble/share/ament_cmake/cmake)
[0.189s] -- Override CMake install command with custom implementation using symlinks instead of copying resources
[0.198s] -- Found dynamixel_sdk: 3.7.60 (/home/phubadine/turtlebot3_ws/install/dynamixel_sdk/share/dynamixel_sdk/cmake)
[0.200s] -- Found dynamixel_sdk_custom_interfaces: 3.7.60 (/home/phubadine/turtlebot3_ws/install/dynamixel_sdk_custom_interfaces/share/dynamixel_sdk_custom_interfaces/cmake)
[0.243s] -- Found rosidl_generator_c: 3.1.5 (/opt/ros/humble/share/rosidl_generator_c/cmake)
[0.245s] -- Found rosidl_adapter: 3.1.5 (/opt/ros/humble/share/rosidl_adapter/cmake)
[0.257s] -- Found rosidl_generator_cpp: 3.1.5 (/opt/ros/humble/share/rosidl_generator_cpp/cmake)
[0.275s] -- Using all available rosidl_typesupport_c: rosidl_typesupport_fastrtps_c;rosidl_typesupport_introspection_c
[0.323s] -- Using all available rosidl_typesupport_cpp: rosidl_typesupport_fastrtps_cpp;rosidl_typesupport_introspection_cpp
[0.399s] -- Found rclcpp: 16.0.8 (/opt/ros/humble/share/rclcpp/cmake)
[0.470s] -- Found rmw_implementation_cmake: 6.1.1 (/opt/ros/humble/share/rmw_implementation_cmake/cmake)
[0.473s] -- Found rmw_cyclonedds_cpp: 1.3.4 (/opt/ros/humble/share/rmw_cyclonedds_cpp/cmake)
[0.515s] -- Using RMW implementation 'rmw_cyclonedds_cpp' as default
[0.717s] -- Found ament_lint_auto: 0.12.10 (/opt/ros/humble/share/ament_lint_auto/cmake)
[0.880s] -- Added test 'copyright' to check source files copyright and LICENSE
[0.902s] -- Added test 'cppcheck' to perform static code analysis on C / C++ code
[0.903s] -- Configured cppcheck include dirs: /home/phubadine/turtlebot3_ws/src/DynamixelSDK/dynamixel_sdk_examples/include
[0.903s] -- Configured cppcheck exclude dirs and/or files: 
[0.904s] -- Added test 'cpplint' to check C / C++ code against the Google style
[0.904s] -- Configured cpplint exclude dirs and/or files: 
[0.905s] -- Added test 'lint_cmake' to check CMake code style
[0.907s] -- Added test 'uncrustify' to check C / C++ code style
[0.907s] -- Configured uncrustify additional arguments: 
[0.908s] -- Added test 'xmllint' to check XML markup files
[0.910s] -- Configuring done
[0.929s] -- Generating done
[0.931s] -- Build files have been written to: /home/phubadine/turtlebot3_ws/build/dynamixel_sdk_examples
