[0.373s] Invoking command in '/home/phubadine/turtlebot3_ws/build/turtlebot3_fake_node': CMAKE_PREFIX_PATH=/home/phubadine/turtlebot3_ws/install/turtlebot3_msgs:/home/phubadine/turtlebot3_ws/install/turtlebot3:/home/phubadine/turtlebot3_ws/install/turtlebot3_simulations:/home/phubadine/turtlebot3_ws/install/turtlebot3_bringup:/home/phubadine/turtlebot3_ws/install/turtlebot3_node:/home/phubadine/turtlebot3_ws/install/turtlebot3_navigation2:/home/phubadine/turtlebot3_ws/install/turtlebot3_fake_node:/home/phubadine/turtlebot3_ws/install/turtlebot3_gazebo:/home/phubadine/turtlebot3_ws/install/turtlebot3_description:/home/phubadine/turtlebot3_ws/install/turtlebot3_cartographer:/home/phubadine/turtlebot3_ws/install/dynamixel_sdk_examples:/home/phubadine/turtlebot3_ws/install/dynamixel_sdk_custom_interfaces:/home/phubadine/turtlebot3_ws/install/dynamixel_sdk:/home/phubadine/turtlebot3_ws/install/turtlebot3_teleop:/home/phubadine/turtlebot3_ws/install/turtlebot3_example:/opt/ros/humble /usr/bin/cmake /home/phubadine/turtlebot3_ws/src/turtlebot3_simulations/turtlebot3_fake_node -DCMAKE_INSTALL_PREFIX=/home/phubadine/turtlebot3_ws/install/turtlebot3_fake_node
[0.384s] -- Found ament_cmake: 1.3.8 (/opt/ros/humble/share/ament_cmake/cmake)
[0.544s] -- Override CMake install command with custom implementation using symlinks instead of copying resources
[0.553s] -- Found geometry_msgs: 4.2.3 (/opt/ros/humble/share/geometry_msgs/cmake)
[0.585s] -- Found rosidl_generator_c: 3.1.5 (/opt/ros/humble/share/rosidl_generator_c/cmake)
[0.588s] -- Found rosidl_adapter: 3.1.5 (/opt/ros/humble/share/rosidl_adapter/cmake)
[0.597s] -- Found rosidl_generator_cpp: 3.1.5 (/opt/ros/humble/share/rosidl_generator_cpp/cmake)
[0.612s] -- Using all available rosidl_typesupport_c: rosidl_typesupport_fastrtps_c;rosidl_typesupport_introspection_c
[0.632s] -- Using all available rosidl_typesupport_cpp: rosidl_typesupport_fastrtps_cpp;rosidl_typesupport_introspection_cpp
[0.772s] -- Found nav_msgs: 4.2.3 (/opt/ros/humble/share/nav_msgs/cmake)
[0.874s] -- Found rclcpp: 16.0.8 (/opt/ros/humble/share/rclcpp/cmake)
[0.933s] -- Found rmw_implementation_cmake: 6.1.1 (/opt/ros/humble/share/rmw_implementation_cmake/cmake)
[0.936s] -- Found rmw_cyclonedds_cpp: 1.3.4 (/opt/ros/humble/share/rmw_cyclonedds_cpp/cmake)
[0.971s] -- Using RMW implementation 'rmw_cyclonedds_cpp' as default
[1.120s] -- Found sensor_msgs: 4.2.3 (/opt/ros/humble/share/sensor_msgs/cmake)
[1.211s] -- Found tf2: 0.25.6 (/opt/ros/humble/share/tf2/cmake)
[1.220s] -- Found tf2_msgs: 0.25.6 (/opt/ros/humble/share/tf2_msgs/cmake)
[1.387s] -- Found turtlebot3_msgs: 2.2.3 (/home/phubadine/turtlebot3_ws/install/turtlebot3_msgs/share/turtlebot3_msgs/cmake)
[1.562s] -- Configuring done
[1.600s] -- Generating done
[1.602s] -- Build files have been written to: /home/phubadine/turtlebot3_ws/build/turtlebot3_fake_node
