[0.036s] Invoking command in '/home/phubadine/turtlebot3_ws/build/turtlebot3_msgs': CMAKE_PREFIX_PATH=${CMAKE_PREFIX_PATH}:/home/phubadine/turtlebot3_ws/install/turtlebot3_teleop:/home/phubadine/turtlebot3_ws/install/turtlebot3_example:/opt/ros/humble /usr/bin/cmake --build /home/phubadine/turtlebot3_ws/build/turtlebot3_msgs -- -j16 -l16
[0.088s] [  2%] Built target turtlebot3_msgs__cpp
[0.088s] [ 12%] Built target turtlebot3_msgs__rosidl_generator_c
[0.100s] [ 12%] Built target ament_cmake_python_symlink_turtlebot3_msgs
[0.120s] [ 23%] Built target turtlebot3_msgs__rosidl_typesupport_introspection_c
[0.122s] [ 35%] Built target turtlebot3_msgs__rosidl_typesupport_c
[0.123s] [ 46%] Built target turtlebot3_msgs__rosidl_typesupport_cpp
[0.125s] [ 57%] Built target turtlebot3_msgs__rosidl_typesupport_fastrtps_cpp
[0.134s] [ 69%] Built target turtlebot3_msgs__rosidl_typesupport_introspection_cpp
[0.135s] [ 80%] Built target turtlebot3_msgs__rosidl_typesupport_fastrtps_c
[0.159s] [ 80%] Built target turtlebot3_msgs
[0.182s] [ 81%] Built target turtlebot3_msgs__py
[0.206s] [ 91%] Built target turtlebot3_msgs__rosidl_generator_py
[0.227s] [ 94%] Built target turtlebot3_msgs__rosidl_typesupport_fastrtps_c__pyext
[0.228s] [ 97%] Built target turtlebot3_msgs__rosidl_typesupport_introspection_c__pyext
[0.229s] [100%] Built target turtlebot3_msgs__rosidl_typesupport_c__pyext
[0.345s] running egg_info
[0.346s] writing turtlebot3_msgs.egg-info/PKG-INFO
[0.346s] writing dependency_links to turtlebot3_msgs.egg-info/dependency_links.txt
[0.346s] writing top-level names to turtlebot3_msgs.egg-info/top_level.txt
[0.351s] reading manifest file 'turtlebot3_msgs.egg-info/SOURCES.txt'
[0.351s] writing manifest file 'turtlebot3_msgs.egg-info/SOURCES.txt'
[0.386s] [100%] Built target ament_cmake_python_build_turtlebot3_msgs_egg
