[0.016s] Invoking command in '/home/phubadine/turtlebot3_ws/build/turtlebot3_cartographer': /usr/bin/cmake /home/phubadine/turtlebot3_ws/src/turtlebot3/turtlebot3_cartographer -DAMENT_CMAKE_SYMLINK_INSTALL=1 -DCMAKE_INSTALL_PREFIX=/home/phubadine/turtlebot3_ws/install/turtlebot3_cartographer
[0.137s] -- The C compiler identification is GNU 11.4.0
[0.222s] -- The CXX compiler identification is GNU 11.4.0
[0.230s] -- Detecting C compiler ABI info
[0.298s] -- Detecting C compiler ABI info - done
[0.303s] -- Check for working C compiler: /usr/bin/cc - skipped
[0.304s] -- Detecting C compile features
[0.304s] -- Detecting C compile features - done
[0.307s] -- Detecting CXX compiler ABI info
[0.380s] -- Detecting CXX compiler ABI info - done
[0.388s] -- Check for working CXX compiler: /usr/bin/c++ - skipped
[0.388s] -- Detecting CXX compile features
[0.389s] -- Detecting CXX compile features - done
[0.402s] [31mCMake Error at CMakeLists.txt:14 (find_package):
[0.402s]   By not providing "Findament_cmake.cmake" in CMAKE_MODULE_PATH this project
[0.402s]   has asked CMake to find a package configuration file provided by
[0.402s]   "ament_cmake", but CMake did not find one.
[0.403s] 
[0.403s]   Could not find a package configuration file provided by "ament_cmake" with
[0.403s]   any of the following names:
[0.403s] 
[0.403s]     ament_cmakeConfig.cmake
[0.403s]     ament_cmake-config.cmake
[0.403s] 
[0.403s]   Add the installation prefix of "ament_cmake" to CMAKE_PREFIX_PATH or set
[0.403s]   "ament_cmake_DIR" to a directory containing one of the above files.  If
[0.403s]   "ament_cmake" provides a separate development package or SDK, be sure it
[0.403s]   has been installed.
[0.403s] 
[0.403s] [0m
[0.403s] -- Configuring incomplete, errors occurred!
[0.403s] See also "/home/phubadine/turtlebot3_ws/build/turtlebot3_cartographer/CMakeFiles/CMakeOutput.log".
[0.406s] Invoked command in '/home/phubadine/turtlebot3_ws/build/turtlebot3_cartographer' returned '1': /usr/bin/cmake /home/phubadine/turtlebot3_ws/src/turtlebot3/turtlebot3_cartographer -DAMENT_CMAKE_SYMLINK_INSTALL=1 -DCMAKE_INSTALL_PREFIX=/home/phubadine/turtlebot3_ws/install/turtlebot3_cartographer
