[0.015s] Invoking command in '/home/phubadine/turtlebot3_ws/build/dynamixel_sdk_custom_interfaces': /usr/bin/cmake /home/phubadine/turtlebot3_ws/src/DynamixelSDK/dynamixel_sdk_custom_interfaces -DAMENT_CMAKE_SYMLINK_INSTALL=1 -DCMAKE_INSTALL_PREFIX=/home/phubadine/turtlebot3_ws/install/dynamixel_sdk_custom_interfaces
[0.139s] -- The C compiler identification is GNU 11.4.0
[0.223s] -- The CXX compiler identification is GNU 11.4.0
[0.231s] -- Detecting C compiler ABI info
[0.299s] -- Detecting C compiler ABI info - done
[0.305s] -- Check for working C compiler: /usr/bin/cc - skipped
[0.305s] -- Detecting C compile features
[0.306s] -- Detecting C compile features - done
[0.308s] -- Detecting CXX compiler ABI info
[0.382s] -- Detecting CXX compiler ABI info - done
[0.389s] -- Check for working CXX compiler: /usr/bin/c++ - skipped
[0.389s] -- Detecting CXX compile features
[0.389s] -- Detecting CXX compile features - done
[0.402s] [31mCMake Error at CMakeLists.txt:14 (find_package):
[0.402s]   By not providing "Findament_cmake.cmake" in CMAKE_MODULE_PATH this project
[0.403s]   has asked CMake to find a package configuration file provided by
[0.403s]   "ament_cmake", but CMake did not find one.
[0.403s] 
[0.403s]   Could not find a package configuration file provided by "ament_cmake" with
[0.403s]   any of the following names:
[0.403s] 
[0.403s]     ament_cmakeConfig.cmake
[0.403s]     ament_cmake-config.cmake
[0.403s] 
[0.403s]   Add the installation prefix of "ament_cmake" to CMAKE_PREFIX_PATH or set
[0.403s]   "ament_cmake_DIR" to a directory containing one of the above files.  If
[0.403s]   "ament_cmake" provides a separate development package or SDK, be sure it
[0.403s]   has been installed.
[0.403s] 
[0.404s] [0m
[0.404s] -- Configuring incomplete, errors occurred!
[0.404s] See also "/home/phubadine/turtlebot3_ws/build/dynamixel_sdk_custom_interfaces/CMakeFiles/CMakeOutput.log".
[0.409s] Invoked command in '/home/phubadine/turtlebot3_ws/build/dynamixel_sdk_custom_interfaces' returned '1': /usr/bin/cmake /home/phubadine/turtlebot3_ws/src/DynamixelSDK/dynamixel_sdk_custom_interfaces -DAMENT_CMAKE_SYMLINK_INSTALL=1 -DCMAKE_INSTALL_PREFIX=/home/phubadine/turtlebot3_ws/install/dynamixel_sdk_custom_interfaces
