[0.043s] Invoking command in '/home/phubadine/turtlebot3_ws/build/turtlebot3_gazebo': CMAKE_PREFIX_PATH=${CMAKE_PREFIX_PATH}:/home/phubadine/turtlebot3_ws/install/turtlebot3_teleop:/home/phubadine/turtlebot3_ws/install/turtlebot3_example:/opt/ros/humble /usr/bin/cmake /home/phubadine/turtlebot3_ws/src/turtlebot3_simulations/turtlebot3_gazebo -DCMAKE_INSTALL_PREFIX=/home/phubadine/turtlebot3_ws/install/turtlebot3_gazebo
[0.059s] -- Found ament_cmake: 1.3.8 (/opt/ros/humble/share/ament_cmake/cmake)
[0.248s] -- Override CMake install command with custom implementation using symlinks instead of copying resources
[0.267s] [33mCMake Warning (dev) at /usr/share/cmake-3.22/Modules/FindPackageHandleStandardArgs.cmake:438 (message):
[0.268s]   The package name passed to `find_package_handle_standard_args` (PkgConfig)
[0.268s]   does not match the name of the calling package (gazebo).  This can lead to
[0.268s]   problems in calling code that expects `find_package` result variables
[0.268s]   (e.g., `_FOUND`) to follow a certain pattern.
[0.269s] Call Stack (most recent call first):
[0.269s]   /usr/share/cmake-3.22/Modules/FindPkgConfig.cmake:99 (find_package_handle_standard_args)
[0.269s]   /usr/lib/x86_64-linux-gnu/cmake/gazebo/gazebo-config.cmake:72 (include)
[0.269s]   CMakeLists.txt:23 (find_package)
[0.269s] This warning is for project developers.  Use -Wno-dev to suppress it.
[0.269s] [0m
[0.305s] -- Found DART: /usr/include (Required is at least version "6.6") found components: dart 
[0.344s] -- Found Protobuf: /usr/lib/x86_64-linux-gnu/libprotobuf.so (found version "3.12.4") 
[0.346s] -- Looking for ignition-math6 -- found version 6.15.1
[0.352s] -- Searching for dependencies of ignition-math6
[0.353s] -- Looking for OGRE...
[0.362s] -- Found Ogre Ghadamon (1.9.0)
[0.362s] -- Found OGRE: optimized;/usr/lib/x86_64-linux-gnu/libOgreMain.so;debug;/usr/lib/x86_64-linux-gnu/libOgreMain.so
[0.376s] -- Looking for OGRE_Paging...
[0.376s] -- Found OGRE_Paging: optimized;/usr/lib/x86_64-linux-gnu/libOgrePaging.so;debug;/usr/lib/x86_64-linux-gnu/libOgrePaging.so
[0.376s] -- Looking for OGRE_Terrain...
[0.376s] -- Found OGRE_Terrain: optimized;/usr/lib/x86_64-linux-gnu/libOgreTerrain.so;debug;/usr/lib/x86_64-linux-gnu/libOgreTerrain.so
[0.376s] -- Looking for OGRE_Property...
[0.376s] -- Found OGRE_Property: optimized;/usr/lib/x86_64-linux-gnu/libOgreProperty.so;debug;/usr/lib/x86_64-linux-gnu/libOgreProperty.so
[0.377s] -- Looking for OGRE_RTShaderSystem...
[0.377s] -- Found OGRE_RTShaderSystem: optimized;/usr/lib/x86_64-linux-gnu/libOgreRTShaderSystem.so;debug;/usr/lib/x86_64-linux-gnu/libOgreRTShaderSystem.so
[0.377s] -- Looking for OGRE_Volume...
[0.377s] -- Found OGRE_Volume: optimized;/usr/lib/x86_64-linux-gnu/libOgreVolume.so;debug;/usr/lib/x86_64-linux-gnu/libOgreVolume.so
[0.377s] -- Looking for OGRE_Overlay...
[0.377s] -- Found OGRE_Overlay: optimized;/usr/lib/x86_64-linux-gnu/libOgreOverlay.so;debug;/usr/lib/x86_64-linux-gnu/libOgreOverlay.so
[0.610s] -- Looking for ignition-math6 -- found version 6.15.1
[0.611s] -- Looking for ignition-transport8 -- found version 8.2.1
[0.611s] -- Searching for dependencies of ignition-transport8
[0.639s] -- Found Protobuf: /usr/lib/x86_64-linux-gnu/libprotobuf.so (found suitable version "3.12.4", minimum required is "3") 
[0.660s] -- Config-file not installed for ZeroMQ -- checking for pkg-config
[0.665s] -- Checking for module 'libzmq >= 4'
[0.686s] --   Found libzmq , version 4.3.4
[0.747s] -- Checking for module 'uuid'
[0.767s] --   Found uuid, version 2.37.2
[0.816s] -- Looking for ignition-msgs5 -- found version 5.8.1
[0.816s] -- Searching for dependencies of ignition-msgs5
[0.844s] -- Looking for ignition-math6 -- found version 6.15.1
[0.852s] -- Checking for module 'tinyxml2'
[0.871s] --   Found tinyxml2, version 9.0.0
[0.923s] -- Looking for ignition-msgs5 -- found version 5.8.1
[0.924s] -- Looking for ignition-common3 -- found version 3.14.0
[0.924s] -- Searching for dependencies of ignition-common3
[0.925s] -- Looking for dlfcn.h - found
[0.925s] -- Looking for libdl - found
[0.939s] -- Searching for <ignition-common3> component [graphics]
[0.940s] -- Looking for ignition-common3-graphics -- found version 3.14.0
[0.941s] -- Searching for dependencies of ignition-common3-graphics
[0.941s] -- Looking for ignition-math6 -- found version 6.15.1
[0.943s] -- Looking for ignition-fuel_tools4 -- found version 4.4.0
[0.943s] -- Searching for dependencies of ignition-fuel_tools4
[1.003s] -- Checking for module 'jsoncpp'
[1.025s] --   Found jsoncpp, version 1.9.5
[1.091s] -- Checking for module 'libzip'
[1.116s] --   Found libzip, version 1.7.3
[1.176s] -- Looking for ignition-common3 -- found version 3.14.0
[1.176s] -- Looking for ignition-math6 -- found version 6.15.1
[1.177s] -- Looking for ignition-msgs5 -- found version 5.8.1
[1.197s] [31mCMake Error at CMakeLists.txt:24 (find_package):
[1.198s]   By not providing "Findgazebo_ros_pkgs.cmake" in CMAKE_MODULE_PATH this
[1.198s]   project has asked CMake to find a package configuration file provided by
[1.198s]   "gazebo_ros_pkgs", but CMake did not find one.
[1.198s] 
[1.198s]   Could not find a package configuration file provided by "gazebo_ros_pkgs"
[1.198s]   with any of the following names:
[1.198s] 
[1.199s]     gazebo_ros_pkgsConfig.cmake
[1.199s]     gazebo_ros_pkgs-config.cmake
[1.199s] 
[1.199s]   Add the installation prefix of "gazebo_ros_pkgs" to CMAKE_PREFIX_PATH or
[1.199s]   set "gazebo_ros_pkgs_DIR" to a directory containing one of the above files.
[1.199s]   If "gazebo_ros_pkgs" provides a separate development package or SDK, be
[1.200s]   sure it has been installed.
[1.200s] 
[1.200s] [0m
[1.200s] -- Configuring incomplete, errors occurred!
[1.200s] See also "/home/phubadine/turtlebot3_ws/build/turtlebot3_gazebo/CMakeFiles/CMakeOutput.log".
[1.245s] Invoked command in '/home/phubadine/turtlebot3_ws/build/turtlebot3_gazebo' returned '1': CMAKE_PREFIX_PATH=${CMAKE_PREFIX_PATH}:/home/phubadine/turtlebot3_ws/install/turtlebot3_teleop:/home/phubadine/turtlebot3_ws/install/turtlebot3_example:/opt/ros/humble /usr/bin/cmake /home/phubadine/turtlebot3_ws/src/turtlebot3_simulations/turtlebot3_gazebo -DCMAKE_INSTALL_PREFIX=/home/phubadine/turtlebot3_ws/install/turtlebot3_gazebo
