[0.030s] Invoking command in '/home/phubadine/turtlebot3_ws/build/turtlebot3_navigation2': CMAKE_PREFIX_PATH=${CMAKE_PREFIX_PATH}:/home/phubadine/turtlebot3_ws/install/turtlebot3_teleop:/home/phubadine/turtlebot3_ws/install/turtlebot3_example:/opt/ros/humble /usr/bin/cmake --build /home/phubadine/turtlebot3_ws/build/turtlebot3_navigation2 -- -j16 -l16
[0.049s] -- Found ament_cmake: 1.3.8 (/opt/ros/humble/share/ament_cmake/cmake)
[0.192s] -- Override CMake install command with custom implementation using symlinks instead of copying resources
[0.201s] -- Found rclpy: 3.3.12 (/opt/ros/humble/share/rclpy/cmake)
[0.265s] -- Configuring done
[0.268s] -- Generating done
[0.269s] -- Build files have been written to: /home/phubadine/turtlebot3_ws/build/turtlebot3_navigation2
[0.319s] Invoked command in '/home/phubadine/turtlebot3_ws/build/turtlebot3_navigation2' returned '0': CMAKE_PREFIX_PATH=${CMAKE_PREFIX_PATH}:/home/phubadine/turtlebot3_ws/install/turtlebot3_teleop:/home/phubadine/turtlebot3_ws/install/turtlebot3_example:/opt/ros/humble /usr/bin/cmake --build /home/phubadine/turtlebot3_ws/build/turtlebot3_navigation2 -- -j16 -l16
[0.356s] Invoking command in '/home/phubadine/turtlebot3_ws/build/turtlebot3_navigation2': CMAKE_PREFIX_PATH=${CMAKE_PREFIX_PATH}:/home/phubadine/turtlebot3_ws/install/turtlebot3_teleop:/home/phubadine/turtlebot3_ws/install/turtlebot3_example:/opt/ros/humble /usr/bin/cmake --install /home/phubadine/turtlebot3_ws/build/turtlebot3_navigation2
[0.363s] -- Install configuration: ""
[0.369s] -- Execute custom install script
[0.370s] -- Up-to-date symlink: /home/phubadine/turtlebot3_ws/install/turtlebot3_navigation2/share/turtlebot3_navigation2/launch/navigation2.launch.py
[0.370s] -- Up-to-date symlink: /home/phubadine/turtlebot3_ws/install/turtlebot3_navigation2/share/turtlebot3_navigation2/map/map.pgm
[0.370s] -- Up-to-date symlink: /home/phubadine/turtlebot3_ws/install/turtlebot3_navigation2/share/turtlebot3_navigation2/map/map.yaml
[0.371s] -- Up-to-date symlink: /home/phubadine/turtlebot3_ws/install/turtlebot3_navigation2/share/turtlebot3_navigation2/param/burger.yaml
[0.373s] -- Up-to-date symlink: /home/phubadine/turtlebot3_ws/install/turtlebot3_navigation2/share/turtlebot3_navigation2/param/waffle.yaml
[0.373s] -- Up-to-date symlink: /home/phubadine/turtlebot3_ws/install/turtlebot3_navigation2/share/turtlebot3_navigation2/param/waffle_pi.yaml
[0.374s] -- Up-to-date symlink: /home/phubadine/turtlebot3_ws/install/turtlebot3_navigation2/share/turtlebot3_navigation2/rviz/tb3_navigation2.rviz
[0.374s] -- Up-to-date symlink: /home/phubadine/turtlebot3_ws/install/turtlebot3_navigation2/share/ament_index/resource_index/package_run_dependencies/turtlebot3_navigation2
[0.374s] -- Up-to-date symlink: /home/phubadine/turtlebot3_ws/install/turtlebot3_navigation2/share/ament_index/resource_index/parent_prefix_path/turtlebot3_navigation2
[0.374s] -- Up-to-date symlink: /home/phubadine/turtlebot3_ws/install/turtlebot3_navigation2/share/turtlebot3_navigation2/environment/ament_prefix_path.sh
[0.374s] -- Up-to-date symlink: /home/phubadine/turtlebot3_ws/install/turtlebot3_navigation2/share/turtlebot3_navigation2/environment/ament_prefix_path.dsv
[0.374s] -- Up-to-date symlink: /home/phubadine/turtlebot3_ws/install/turtlebot3_navigation2/share/turtlebot3_navigation2/environment/path.sh
[0.374s] -- Up-to-date symlink: /home/phubadine/turtlebot3_ws/install/turtlebot3_navigation2/share/turtlebot3_navigation2/environment/path.dsv
[0.374s] -- Up-to-date symlink: /home/phubadine/turtlebot3_ws/install/turtlebot3_navigation2/share/turtlebot3_navigation2/local_setup.bash
[0.375s] -- Up-to-date symlink: /home/phubadine/turtlebot3_ws/install/turtlebot3_navigation2/share/turtlebot3_navigation2/local_setup.sh
[0.375s] -- Up-to-date symlink: /home/phubadine/turtlebot3_ws/install/turtlebot3_navigation2/share/turtlebot3_navigation2/local_setup.zsh
[0.375s] -- Up-to-date symlink: /home/phubadine/turtlebot3_ws/install/turtlebot3_navigation2/share/turtlebot3_navigation2/local_setup.dsv
[0.375s] -- Symlinking: /home/phubadine/turtlebot3_ws/install/turtlebot3_navigation2/share/turtlebot3_navigation2/package.dsv
[0.392s] -- Up-to-date symlink: /home/phubadine/turtlebot3_ws/install/turtlebot3_navigation2/share/ament_index/resource_index/packages/turtlebot3_navigation2
[0.392s] -- Up-to-date symlink: /home/phubadine/turtlebot3_ws/install/turtlebot3_navigation2/share/turtlebot3_navigation2/cmake/turtlebot3_navigation2Config.cmake
[0.392s] -- Up-to-date symlink: /home/phubadine/turtlebot3_ws/install/turtlebot3_navigation2/share/turtlebot3_navigation2/cmake/turtlebot3_navigation2Config-version.cmake
[0.392s] -- Up-to-date symlink: /home/phubadine/turtlebot3_ws/install/turtlebot3_navigation2/share/turtlebot3_navigation2/package.xml
[0.392s] -- Up-to-date symlink: /home/phubadine/turtlebot3_ws/install/turtlebot3_navigation2/lib/turtlebot3_navigation2/single_goal_nav.py
[0.409s] Invoked command in '/home/phubadine/turtlebot3_ws/build/turtlebot3_navigation2' returned '0': CMAKE_PREFIX_PATH=${CMAKE_PREFIX_PATH}:/home/phubadine/turtlebot3_ws/install/turtlebot3_teleop:/home/phubadine/turtlebot3_ws/install/turtlebot3_example:/opt/ros/humble /usr/bin/cmake --install /home/phubadine/turtlebot3_ws/build/turtlebot3_navigation2
