[0.024s] Invoking command in '/home/phubadine/turtlebot3_ws/build/turtlebot3_gazebo': CMAKE_PREFIX_PATH=/opt/ros/humble /usr/bin/cmake /home/phubadine/turtlebot3_ws/src/turtlebot3_simulations/turtlebot3_gazebo -DAMENT_CMAKE_SYMLINK_INSTALL=1 -DCMAKE_INSTALL_PREFIX=/home/phubadine/turtlebot3_ws/install/turtlebot3_gazebo
[0.126s] -- The C compiler identification is GNU 11.4.0
[0.215s] -- The CXX compiler identification is GNU 11.4.0
[0.223s] -- Detecting C compiler ABI info
[0.301s] -- Detecting C compiler ABI info - done
[0.307s] -- Check for working C compiler: /usr/bin/cc - skipped
[0.307s] -- Detecting C compile features
[0.308s] -- Detecting C compile features - done
[0.311s] -- Detecting CXX compiler ABI info
[0.390s] -- Detecting CXX compiler ABI info - done
[0.396s] -- Check for working CXX compiler: /usr/bin/c++ - skipped
[0.397s] -- Detecting CXX compile features
[0.397s] -- Detecting CXX compile features - done
[0.399s] -- Found ament_cmake: 1.3.8 (/opt/ros/humble/share/ament_cmake/cmake)
[0.608s] -- Found Python3: /usr/bin/python3 (found version "3.10.12") found components: Interpreter 
[0.688s] -- Override CMake install command with custom implementation using symlinks instead of copying resources
[0.733s] [33mCMake Warning (dev) at /usr/share/cmake-3.22/Modules/FindPackageHandleStandardArgs.cmake:438 (message):
[0.733s]   The package name passed to `find_package_handle_standard_args` (PkgConfig)
[0.733s]   does not match the name of the calling package (gazebo).  This can lead to
[0.733s]   problems in calling code that expects `find_package` result variables
[0.733s]   (e.g., `_FOUND`) to follow a certain pattern.
[0.733s] Call Stack (most recent call first):
[0.733s]   /usr/share/cmake-3.22/Modules/FindPkgConfig.cmake:99 (find_package_handle_standard_args)
[0.733s]   /usr/lib/x86_64-linux-gnu/cmake/gazebo/gazebo-config.cmake:72 (include)
[0.734s]   CMakeLists.txt:23 (find_package)
[0.734s] This warning is for project developers.  Use -Wno-dev to suppress it.
[0.734s] [0m
[0.734s] -- Found PkgConfig: /usr/bin/pkg-config (found version "0.29.2") 
[0.739s] -- Checking for module 'bullet>=2.82'
[0.758s] --   Found bullet, version 3.05
[0.930s] -- Found fcl: /usr/include (found suitable version "0.7.0", minimum required is "0.5.0") 
[0.993s] -- Found assimp: /usr/include (found version "5.2.0") 
[1.020s] -- Found DART: /usr/include (Required is at least version "6.6") found components: dart 
[1.196s] -- Found Boost: /usr/lib/x86_64-linux-gnu/cmake/Boost-1.74.0/BoostConfig.cmake (found suitable version "1.74.0", minimum required is "1.40.0") found components: thread system filesystem program_options regex iostreams date_time 
[1.217s] -- Found Protobuf: /usr/lib/x86_64-linux-gnu/libprotobuf.so (found version "3.12.4") 
[1.223s] -- Looking for ignition-math6 -- found version 6.15.1
[1.231s] -- Searching for dependencies of ignition-math6
[1.233s] -- Looking for OGRE...
[1.233s] -- OGRE_PREFIX_WATCH changed.
[1.238s] -- Checking for module 'OGRE'
[1.251s] --   Found OGRE, version 1.9.0
[1.287s] -- Found Ogre Ghadamon (1.9.0)
[1.297s] -- Found OGRE: optimized;/usr/lib/x86_64-linux-gnu/libOgreMain.so;debug;/usr/lib/x86_64-linux-gnu/libOgreMain.so
[1.305s] -- Looking for OGRE_Paging...
[1.311s] -- Found OGRE_Paging: optimized;/usr/lib/x86_64-linux-gnu/libOgrePaging.so;debug;/usr/lib/x86_64-linux-gnu/libOgrePaging.so
[1.311s] -- Looking for OGRE_Terrain...
[1.316s] -- Found OGRE_Terrain: optimized;/usr/lib/x86_64-linux-gnu/libOgreTerrain.so;debug;/usr/lib/x86_64-linux-gnu/libOgreTerrain.so
[1.316s] -- Looking for OGRE_Property...
[1.320s] -- Found OGRE_Property: optimized;/usr/lib/x86_64-linux-gnu/libOgreProperty.so;debug;/usr/lib/x86_64-linux-gnu/libOgreProperty.so
[1.320s] -- Looking for OGRE_RTShaderSystem...
[1.323s] -- Found OGRE_RTShaderSystem: optimized;/usr/lib/x86_64-linux-gnu/libOgreRTShaderSystem.so;debug;/usr/lib/x86_64-linux-gnu/libOgreRTShaderSystem.so
[1.324s] -- Looking for OGRE_Volume...
[1.327s] -- Found OGRE_Volume: optimized;/usr/lib/x86_64-linux-gnu/libOgreVolume.so;debug;/usr/lib/x86_64-linux-gnu/libOgreVolume.so
[1.327s] -- Looking for OGRE_Overlay...
[1.331s] -- Found OGRE_Overlay: optimized;/usr/lib/x86_64-linux-gnu/libOgreOverlay.so;debug;/usr/lib/x86_64-linux-gnu/libOgreOverlay.so
[1.422s] -- Looking for ignition-math6 -- found version 6.15.1
[1.424s] -- Looking for ignition-transport8 -- found version 8.2.1
[1.424s] -- Searching for dependencies of ignition-transport8
[1.443s] -- Found Protobuf: /usr/lib/x86_64-linux-gnu/libprotobuf.so (found suitable version "3.12.4", minimum required is "3") 
[1.455s] -- Config-file not installed for ZeroMQ -- checking for pkg-config
[1.460s] -- Checking for module 'libzmq >= 4'
[1.477s] --   Found libzmq , version 4.3.4
[1.523s] -- Found ZeroMQ: TRUE (Required is at least version "4") 
[1.530s] -- Checking for module 'uuid'
[1.545s] --   Found uuid, version 2.37.2
[1.587s] -- Found UUID: TRUE  
[1.590s] -- Looking for ignition-msgs5 -- found version 5.8.1
[1.591s] -- Searching for dependencies of ignition-msgs5
[1.613s] -- Looking for ignition-math6 -- found version 6.15.1
[1.620s] -- Checking for module 'tinyxml2'
[1.636s] --   Found tinyxml2, version 9.0.0
[1.678s] -- Looking for ignition-msgs5 -- found version 5.8.1
[1.682s] -- Looking for ignition-common3 -- found version 3.14.0
[1.682s] -- Searching for dependencies of ignition-common3
[1.682s] -- Looking for dlfcn.h - found
[1.683s] -- Looking for libdl - found
[1.685s] -- Found DL: TRUE  
[1.697s] -- Found tinyobjloader: /usr/lib/x86_64-linux-gnu/cmake/tinyobjloader/tinyobjloader-config.cmake (found version "2.0.0") 
[1.698s] -- Searching for <ignition-common3> component [graphics]
[1.700s] -- Looking for ignition-common3-graphics -- found version 3.14.0
[1.701s] -- Searching for dependencies of ignition-common3-graphics
[1.701s] -- Looking for ignition-math6 -- found version 6.15.1
[1.705s] -- Looking for ignition-fuel_tools4 -- found version 4.4.0
[1.705s] -- Searching for dependencies of ignition-fuel_tools4
[1.804s] -- Found CURL: /usr/lib/x86_64-linux-gnu/libcurl.so (found version "7.81.0")  
[1.816s] -- Checking for module 'jsoncpp'
[1.832s] --   Found jsoncpp, version 1.9.5
[1.873s] -- Found JSONCPP: TRUE  
[1.881s] -- Checking for module 'libzip'
[1.899s] --   Found libzip, version 1.7.3
[1.947s] -- Found ZIP: TRUE  
[1.948s] -- Looking for ignition-common3 -- found version 3.14.0
[1.948s] -- Looking for ignition-math6 -- found version 6.15.1
[1.949s] -- Looking for ignition-msgs5 -- found version 5.8.1
[1.959s] -- Found gazebo_ros_pkgs: 3.7.0 (/opt/ros/humble/share/gazebo_ros_pkgs/cmake)
[1.962s] -- Found geometry_msgs: 4.2.3 (/opt/ros/humble/share/geometry_msgs/cmake)
[2.016s] -- Found rosidl_generator_c: 3.1.5 (/opt/ros/humble/share/rosidl_generator_c/cmake)
[2.025s] -- Found rosidl_adapter: 3.1.5 (/opt/ros/humble/share/rosidl_adapter/cmake)
[2.040s] -- Found rosidl_generator_cpp: 3.1.5 (/opt/ros/humble/share/rosidl_generator_cpp/cmake)
[2.065s] -- Using all available rosidl_typesupport_c: rosidl_typesupport_fastrtps_c;rosidl_typesupport_introspection_c
[2.100s] -- Using all available rosidl_typesupport_cpp: rosidl_typesupport_fastrtps_cpp;rosidl_typesupport_introspection_cpp
[2.336s] -- Found nav_msgs: 4.2.3 (/opt/ros/humble/share/nav_msgs/cmake)
[2.504s] -- Found rclcpp: 16.0.8 (/opt/ros/humble/share/rclcpp/cmake)
[2.628s] -- Found rmw_implementation_cmake: 6.1.1 (/opt/ros/humble/share/rmw_implementation_cmake/cmake)
[2.632s] -- Found rmw_fastrtps_cpp: 6.2.6 (/opt/ros/humble/share/rmw_fastrtps_cpp/cmake)
[2.767s] -- Found OpenSSL: /usr/lib/x86_64-linux-gnu/libcrypto.so (found version "3.0.2")  
[2.796s] -- Found FastRTPS: /opt/ros/humble/include  
[2.852s] -- Using RMW implementation 'rmw_fastrtps_cpp' as default
[2.863s] -- Found Threads: TRUE  
[2.994s] -- Found sensor_msgs: 4.2.3 (/opt/ros/humble/share/sensor_msgs/cmake)
[3.085s] -- Found tf2: 0.25.6 (/opt/ros/humble/share/tf2/cmake)
[3.176s] -- Configuring done
[3.231s] -- Generating done
[3.234s] -- Build files have been written to: /home/phubadine/turtlebot3_ws/build/turtlebot3_gazebo
[3.250s] Invoked command in '/home/phubadine/turtlebot3_ws/build/turtlebot3_gazebo' returned '0': CMAKE_PREFIX_PATH=/opt/ros/humble /usr/bin/cmake /home/phubadine/turtlebot3_ws/src/turtlebot3_simulations/turtlebot3_gazebo -DAMENT_CMAKE_SYMLINK_INSTALL=1 -DCMAKE_INSTALL_PREFIX=/home/phubadine/turtlebot3_ws/install/turtlebot3_gazebo
[3.252s] Invoking command in '/home/phubadine/turtlebot3_ws/build/turtlebot3_gazebo': CMAKE_PREFIX_PATH=/opt/ros/humble /usr/bin/cmake --build /home/phubadine/turtlebot3_ws/build/turtlebot3_gazebo -- -j16 -l16
[3.319s] [ 12%] [32mBuilding CXX object CMakeFiles/obstacle1.dir/models/turtlebot3_dqn_world/obstacle_plugin/obstacle1.cc.o[0m
[3.320s] [ 25%] [32mBuilding CXX object CMakeFiles/obstacle2.dir/models/turtlebot3_dqn_world/obstacle_plugin/obstacle2.cc.o[0m
[3.321s] [ 37%] [32mBuilding CXX object CMakeFiles/obstacles.dir/models/turtlebot3_dqn_world/obstacle_plugin/obstacles.cc.o[0m
[3.321s] [ 50%] [32mBuilding CXX object CMakeFiles/turtlebot3_drive.dir/src/turtlebot3_drive.cpp.o[0m
[19.140s] [ 62%] [32m[1mLinking CXX executable turtlebot3_drive[0m
[19.837s] [ 75%] [32m[1mLinking CXX shared library libobstacle1.so[0m
[19.999s] [ 75%] Built target turtlebot3_drive
[20.048s] [ 87%] [32m[1mLinking CXX shared library libobstacle2.so[0m
[20.144s] [100%] [32m[1mLinking CXX shared library libobstacles.so[0m
[20.215s] [100%] Built target obstacle1
[20.305s] [100%] Built target obstacle2
[20.382s] [100%] Built target obstacles
[20.394s] Invoked command in '/home/phubadine/turtlebot3_ws/build/turtlebot3_gazebo' returned '0': CMAKE_PREFIX_PATH=/opt/ros/humble /usr/bin/cmake --build /home/phubadine/turtlebot3_ws/build/turtlebot3_gazebo -- -j16 -l16
[20.434s] Invoking command in '/home/phubadine/turtlebot3_ws/build/turtlebot3_gazebo': CMAKE_PREFIX_PATH=/opt/ros/humble /usr/bin/cmake --install /home/phubadine/turtlebot3_ws/build/turtlebot3_gazebo
[20.442s] -- Install configuration: ""
[20.442s] -- Execute custom install script
[20.442s] -- Symlinking: /home/phubadine/turtlebot3_ws/install/turtlebot3_gazebo/lib/turtlebot3_gazebo/turtlebot3_drive
[20.452s] -- Symlinking: /home/phubadine/turtlebot3_ws/install/turtlebot3_gazebo/share/turtlebot3_gazebo//launch/empty_world.launch.py
[20.461s] -- Symlinking: /home/phubadine/turtlebot3_ws/install/turtlebot3_gazebo/share/turtlebot3_gazebo//launch/robot_state_publisher.launch.py
[20.471s] -- Symlinking: /home/phubadine/turtlebot3_ws/install/turtlebot3_gazebo/share/turtlebot3_gazebo//launch/spawn_turtlebot3.launch.py
[20.481s] -- Symlinking: /home/phubadine/turtlebot3_ws/install/turtlebot3_gazebo/share/turtlebot3_gazebo//launch/turtlebot3_dqn_stage1.launch.py
[20.491s] -- Symlinking: /home/phubadine/turtlebot3_ws/install/turtlebot3_gazebo/share/turtlebot3_gazebo//launch/turtlebot3_dqn_stage2.launch.py
[20.500s] -- Symlinking: /home/phubadine/turtlebot3_ws/install/turtlebot3_gazebo/share/turtlebot3_gazebo//launch/turtlebot3_dqn_stage3.launch.py
[20.510s] -- Symlinking: /home/phubadine/turtlebot3_ws/install/turtlebot3_gazebo/share/turtlebot3_gazebo//launch/turtlebot3_dqn_stage4.launch.py
[20.520s] -- Symlinking: /home/phubadine/turtlebot3_ws/install/turtlebot3_gazebo/share/turtlebot3_gazebo//launch/turtlebot3_house.launch.py
[20.530s] -- Symlinking: /home/phubadine/turtlebot3_ws/install/turtlebot3_gazebo/share/turtlebot3_gazebo//launch/turtlebot3_world.launch.py
[20.540s] -- Symlinking: /home/phubadine/turtlebot3_ws/install/turtlebot3_gazebo/share/turtlebot3_gazebo//models/turtlebot3_burger/model-1_4.sdf
[20.550s] -- Symlinking: /home/phubadine/turtlebot3_ws/install/turtlebot3_gazebo/share/turtlebot3_gazebo//models/turtlebot3_burger/model.config
[20.559s] -- Symlinking: /home/phubadine/turtlebot3_ws/install/turtlebot3_gazebo/share/turtlebot3_gazebo//models/turtlebot3_burger/model.sdf
[20.569s] -- Symlinking: /home/phubadine/turtlebot3_ws/install/turtlebot3_gazebo/share/turtlebot3_gazebo//models/turtlebot3_common/meshes/burger_base.dae
[20.579s] -- Symlinking: /home/phubadine/turtlebot3_ws/install/turtlebot3_gazebo/share/turtlebot3_gazebo//models/turtlebot3_common/meshes/lds.dae
[20.589s] -- Symlinking: /home/phubadine/turtlebot3_ws/install/turtlebot3_gazebo/share/turtlebot3_gazebo//models/turtlebot3_common/meshes/r200.dae
[20.599s] -- Symlinking: /home/phubadine/turtlebot3_ws/install/turtlebot3_gazebo/share/turtlebot3_gazebo//models/turtlebot3_common/meshes/tire.dae
[20.609s] -- Symlinking: /home/phubadine/turtlebot3_ws/install/turtlebot3_gazebo/share/turtlebot3_gazebo//models/turtlebot3_common/meshes/waffle_base.dae
[20.619s] -- Symlinking: /home/phubadine/turtlebot3_ws/install/turtlebot3_gazebo/share/turtlebot3_gazebo//models/turtlebot3_common/meshes/waffle_pi_base.dae
[20.628s] -- Symlinking: /home/phubadine/turtlebot3_ws/install/turtlebot3_gazebo/share/turtlebot3_gazebo//models/turtlebot3_common/model.config
[20.638s] -- Symlinking: /home/phubadine/turtlebot3_ws/install/turtlebot3_gazebo/share/turtlebot3_gazebo//models/turtlebot3_dqn_world/goal_box/model.config
[20.648s] -- Symlinking: /home/phubadine/turtlebot3_ws/install/turtlebot3_gazebo/share/turtlebot3_gazebo//models/turtlebot3_dqn_world/goal_box/model.sdf
[20.658s] -- Symlinking: /home/phubadine/turtlebot3_ws/install/turtlebot3_gazebo/share/turtlebot3_gazebo//models/turtlebot3_dqn_world/inner_walls/model.config
[20.668s] -- Symlinking: /home/phubadine/turtlebot3_ws/install/turtlebot3_gazebo/share/turtlebot3_gazebo//models/turtlebot3_dqn_world/inner_walls/model.sdf
[20.678s] -- Symlinking: /home/phubadine/turtlebot3_ws/install/turtlebot3_gazebo/share/turtlebot3_gazebo//models/turtlebot3_dqn_world/model.config
[20.688s] -- Symlinking: /home/phubadine/turtlebot3_ws/install/turtlebot3_gazebo/share/turtlebot3_gazebo//models/turtlebot3_dqn_world/model.sdf
[20.698s] -- Symlinking: /home/phubadine/turtlebot3_ws/install/turtlebot3_gazebo/share/turtlebot3_gazebo//models/turtlebot3_dqn_world/obstacle1/model.config
[20.708s] -- Symlinking: /home/phubadine/turtlebot3_ws/install/turtlebot3_gazebo/share/turtlebot3_gazebo//models/turtlebot3_dqn_world/obstacle1/model.sdf
[20.718s] -- Symlinking: /home/phubadine/turtlebot3_ws/install/turtlebot3_gazebo/share/turtlebot3_gazebo//models/turtlebot3_dqn_world/obstacle2/model.config
[20.728s] -- Symlinking: /home/phubadine/turtlebot3_ws/install/turtlebot3_gazebo/share/turtlebot3_gazebo//models/turtlebot3_dqn_world/obstacle2/model.sdf
[20.737s] -- Symlinking: /home/phubadine/turtlebot3_ws/install/turtlebot3_gazebo/share/turtlebot3_gazebo//models/turtlebot3_dqn_world/obstacle_plugin/CMakeLists.txt
[20.747s] -- Symlinking: /home/phubadine/turtlebot3_ws/install/turtlebot3_gazebo/share/turtlebot3_gazebo//models/turtlebot3_dqn_world/obstacle_plugin/obstacle1.cc
[20.757s] -- Symlinking: /home/phubadine/turtlebot3_ws/install/turtlebot3_gazebo/share/turtlebot3_gazebo//models/turtlebot3_dqn_world/obstacle_plugin/obstacle2.cc
[20.767s] -- Symlinking: /home/phubadine/turtlebot3_ws/install/turtlebot3_gazebo/share/turtlebot3_gazebo//models/turtlebot3_dqn_world/obstacle_plugin/obstacles.cc
[20.777s] -- Symlinking: /home/phubadine/turtlebot3_ws/install/turtlebot3_gazebo/share/turtlebot3_gazebo//models/turtlebot3_dqn_world/obstacles/model.config
[20.787s] -- Symlinking: /home/phubadine/turtlebot3_ws/install/turtlebot3_gazebo/share/turtlebot3_gazebo//models/turtlebot3_dqn_world/obstacles/model.sdf
[20.797s] -- Symlinking: /home/phubadine/turtlebot3_ws/install/turtlebot3_gazebo/share/turtlebot3_gazebo//models/turtlebot3_house/model.config
[20.806s] -- Symlinking: /home/phubadine/turtlebot3_ws/install/turtlebot3_gazebo/share/turtlebot3_gazebo//models/turtlebot3_house/model.sdf
[20.816s] -- Symlinking: /home/phubadine/turtlebot3_ws/install/turtlebot3_gazebo/share/turtlebot3_gazebo//models/turtlebot3_waffle/model-1_4.sdf
[20.825s] -- Symlinking: /home/phubadine/turtlebot3_ws/install/turtlebot3_gazebo/share/turtlebot3_gazebo//models/turtlebot3_waffle/model.config
[20.835s] -- Symlinking: /home/phubadine/turtlebot3_ws/install/turtlebot3_gazebo/share/turtlebot3_gazebo//models/turtlebot3_waffle/model.sdf
[20.845s] -- Symlinking: /home/phubadine/turtlebot3_ws/install/turtlebot3_gazebo/share/turtlebot3_gazebo//models/turtlebot3_waffle_pi/model-1_4_.sdf
[20.855s] -- Symlinking: /home/phubadine/turtlebot3_ws/install/turtlebot3_gazebo/share/turtlebot3_gazebo//models/turtlebot3_waffle_pi/model.config
[20.865s] -- Symlinking: /home/phubadine/turtlebot3_ws/install/turtlebot3_gazebo/share/turtlebot3_gazebo//models/turtlebot3_waffle_pi/model.sdf
[20.875s] -- Symlinking: /home/phubadine/turtlebot3_ws/install/turtlebot3_gazebo/share/turtlebot3_gazebo//models/turtlebot3_world/meshes/hexagon.dae
[20.885s] -- Symlinking: /home/phubadine/turtlebot3_ws/install/turtlebot3_gazebo/share/turtlebot3_gazebo//models/turtlebot3_world/meshes/wall.dae
[20.894s] -- Symlinking: /home/phubadine/turtlebot3_ws/install/turtlebot3_gazebo/share/turtlebot3_gazebo//models/turtlebot3_world/model-1_4.sdf
[20.904s] -- Symlinking: /home/phubadine/turtlebot3_ws/install/turtlebot3_gazebo/share/turtlebot3_gazebo//models/turtlebot3_world/model.config
[20.914s] -- Symlinking: /home/phubadine/turtlebot3_ws/install/turtlebot3_gazebo/share/turtlebot3_gazebo//models/turtlebot3_world/model.sdf
[20.923s] -- Symlinking: /home/phubadine/turtlebot3_ws/install/turtlebot3_gazebo/share/turtlebot3_gazebo//rviz/tb3_gazebo.rviz
[20.933s] -- Symlinking: /home/phubadine/turtlebot3_ws/install/turtlebot3_gazebo/share/turtlebot3_gazebo//urdf/common_properties.urdf
[20.943s] -- Symlinking: /home/phubadine/turtlebot3_ws/install/turtlebot3_gazebo/share/turtlebot3_gazebo//urdf/turtlebot3_burger.urdf
[20.952s] -- Symlinking: /home/phubadine/turtlebot3_ws/install/turtlebot3_gazebo/share/turtlebot3_gazebo//urdf/turtlebot3_waffle.urdf
[20.962s] -- Symlinking: /home/phubadine/turtlebot3_ws/install/turtlebot3_gazebo/share/turtlebot3_gazebo//urdf/turtlebot3_waffle_pi.urdf
[20.972s] -- Symlinking: /home/phubadine/turtlebot3_ws/install/turtlebot3_gazebo/share/turtlebot3_gazebo//worlds/empty_world.world
[20.981s] -- Symlinking: /home/phubadine/turtlebot3_ws/install/turtlebot3_gazebo/share/turtlebot3_gazebo//worlds/turtlebot3_dqn_stage1.world
[20.991s] -- Symlinking: /home/phubadine/turtlebot3_ws/install/turtlebot3_gazebo/share/turtlebot3_gazebo//worlds/turtlebot3_dqn_stage2.world
[21.001s] -- Symlinking: /home/phubadine/turtlebot3_ws/install/turtlebot3_gazebo/share/turtlebot3_gazebo//worlds/turtlebot3_dqn_stage3.world
[21.011s] -- Symlinking: /home/phubadine/turtlebot3_ws/install/turtlebot3_gazebo/share/turtlebot3_gazebo//worlds/turtlebot3_dqn_stage4.world
[21.021s] -- Symlinking: /home/phubadine/turtlebot3_ws/install/turtlebot3_gazebo/share/turtlebot3_gazebo//worlds/turtlebot3_house.world
[21.031s] -- Symlinking: /home/phubadine/turtlebot3_ws/install/turtlebot3_gazebo/share/turtlebot3_gazebo//worlds/turtlebot3_world.world
[21.041s] -- Symlinking: /home/phubadine/turtlebot3_ws/install/turtlebot3_gazebo/include//turtlebot3_gazebo/turtlebot3_drive.hpp
[21.051s] -- Symlinking: /home/phubadine/turtlebot3_ws/install/turtlebot3_gazebo/share/ament_index/resource_index/package_run_dependencies/turtlebot3_gazebo
[21.061s] -- Symlinking: /home/phubadine/turtlebot3_ws/install/turtlebot3_gazebo/share/ament_index/resource_index/parent_prefix_path/turtlebot3_gazebo
[21.070s] -- Symlinking: /home/phubadine/turtlebot3_ws/install/turtlebot3_gazebo/share/turtlebot3_gazebo/environment/ament_prefix_path.sh
[21.081s] -- Symlinking: /home/phubadine/turtlebot3_ws/install/turtlebot3_gazebo/share/turtlebot3_gazebo/environment/ament_prefix_path.dsv
[21.090s] -- Symlinking: /home/phubadine/turtlebot3_ws/install/turtlebot3_gazebo/share/turtlebot3_gazebo/environment/path.sh
[21.099s] -- Symlinking: /home/phubadine/turtlebot3_ws/install/turtlebot3_gazebo/share/turtlebot3_gazebo/environment/path.dsv
[21.109s] -- Symlinking: /home/phubadine/turtlebot3_ws/install/turtlebot3_gazebo/share/turtlebot3_gazebo/local_setup.bash
[21.119s] -- Symlinking: /home/phubadine/turtlebot3_ws/install/turtlebot3_gazebo/share/turtlebot3_gazebo/local_setup.sh
[21.128s] -- Symlinking: /home/phubadine/turtlebot3_ws/install/turtlebot3_gazebo/share/turtlebot3_gazebo/local_setup.zsh
[21.138s] -- Symlinking: /home/phubadine/turtlebot3_ws/install/turtlebot3_gazebo/share/turtlebot3_gazebo/local_setup.dsv
[21.147s] -- Symlinking: /home/phubadine/turtlebot3_ws/install/turtlebot3_gazebo/share/turtlebot3_gazebo/package.dsv
[21.158s] -- Symlinking: /home/phubadine/turtlebot3_ws/install/turtlebot3_gazebo/share/ament_index/resource_index/packages/turtlebot3_gazebo
[21.167s] -- Symlinking: /home/phubadine/turtlebot3_ws/install/turtlebot3_gazebo/share/turtlebot3_gazebo/cmake/ament_cmake_export_include_directories-extras.cmake
[21.177s] -- Symlinking: /home/phubadine/turtlebot3_ws/install/turtlebot3_gazebo/share/turtlebot3_gazebo/cmake/ament_cmake_export_dependencies-extras.cmake
[21.187s] -- Symlinking: /home/phubadine/turtlebot3_ws/install/turtlebot3_gazebo/share/turtlebot3_gazebo/cmake/turtlebot3_gazeboConfig.cmake
[21.197s] -- Symlinking: /home/phubadine/turtlebot3_ws/install/turtlebot3_gazebo/share/turtlebot3_gazebo/cmake/turtlebot3_gazeboConfig-version.cmake
[21.207s] -- Symlinking: /home/phubadine/turtlebot3_ws/install/turtlebot3_gazebo/share/turtlebot3_gazebo/package.xml
[21.219s] Invoked command in '/home/phubadine/turtlebot3_ws/build/turtlebot3_gazebo' returned '0': CMAKE_PREFIX_PATH=/opt/ros/humble /usr/bin/cmake --install /home/phubadine/turtlebot3_ws/build/turtlebot3_gazebo
