[0.057s] Invoking command in '/home/phubadine/turtlebot3_ws/build/dynamixel_sdk': CMAKE_PREFIX_PATH=${CMAKE_PREFIX_PATH}:/home/phubadine/turtlebot3_ws/install/turtlebot3_teleop:/home/phubadine/turtlebot3_ws/install/turtlebot3_example:/opt/ros/humble /usr/bin/cmake --build /home/phubadine/turtlebot3_ws/build/dynamixel_sdk -- -j16 -l16
[0.143s] [35m[1mConsolidate compiler generated dependencies of target dynamixel_sdk[0m
[0.188s] [100%] Built target dynamixel_sdk
[1.001s] Invoked command in '/home/phubadine/turtlebot3_ws/build/dynamixel_sdk' returned '0': CMAKE_PREFIX_PATH=${CMAKE_PREFIX_PATH}:/home/phubadine/turtlebot3_ws/install/turtlebot3_teleop:/home/phubadine/turtlebot3_ws/install/turtlebot3_example:/opt/ros/humble /usr/bin/cmake --build /home/phubadine/turtlebot3_ws/build/dynamixel_sdk -- -j16 -l16
[1.809s] Invoking command in '/home/phubadine/turtlebot3_ws/build/dynamixel_sdk': CMAKE_PREFIX_PATH=${CMAKE_PREFIX_PATH}:/home/phubadine/turtlebot3_ws/install/turtlebot3_teleop:/home/phubadine/turtlebot3_ws/install/turtlebot3_example:/opt/ros/humble /usr/bin/cmake --install /home/phubadine/turtlebot3_ws/build/dynamixel_sdk
[1.843s] -- Install configuration: ""
[1.846s] -- Execute custom install script
[1.847s] -- Up-to-date symlink: /home/phubadine/turtlebot3_ws/install/dynamixel_sdk/include//dynamixel_sdk/dynamixel_sdk.h
[1.847s] -- Up-to-date symlink: /home/phubadine/turtlebot3_ws/install/dynamixel_sdk/include//dynamixel_sdk/group_bulk_read.h
[1.848s] -- Up-to-date symlink: /home/phubadine/turtlebot3_ws/install/dynamixel_sdk/include//dynamixel_sdk/group_bulk_write.h
[1.848s] -- Up-to-date symlink: /home/phubadine/turtlebot3_ws/install/dynamixel_sdk/include//dynamixel_sdk/group_sync_read.h
[1.848s] -- Up-to-date symlink: /home/phubadine/turtlebot3_ws/install/dynamixel_sdk/include//dynamixel_sdk/group_sync_write.h
[1.850s] -- Up-to-date symlink: /home/phubadine/turtlebot3_ws/install/dynamixel_sdk/include//dynamixel_sdk/packet_handler.h
[1.850s] -- Up-to-date symlink: /home/phubadine/turtlebot3_ws/install/dynamixel_sdk/include//dynamixel_sdk/port_handler.h
[1.851s] -- Up-to-date symlink: /home/phubadine/turtlebot3_ws/install/dynamixel_sdk/include//dynamixel_sdk/port_handler_arduino.h
[1.855s] -- Up-to-date symlink: /home/phubadine/turtlebot3_ws/install/dynamixel_sdk/include//dynamixel_sdk/port_handler_linux.h
[1.855s] -- Up-to-date symlink: /home/phubadine/turtlebot3_ws/install/dynamixel_sdk/include//dynamixel_sdk/port_handler_mac.h
[1.857s] -- Up-to-date symlink: /home/phubadine/turtlebot3_ws/install/dynamixel_sdk/include//dynamixel_sdk/port_handler_windows.h
[1.858s] -- Up-to-date symlink: /home/phubadine/turtlebot3_ws/install/dynamixel_sdk/include//dynamixel_sdk/protocol1_packet_handler.h
[1.858s] -- Up-to-date symlink: /home/phubadine/turtlebot3_ws/install/dynamixel_sdk/include//dynamixel_sdk/protocol2_packet_handler.h
[1.859s] -- Up-to-date symlink: /home/phubadine/turtlebot3_ws/install/dynamixel_sdk/lib/libdynamixel_sdk.so
[1.859s] -- Up-to-date symlink: /home/phubadine/turtlebot3_ws/install/dynamixel_sdk/share/dynamixel_sdk/environment/library_path.sh
[1.859s] -- Up-to-date symlink: /home/phubadine/turtlebot3_ws/install/dynamixel_sdk/share/dynamixel_sdk/environment/library_path.dsv
[1.860s] -- Up-to-date symlink: /home/phubadine/turtlebot3_ws/install/dynamixel_sdk/share/ament_index/resource_index/package_run_dependencies/dynamixel_sdk
[1.860s] -- Up-to-date symlink: /home/phubadine/turtlebot3_ws/install/dynamixel_sdk/share/ament_index/resource_index/parent_prefix_path/dynamixel_sdk
[1.860s] -- Up-to-date symlink: /home/phubadine/turtlebot3_ws/install/dynamixel_sdk/share/dynamixel_sdk/environment/ament_prefix_path.sh
[1.860s] -- Up-to-date symlink: /home/phubadine/turtlebot3_ws/install/dynamixel_sdk/share/dynamixel_sdk/environment/ament_prefix_path.dsv
[1.882s] -- Up-to-date symlink: /home/phubadine/turtlebot3_ws/install/dynamixel_sdk/share/dynamixel_sdk/environment/path.sh
[1.883s] -- Up-to-date symlink: /home/phubadine/turtlebot3_ws/install/dynamixel_sdk/share/dynamixel_sdk/environment/path.dsv
[1.883s] -- Up-to-date symlink: /home/phubadine/turtlebot3_ws/install/dynamixel_sdk/share/dynamixel_sdk/local_setup.bash
[1.884s] -- Up-to-date symlink: /home/phubadine/turtlebot3_ws/install/dynamixel_sdk/share/dynamixel_sdk/local_setup.sh
[1.884s] -- Up-to-date symlink: /home/phubadine/turtlebot3_ws/install/dynamixel_sdk/share/dynamixel_sdk/local_setup.zsh
[1.884s] -- Up-to-date symlink: /home/phubadine/turtlebot3_ws/install/dynamixel_sdk/share/dynamixel_sdk/local_setup.dsv
[1.884s] -- Symlinking: /home/phubadine/turtlebot3_ws/install/dynamixel_sdk/share/dynamixel_sdk/package.dsv
[1.922s] -- Up-to-date symlink: /home/phubadine/turtlebot3_ws/install/dynamixel_sdk/share/ament_index/resource_index/packages/dynamixel_sdk
[1.923s] -- Up-to-date symlink: /home/phubadine/turtlebot3_ws/install/dynamixel_sdk/share/dynamixel_sdk/cmake/ament_cmake_export_include_directories-extras.cmake
[1.923s] -- Up-to-date symlink: /home/phubadine/turtlebot3_ws/install/dynamixel_sdk/share/dynamixel_sdk/cmake/ament_cmake_export_libraries-extras.cmake
[1.923s] -- Up-to-date symlink: /home/phubadine/turtlebot3_ws/install/dynamixel_sdk/share/dynamixel_sdk/cmake/dynamixel_sdkConfig.cmake
[1.923s] -- Up-to-date symlink: /home/phubadine/turtlebot3_ws/install/dynamixel_sdk/share/dynamixel_sdk/cmake/dynamixel_sdkConfig-version.cmake
[1.923s] -- Up-to-date symlink: /home/phubadine/turtlebot3_ws/install/dynamixel_sdk/share/dynamixel_sdk/package.xml
[1.924s] Invoked command in '/home/phubadine/turtlebot3_ws/build/dynamixel_sdk' returned '0': CMAKE_PREFIX_PATH=${CMAKE_PREFIX_PATH}:/home/phubadine/turtlebot3_ws/install/turtlebot3_teleop:/home/phubadine/turtlebot3_ws/install/turtlebot3_example:/opt/ros/humble /usr/bin/cmake --install /home/phubadine/turtlebot3_ws/build/dynamixel_sdk
