[0.884s] Invoking command in '/home/phubadine/turtlebot3_ws/build/turtlebot3_teleop': PYTHONPATH=/home/phubadine/turtlebot3_ws/build/turtlebot3_teleop/prefix_override:/home/phubadine/turtlebot3_ws/install/turtlebot3_teleop/lib/python3.10/site-packages:${PYTHONPATH} /usr/bin/python3 -W ignore:setup.py install is deprecated setup.py develop --editable --build-directory /home/phubadine/turtlebot3_ws/build/turtlebot3_teleop/build --no-deps symlink_data
[1.151s] running develop
[1.152s] /usr/lib/python3/dist-packages/setuptools/command/easy_install.py:158: EasyInstallDeprecationWarning: easy_install command is deprecated. Use build and pip and other standards-based tools.
[1.152s]   warnings.warn(
[1.327s] running egg_info
[1.328s] creating turtlebot3_teleop.egg-info
[1.328s] writing turtlebot3_teleop.egg-info/PKG-INFO
[1.328s] writing dependency_links to turtlebot3_teleop.egg-info/dependency_links.txt
[1.328s] writing entry points to turtlebot3_teleop.egg-info/entry_points.txt
[1.328s] writing requirements to turtlebot3_teleop.egg-info/requires.txt
[1.328s] writing top-level names to turtlebot3_teleop.egg-info/top_level.txt
[1.328s] writing manifest file 'turtlebot3_teleop.egg-info/SOURCES.txt'
[1.330s] reading manifest file 'turtlebot3_teleop.egg-info/SOURCES.txt'
[1.330s] writing manifest file 'turtlebot3_teleop.egg-info/SOURCES.txt'
[1.331s] running build_ext
[1.332s] Creating /home/phubadine/turtlebot3_ws/install/turtlebot3_teleop/lib/python3.10/site-packages/turtlebot3-teleop.egg-link (link to .)
[1.332s] Installing teleop_keyboard script to /home/phubadine/turtlebot3_ws/install/turtlebot3_teleop/lib/turtlebot3_teleop
[1.333s] 
[1.333s] Installed /home/phubadine/turtlebot3_ws/build/turtlebot3_teleop
[1.333s] running symlink_data
[1.333s] creating /home/phubadine/turtlebot3_ws/install/turtlebot3_teleop/share/ament_index
[1.333s] creating /home/phubadine/turtlebot3_ws/install/turtlebot3_teleop/share/ament_index/resource_index
[1.333s] creating /home/phubadine/turtlebot3_ws/install/turtlebot3_teleop/share/ament_index/resource_index/packages
[1.333s] symbolically linking /home/phubadine/turtlebot3_ws/build/turtlebot3_teleop/resource/turtlebot3_teleop -> /home/phubadine/turtlebot3_ws/install/turtlebot3_teleop/share/ament_index/resource_index/packages
[1.333s] symbolically linking /home/phubadine/turtlebot3_ws/build/turtlebot3_teleop/package.xml -> /home/phubadine/turtlebot3_ws/install/turtlebot3_teleop/share/turtlebot3_teleop
[1.364s] Invoked command in '/home/phubadine/turtlebot3_ws/build/turtlebot3_teleop' returned '0': PYTHONPATH=/home/phubadine/turtlebot3_ws/build/turtlebot3_teleop/prefix_override:/home/phubadine/turtlebot3_ws/install/turtlebot3_teleop/lib/python3.10/site-packages:${PYTHONPATH} /usr/bin/python3 -W ignore:setup.py install is deprecated setup.py develop --editable --build-directory /home/phubadine/turtlebot3_ws/build/turtlebot3_teleop/build --no-deps symlink_data
