[0.020s] Invoking command in '/home/phubadine/turtlebot3_ws/build/turtlebot3_node': CMAKE_PREFIX_PATH=/home/phubadine/turtlebot3_ws/install/turtlebot3_msgs:/home/phubadine/turtlebot3_ws/install/dynamixel_sdk:/home/phubadine/turtlebot3_ws/install/turtlebot3:/home/phubadine/turtlebot3_ws/install/turtlebot3_simulations:/home/phubadine/turtlebot3_ws/install/turtlebot3_bringup:/home/phubadine/turtlebot3_ws/install/turtlebot3_node:/home/phubadine/turtlebot3_ws/install/turtlebot3_navigation2:/home/phubadine/turtlebot3_ws/install/turtlebot3_fake_node:/home/phubadine/turtlebot3_ws/install/turtlebot3_gazebo:/home/phubadine/turtlebot3_ws/install/turtlebot3_description:/home/phubadine/turtlebot3_ws/install/turtlebot3_cartographer:/home/phubadine/turtlebot3_ws/install/dynamixel_sdk_examples:/home/phubadine/turtlebot3_ws/install/dynamixel_sdk_custom_interfaces:/home/phubadine/turtlebot3_ws/install/turtlebot3_teleop:/home/phubadine/turtlebot3_ws/install/turtlebot3_example:/opt/ros/humble LD_LIBRARY_PATH=/home/phubadine/turtlebot3_ws/install/turtlebot3_msgs/lib:/home/phubadine/turtlebot3_ws/install/dynamixel_sdk/lib:/home/phubadine/turtlebot3_ws/install/dynamixel_sdk_custom_interfaces/lib:/usr/lib/x86_64-linux-gnu/gazebo-11/plugins:/opt/ros/humble/opt/rviz_ogre_vendor/lib:/opt/ros/humble/lib/x86_64-linux-gnu:/opt/ros/humble/lib /usr/bin/cmake /home/phubadine/turtlebot3_ws/src/turtlebot3/turtlebot3_node -DCMAKE_INSTALL_PREFIX=/home/phubadine/turtlebot3_ws/install/turtlebot3_node
[0.287s] -- Found ament_cmake: 1.3.8 (/opt/ros/humble/share/ament_cmake/cmake)
[0.288s] -- Override CMake install command with custom implementation using symlinks instead of copying resources
[0.288s] -- Found dynamixel_sdk: 3.7.60 (/home/phubadine/turtlebot3_ws/install/dynamixel_sdk/share/dynamixel_sdk/cmake)
[0.288s] -- Found geometry_msgs: 4.2.3 (/opt/ros/humble/share/geometry_msgs/cmake)
[0.288s] -- Found rosidl_generator_c: 3.1.5 (/opt/ros/humble/share/rosidl_generator_c/cmake)
[0.288s] -- Found rosidl_adapter: 3.1.5 (/opt/ros/humble/share/rosidl_adapter/cmake)
[0.288s] -- Found rosidl_generator_cpp: 3.1.5 (/opt/ros/humble/share/rosidl_generator_cpp/cmake)
[0.288s] -- Using all available rosidl_typesupport_c: rosidl_typesupport_fastrtps_c;rosidl_typesupport_introspection_c
[0.288s] -- Using all available rosidl_typesupport_cpp: rosidl_typesupport_fastrtps_cpp;rosidl_typesupport_introspection_cpp
[0.328s] -- Found message_filters: 4.3.3 (/opt/ros/humble/share/message_filters/cmake)
[0.374s] -- Found rmw_implementation_cmake: 6.1.1 (/opt/ros/humble/share/rmw_implementation_cmake/cmake)
[0.376s] -- Found rmw_fastrtps_cpp: 6.2.6 (/opt/ros/humble/share/rmw_fastrtps_cpp/cmake)
[0.511s] -- Using RMW implementation 'rmw_fastrtps_cpp' as default
[0.633s] -- Found nav_msgs: 4.2.3 (/opt/ros/humble/share/nav_msgs/cmake)
[0.704s] -- Found sensor_msgs: 4.2.3 (/opt/ros/humble/share/sensor_msgs/cmake)
[0.774s] -- Found std_srvs: 4.2.3 (/opt/ros/humble/share/std_srvs/cmake)
[0.788s] -- Found tf2: 0.25.6 (/opt/ros/humble/share/tf2/cmake)
[0.794s] -- Found tf2_ros: 0.25.6 (/opt/ros/humble/share/tf2_ros/cmake)
[1.060s] -- Found turtlebot3_msgs: 2.2.3 (/home/phubadine/turtlebot3_ws/install/turtlebot3_msgs/share/turtlebot3_msgs/cmake)
[1.187s] -- Configuring done
[1.204s] -- Generating done
[1.206s] -- Build files have been written to: /home/phubadine/turtlebot3_ws/build/turtlebot3_node
[1.214s] Invoked command in '/home/phubadine/turtlebot3_ws/build/turtlebot3_node' returned '0': CMAKE_PREFIX_PATH=/home/phubadine/turtlebot3_ws/install/turtlebot3_msgs:/home/phubadine/turtlebot3_ws/install/dynamixel_sdk:/home/phubadine/turtlebot3_ws/install/turtlebot3:/home/phubadine/turtlebot3_ws/install/turtlebot3_simulations:/home/phubadine/turtlebot3_ws/install/turtlebot3_bringup:/home/phubadine/turtlebot3_ws/install/turtlebot3_node:/home/phubadine/turtlebot3_ws/install/turtlebot3_navigation2:/home/phubadine/turtlebot3_ws/install/turtlebot3_fake_node:/home/phubadine/turtlebot3_ws/install/turtlebot3_gazebo:/home/phubadine/turtlebot3_ws/install/turtlebot3_description:/home/phubadine/turtlebot3_ws/install/turtlebot3_cartographer:/home/phubadine/turtlebot3_ws/install/dynamixel_sdk_examples:/home/phubadine/turtlebot3_ws/install/dynamixel_sdk_custom_interfaces:/home/phubadine/turtlebot3_ws/install/turtlebot3_teleop:/home/phubadine/turtlebot3_ws/install/turtlebot3_example:/opt/ros/humble LD_LIBRARY_PATH=/home/phubadine/turtlebot3_ws/install/turtlebot3_msgs/lib:/home/phubadine/turtlebot3_ws/install/dynamixel_sdk/lib:/home/phubadine/turtlebot3_ws/install/dynamixel_sdk_custom_interfaces/lib:/usr/lib/x86_64-linux-gnu/gazebo-11/plugins:/opt/ros/humble/opt/rviz_ogre_vendor/lib:/opt/ros/humble/lib/x86_64-linux-gnu:/opt/ros/humble/lib /usr/bin/cmake /home/phubadine/turtlebot3_ws/src/turtlebot3/turtlebot3_node -DCMAKE_INSTALL_PREFIX=/home/phubadine/turtlebot3_ws/install/turtlebot3_node
[1.216s] Invoking command in '/home/phubadine/turtlebot3_ws/build/turtlebot3_node': CMAKE_PREFIX_PATH=/home/phubadine/turtlebot3_ws/install/turtlebot3_msgs:/home/phubadine/turtlebot3_ws/install/dynamixel_sdk:/home/phubadine/turtlebot3_ws/install/turtlebot3:/home/phubadine/turtlebot3_ws/install/turtlebot3_simulations:/home/phubadine/turtlebot3_ws/install/turtlebot3_bringup:/home/phubadine/turtlebot3_ws/install/turtlebot3_node:/home/phubadine/turtlebot3_ws/install/turtlebot3_navigation2:/home/phubadine/turtlebot3_ws/install/turtlebot3_fake_node:/home/phubadine/turtlebot3_ws/install/turtlebot3_gazebo:/home/phubadine/turtlebot3_ws/install/turtlebot3_description:/home/phubadine/turtlebot3_ws/install/turtlebot3_cartographer:/home/phubadine/turtlebot3_ws/install/dynamixel_sdk_examples:/home/phubadine/turtlebot3_ws/install/dynamixel_sdk_custom_interfaces:/home/phubadine/turtlebot3_ws/install/turtlebot3_teleop:/home/phubadine/turtlebot3_ws/install/turtlebot3_example:/opt/ros/humble LD_LIBRARY_PATH=/home/phubadine/turtlebot3_ws/install/turtlebot3_msgs/lib:/home/phubadine/turtlebot3_ws/install/dynamixel_sdk/lib:/home/phubadine/turtlebot3_ws/install/dynamixel_sdk_custom_interfaces/lib:/usr/lib/x86_64-linux-gnu/gazebo-11/plugins:/opt/ros/humble/opt/rviz_ogre_vendor/lib:/opt/ros/humble/lib/x86_64-linux-gnu:/opt/ros/humble/lib /usr/bin/cmake --build /home/phubadine/turtlebot3_ws/build/turtlebot3_node -- -j16 -l16
[1.263s] [35m[1mConsolidate compiler generated dependencies of target turtlebot3_node_lib[0m
[1.313s] [ 85%] Built target turtlebot3_node_lib
[1.324s] [35m[1mConsolidate compiler generated dependencies of target turtlebot3_ros[0m
[1.346s] [100%] Built target turtlebot3_ros
[1.357s] Invoked command in '/home/phubadine/turtlebot3_ws/build/turtlebot3_node' returned '0': CMAKE_PREFIX_PATH=/home/phubadine/turtlebot3_ws/install/turtlebot3_msgs:/home/phubadine/turtlebot3_ws/install/dynamixel_sdk:/home/phubadine/turtlebot3_ws/install/turtlebot3:/home/phubadine/turtlebot3_ws/install/turtlebot3_simulations:/home/phubadine/turtlebot3_ws/install/turtlebot3_bringup:/home/phubadine/turtlebot3_ws/install/turtlebot3_node:/home/phubadine/turtlebot3_ws/install/turtlebot3_navigation2:/home/phubadine/turtlebot3_ws/install/turtlebot3_fake_node:/home/phubadine/turtlebot3_ws/install/turtlebot3_gazebo:/home/phubadine/turtlebot3_ws/install/turtlebot3_description:/home/phubadine/turtlebot3_ws/install/turtlebot3_cartographer:/home/phubadine/turtlebot3_ws/install/dynamixel_sdk_examples:/home/phubadine/turtlebot3_ws/install/dynamixel_sdk_custom_interfaces:/home/phubadine/turtlebot3_ws/install/turtlebot3_teleop:/home/phubadine/turtlebot3_ws/install/turtlebot3_example:/opt/ros/humble LD_LIBRARY_PATH=/home/phubadine/turtlebot3_ws/install/turtlebot3_msgs/lib:/home/phubadine/turtlebot3_ws/install/dynamixel_sdk/lib:/home/phubadine/turtlebot3_ws/install/dynamixel_sdk_custom_interfaces/lib:/usr/lib/x86_64-linux-gnu/gazebo-11/plugins:/opt/ros/humble/opt/rviz_ogre_vendor/lib:/opt/ros/humble/lib/x86_64-linux-gnu:/opt/ros/humble/lib /usr/bin/cmake --build /home/phubadine/turtlebot3_ws/build/turtlebot3_node -- -j16 -l16
[1.416s] Invoking command in '/home/phubadine/turtlebot3_ws/build/turtlebot3_node': CMAKE_PREFIX_PATH=/home/phubadine/turtlebot3_ws/install/turtlebot3_msgs:/home/phubadine/turtlebot3_ws/install/dynamixel_sdk:/home/phubadine/turtlebot3_ws/install/turtlebot3:/home/phubadine/turtlebot3_ws/install/turtlebot3_simulations:/home/phubadine/turtlebot3_ws/install/turtlebot3_bringup:/home/phubadine/turtlebot3_ws/install/turtlebot3_node:/home/phubadine/turtlebot3_ws/install/turtlebot3_navigation2:/home/phubadine/turtlebot3_ws/install/turtlebot3_fake_node:/home/phubadine/turtlebot3_ws/install/turtlebot3_gazebo:/home/phubadine/turtlebot3_ws/install/turtlebot3_description:/home/phubadine/turtlebot3_ws/install/turtlebot3_cartographer:/home/phubadine/turtlebot3_ws/install/dynamixel_sdk_examples:/home/phubadine/turtlebot3_ws/install/dynamixel_sdk_custom_interfaces:/home/phubadine/turtlebot3_ws/install/turtlebot3_teleop:/home/phubadine/turtlebot3_ws/install/turtlebot3_example:/opt/ros/humble LD_LIBRARY_PATH=/home/phubadine/turtlebot3_ws/install/turtlebot3_msgs/lib:/home/phubadine/turtlebot3_ws/install/dynamixel_sdk/lib:/home/phubadine/turtlebot3_ws/install/dynamixel_sdk_custom_interfaces/lib:/usr/lib/x86_64-linux-gnu/gazebo-11/plugins:/opt/ros/humble/opt/rviz_ogre_vendor/lib:/opt/ros/humble/lib/x86_64-linux-gnu:/opt/ros/humble/lib /usr/bin/cmake --install /home/phubadine/turtlebot3_ws/build/turtlebot3_node
[1.422s] -- Install configuration: ""
[1.423s] -- Execute custom install script
[1.423s] -- Up-to-date symlink: /home/phubadine/turtlebot3_ws/install/turtlebot3_node/share/turtlebot3_node/param/burger.yaml
[1.423s] -- Up-to-date symlink: /home/phubadine/turtlebot3_ws/install/turtlebot3_node/share/turtlebot3_node/param/waffle.yaml
[1.423s] -- Up-to-date symlink: /home/phubadine/turtlebot3_ws/install/turtlebot3_node/share/turtlebot3_node/param/waffle_pi.yaml
[1.423s] -- Up-to-date symlink: /home/phubadine/turtlebot3_ws/install/turtlebot3_node/lib/turtlebot3_node/turtlebot3_ros
[1.424s] -- Up-to-date symlink: /home/phubadine/turtlebot3_ws/install/turtlebot3_node/share/ament_index/resource_index/package_run_dependencies/turtlebot3_node
[1.424s] -- Up-to-date symlink: /home/phubadine/turtlebot3_ws/install/turtlebot3_node/share/ament_index/resource_index/parent_prefix_path/turtlebot3_node
[1.424s] -- Up-to-date symlink: /home/phubadine/turtlebot3_ws/install/turtlebot3_node/share/turtlebot3_node/environment/ament_prefix_path.sh
[1.424s] -- Up-to-date symlink: /home/phubadine/turtlebot3_ws/install/turtlebot3_node/share/turtlebot3_node/environment/ament_prefix_path.dsv
[1.424s] -- Up-to-date symlink: /home/phubadine/turtlebot3_ws/install/turtlebot3_node/share/turtlebot3_node/environment/path.sh
[1.424s] -- Up-to-date symlink: /home/phubadine/turtlebot3_ws/install/turtlebot3_node/share/turtlebot3_node/environment/path.dsv
[1.424s] -- Up-to-date symlink: /home/phubadine/turtlebot3_ws/install/turtlebot3_node/share/turtlebot3_node/local_setup.bash
[1.424s] -- Up-to-date symlink: /home/phubadine/turtlebot3_ws/install/turtlebot3_node/share/turtlebot3_node/local_setup.sh
[1.425s] -- Up-to-date symlink: /home/phubadine/turtlebot3_ws/install/turtlebot3_node/share/turtlebot3_node/local_setup.zsh
[1.425s] -- Up-to-date symlink: /home/phubadine/turtlebot3_ws/install/turtlebot3_node/share/turtlebot3_node/local_setup.dsv
[1.425s] -- Symlinking: /home/phubadine/turtlebot3_ws/install/turtlebot3_node/share/turtlebot3_node/package.dsv
[1.436s] -- Up-to-date symlink: /home/phubadine/turtlebot3_ws/install/turtlebot3_node/share/ament_index/resource_index/packages/turtlebot3_node
[1.436s] -- Up-to-date symlink: /home/phubadine/turtlebot3_ws/install/turtlebot3_node/share/turtlebot3_node/cmake/ament_cmake_export_include_directories-extras.cmake
[1.436s] -- Up-to-date symlink: /home/phubadine/turtlebot3_ws/install/turtlebot3_node/share/turtlebot3_node/cmake/turtlebot3_nodeConfig.cmake
[1.436s] -- Up-to-date symlink: /home/phubadine/turtlebot3_ws/install/turtlebot3_node/share/turtlebot3_node/cmake/turtlebot3_nodeConfig-version.cmake
[1.436s] -- Up-to-date symlink: /home/phubadine/turtlebot3_ws/install/turtlebot3_node/share/turtlebot3_node/package.xml
[1.437s] Invoked command in '/home/phubadine/turtlebot3_ws/build/turtlebot3_node' returned '0': CMAKE_PREFIX_PATH=/home/phubadine/turtlebot3_ws/install/turtlebot3_msgs:/home/phubadine/turtlebot3_ws/install/dynamixel_sdk:/home/phubadine/turtlebot3_ws/install/turtlebot3:/home/phubadine/turtlebot3_ws/install/turtlebot3_simulations:/home/phubadine/turtlebot3_ws/install/turtlebot3_bringup:/home/phubadine/turtlebot3_ws/install/turtlebot3_node:/home/phubadine/turtlebot3_ws/install/turtlebot3_navigation2:/home/phubadine/turtlebot3_ws/install/turtlebot3_fake_node:/home/phubadine/turtlebot3_ws/install/turtlebot3_gazebo:/home/phubadine/turtlebot3_ws/install/turtlebot3_description:/home/phubadine/turtlebot3_ws/install/turtlebot3_cartographer:/home/phubadine/turtlebot3_ws/install/dynamixel_sdk_examples:/home/phubadine/turtlebot3_ws/install/dynamixel_sdk_custom_interfaces:/home/phubadine/turtlebot3_ws/install/turtlebot3_teleop:/home/phubadine/turtlebot3_ws/install/turtlebot3_example:/opt/ros/humble LD_LIBRARY_PATH=/home/phubadine/turtlebot3_ws/install/turtlebot3_msgs/lib:/home/phubadine/turtlebot3_ws/install/dynamixel_sdk/lib:/home/phubadine/turtlebot3_ws/install/dynamixel_sdk_custom_interfaces/lib:/usr/lib/x86_64-linux-gnu/gazebo-11/plugins:/opt/ros/humble/opt/rviz_ogre_vendor/lib:/opt/ros/humble/lib/x86_64-linux-gnu:/opt/ros/humble/lib /usr/bin/cmake --install /home/phubadine/turtlebot3_ws/build/turtlebot3_node
