[0.731s] Invoking command in '/home/phubadine/turtlebot3_ws/build/turtlebot3_teleop': PYTHONPATH=/home/phubadine/turtlebot3_ws/build/turtlebot3_teleop/prefix_override:/home/phubadine/turtlebot3_ws/install/turtlebot3_teleop/lib/python3.10/site-packages:${PYTHONPATH} /usr/bin/python3 -W ignore:setup.py install is deprecated setup.py develop --editable --build-directory /home/phubadine/turtlebot3_ws/build/turtlebot3_teleop/build --no-deps symlink_data --force
[0.962s] running develop
[0.962s] /usr/lib/python3/dist-packages/setuptools/command/easy_install.py:158: EasyInstallDeprecationWarning: easy_install command is deprecated. Use build and pip and other standards-based tools.
[0.962s]   warnings.warn(
[1.126s] running egg_info
[1.126s] writing turtlebot3_teleop.egg-info/PKG-INFO
[1.127s] writing dependency_links to turtlebot3_teleop.egg-info/dependency_links.txt
[1.127s] writing entry points to turtlebot3_teleop.egg-info/entry_points.txt
[1.127s] writing requirements to turtlebot3_teleop.egg-info/requires.txt
[1.127s] writing top-level names to turtlebot3_teleop.egg-info/top_level.txt
[1.129s] reading manifest file 'turtlebot3_teleop.egg-info/SOURCES.txt'
[1.130s] writing manifest file 'turtlebot3_teleop.egg-info/SOURCES.txt'
[1.131s] running build_ext
[1.131s] Creating /home/phubadine/turtlebot3_ws/install/turtlebot3_teleop/lib/python3.10/site-packages/turtlebot3-teleop.egg-link (link to .)
[1.132s] Installing teleop_keyboard script to /home/phubadine/turtlebot3_ws/install/turtlebot3_teleop/lib/turtlebot3_teleop
[1.132s] 
[1.132s] Installed /home/phubadine/turtlebot3_ws/build/turtlebot3_teleop
[1.132s] running symlink_data
[1.132s] symbolically linking /home/phubadine/turtlebot3_ws/build/turtlebot3_teleop/resource/turtlebot3_teleop -> /home/phubadine/turtlebot3_ws/install/turtlebot3_teleop/share/ament_index/resource_index/packages
[1.132s] symbolically linking /home/phubadine/turtlebot3_ws/build/turtlebot3_teleop/package.xml -> /home/phubadine/turtlebot3_ws/install/turtlebot3_teleop/share/turtlebot3_teleop
[1.174s] Invoked command in '/home/phubadine/turtlebot3_ws/build/turtlebot3_teleop' returned '0': PYTHONPATH=/home/phubadine/turtlebot3_ws/build/turtlebot3_teleop/prefix_override:/home/phubadine/turtlebot3_ws/install/turtlebot3_teleop/lib/python3.10/site-packages:${PYTHONPATH} /usr/bin/python3 -W ignore:setup.py install is deprecated setup.py develop --editable --build-directory /home/phubadine/turtlebot3_ws/build/turtlebot3_teleop/build --no-deps symlink_data --force
