[0.319s] Invoking command in '/home/phubadine/turtlebot3_ws/build/turtlebot3_fake_node': AMENT_PREFIX_PATH=/home/phubadine/turtlebot3_ws/install/turtlebot3_msgs:${AMENT_PREFIX_PATH} CMAKE_PREFIX_PATH=/home/phubadine/turtlebot3_ws/install/turtlebot3_msgs:/opt/ros/humble LD_LIBRARY_PATH=/home/phubadine/turtlebot3_ws/install/turtlebot3_msgs/lib:${LD_LIBRARY_PATH} PYTHONPATH=/home/phubadine/turtlebot3_ws/install/turtlebot3_msgs/local/lib/python3.10/dist-packages:${PYTHONPATH} /usr/bin/cmake /home/phubadine/turtlebot3_ws/src/turtlebot3_simulations/turtlebot3_fake_node -DAMENT_CMAKE_SYMLINK_INSTALL=1 -DCMAKE_INSTALL_PREFIX=/home/phubadine/turtlebot3_ws/install/turtlebot3_fake_node
[0.382s] -- The C compiler identification is GNU 11.4.0
[0.442s] -- The CXX compiler identification is GNU 11.4.0
[0.453s] -- Detecting C compiler ABI info
[0.537s] -- Detecting C compiler ABI info - done
[0.550s] -- Check for working C compiler: /usr/bin/cc - skipped
[0.550s] -- Detecting C compile features
[0.551s] -- Detecting C compile features - done
[0.556s] -- Detecting CXX compiler ABI info
[0.649s] -- Detecting CXX compiler ABI info - done
[0.662s] -- Check for working CXX compiler: /usr/bin/c++ - skipped
[0.662s] -- Detecting CXX compile features
[0.663s] -- Detecting CXX compile features - done
[0.667s] -- Found ament_cmake: 1.3.8 (/opt/ros/humble/share/ament_cmake/cmake)
[0.830s] -- Found Python3: /usr/bin/python3 (found version "3.10.12") found components: Interpreter 
[0.897s] -- Override CMake install command with custom implementation using symlinks instead of copying resources
[0.946s] -- Found geometry_msgs: 4.2.3 (/opt/ros/humble/share/geometry_msgs/cmake)
[1.016s] -- Found rosidl_generator_c: 3.1.5 (/opt/ros/humble/share/rosidl_generator_c/cmake)
[1.026s] -- Found rosidl_adapter: 3.1.5 (/opt/ros/humble/share/rosidl_adapter/cmake)
[1.036s] -- Found rosidl_generator_cpp: 3.1.5 (/opt/ros/humble/share/rosidl_generator_cpp/cmake)
[1.050s] -- Using all available rosidl_typesupport_c: rosidl_typesupport_fastrtps_c;rosidl_typesupport_introspection_c
[1.070s] -- Using all available rosidl_typesupport_cpp: rosidl_typesupport_fastrtps_cpp;rosidl_typesupport_introspection_cpp
[1.182s] -- Found nav_msgs: 4.2.3 (/opt/ros/humble/share/nav_msgs/cmake)
[1.254s] -- Found rclcpp: 16.0.8 (/opt/ros/humble/share/rclcpp/cmake)
[1.309s] -- Found rmw_implementation_cmake: 6.1.1 (/opt/ros/humble/share/rmw_implementation_cmake/cmake)
[1.312s] -- Found rmw_fastrtps_cpp: 6.2.6 (/opt/ros/humble/share/rmw_fastrtps_cpp/cmake)
[1.423s] -- Found OpenSSL: /usr/lib/x86_64-linux-gnu/libcrypto.so (found version "3.0.2")  
[1.456s] -- Found FastRTPS: /opt/ros/humble/include  
[1.513s] -- Using RMW implementation 'rmw_fastrtps_cpp' as default
[1.523s] -- Looking for pthread.h
[1.600s] -- Looking for pthread.h - found
[1.600s] -- Performing Test CMAKE_HAVE_LIBC_PTHREAD
[1.677s] -- Performing Test CMAKE_HAVE_LIBC_PTHREAD - Success
[1.678s] -- Found Threads: TRUE  
[1.802s] -- Found sensor_msgs: 4.2.3 (/opt/ros/humble/share/sensor_msgs/cmake)
[1.885s] -- Found tf2: 0.25.6 (/opt/ros/humble/share/tf2/cmake)
[1.902s] -- Found tf2_msgs: 0.25.6 (/opt/ros/humble/share/tf2_msgs/cmake)
[2.048s] -- Found turtlebot3_msgs: 2.2.3 (/home/phubadine/turtlebot3_ws/install/turtlebot3_msgs/share/turtlebot3_msgs/cmake)
[2.195s] -- Configuring done
[2.209s] -- Generating done
[2.211s] -- Build files have been written to: /home/phubadine/turtlebot3_ws/build/turtlebot3_fake_node
[2.227s] Invoked command in '/home/phubadine/turtlebot3_ws/build/turtlebot3_fake_node' returned '0': AMENT_PREFIX_PATH=/home/phubadine/turtlebot3_ws/install/turtlebot3_msgs:${AMENT_PREFIX_PATH} CMAKE_PREFIX_PATH=/home/phubadine/turtlebot3_ws/install/turtlebot3_msgs:/opt/ros/humble LD_LIBRARY_PATH=/home/phubadine/turtlebot3_ws/install/turtlebot3_msgs/lib:${LD_LIBRARY_PATH} PYTHONPATH=/home/phubadine/turtlebot3_ws/install/turtlebot3_msgs/local/lib/python3.10/dist-packages:${PYTHONPATH} /usr/bin/cmake /home/phubadine/turtlebot3_ws/src/turtlebot3_simulations/turtlebot3_fake_node -DAMENT_CMAKE_SYMLINK_INSTALL=1 -DCMAKE_INSTALL_PREFIX=/home/phubadine/turtlebot3_ws/install/turtlebot3_fake_node
[2.229s] Invoking command in '/home/phubadine/turtlebot3_ws/build/turtlebot3_fake_node': AMENT_PREFIX_PATH=/home/phubadine/turtlebot3_ws/install/turtlebot3_msgs:${AMENT_PREFIX_PATH} CMAKE_PREFIX_PATH=/home/phubadine/turtlebot3_ws/install/turtlebot3_msgs:/opt/ros/humble LD_LIBRARY_PATH=/home/phubadine/turtlebot3_ws/install/turtlebot3_msgs/lib:${LD_LIBRARY_PATH} PYTHONPATH=/home/phubadine/turtlebot3_ws/install/turtlebot3_msgs/local/lib/python3.10/dist-packages:${PYTHONPATH} /usr/bin/cmake --build /home/phubadine/turtlebot3_ws/build/turtlebot3_fake_node -- -j16 -l16
[2.309s] [ 50%] [32mBuilding CXX object CMakeFiles/turtlebot3_fake_node.dir/src/turtlebot3_fake_node.cpp.o[0m
[15.026s] [100%] [32m[1mLinking CXX executable turtlebot3_fake_node[0m
[15.447s] [100%] Built target turtlebot3_fake_node
[15.460s] Invoked command in '/home/phubadine/turtlebot3_ws/build/turtlebot3_fake_node' returned '0': AMENT_PREFIX_PATH=/home/phubadine/turtlebot3_ws/install/turtlebot3_msgs:${AMENT_PREFIX_PATH} CMAKE_PREFIX_PATH=/home/phubadine/turtlebot3_ws/install/turtlebot3_msgs:/opt/ros/humble LD_LIBRARY_PATH=/home/phubadine/turtlebot3_ws/install/turtlebot3_msgs/lib:${LD_LIBRARY_PATH} PYTHONPATH=/home/phubadine/turtlebot3_ws/install/turtlebot3_msgs/local/lib/python3.10/dist-packages:${PYTHONPATH} /usr/bin/cmake --build /home/phubadine/turtlebot3_ws/build/turtlebot3_fake_node -- -j16 -l16
[15.486s] Invoking command in '/home/phubadine/turtlebot3_ws/build/turtlebot3_fake_node': AMENT_PREFIX_PATH=/home/phubadine/turtlebot3_ws/install/turtlebot3_msgs:${AMENT_PREFIX_PATH} CMAKE_PREFIX_PATH=/home/phubadine/turtlebot3_ws/install/turtlebot3_msgs:/opt/ros/humble LD_LIBRARY_PATH=/home/phubadine/turtlebot3_ws/install/turtlebot3_msgs/lib:${LD_LIBRARY_PATH} PYTHONPATH=/home/phubadine/turtlebot3_ws/install/turtlebot3_msgs/local/lib/python3.10/dist-packages:${PYTHONPATH} /usr/bin/cmake --install /home/phubadine/turtlebot3_ws/build/turtlebot3_fake_node
[15.493s] -- Install configuration: ""
[15.494s] -- Execute custom install script
[15.494s] -- Symlinking: /home/phubadine/turtlebot3_ws/install/turtlebot3_fake_node/lib/turtlebot3_fake_node/turtlebot3_fake_node
[15.503s] -- Symlinking: /home/phubadine/turtlebot3_ws/install/turtlebot3_fake_node/share/turtlebot3_fake_node/launch/rviz2.launch.py
[15.512s] -- Symlinking: /home/phubadine/turtlebot3_ws/install/turtlebot3_fake_node/share/turtlebot3_fake_node/launch/turtlebot3_fake_node.launch.py
[15.521s] -- Symlinking: /home/phubadine/turtlebot3_ws/install/turtlebot3_fake_node/share/turtlebot3_fake_node/param/burger.yaml
[15.530s] -- Symlinking: /home/phubadine/turtlebot3_ws/install/turtlebot3_fake_node/share/turtlebot3_fake_node/param/waffle.yaml
[15.539s] -- Symlinking: /home/phubadine/turtlebot3_ws/install/turtlebot3_fake_node/share/turtlebot3_fake_node/param/waffle_pi.yaml
[15.549s] -- Symlinking: /home/phubadine/turtlebot3_ws/install/turtlebot3_fake_node/include//turtlebot3_fake_node/turtlebot3_fake_node.hpp
[15.558s] -- Symlinking: /home/phubadine/turtlebot3_ws/install/turtlebot3_fake_node/share/ament_index/resource_index/package_run_dependencies/turtlebot3_fake_node
[15.568s] -- Symlinking: /home/phubadine/turtlebot3_ws/install/turtlebot3_fake_node/share/ament_index/resource_index/parent_prefix_path/turtlebot3_fake_node
[15.577s] -- Symlinking: /home/phubadine/turtlebot3_ws/install/turtlebot3_fake_node/share/turtlebot3_fake_node/environment/ament_prefix_path.sh
[15.586s] -- Symlinking: /home/phubadine/turtlebot3_ws/install/turtlebot3_fake_node/share/turtlebot3_fake_node/environment/ament_prefix_path.dsv
[15.595s] -- Symlinking: /home/phubadine/turtlebot3_ws/install/turtlebot3_fake_node/share/turtlebot3_fake_node/environment/path.sh
[15.604s] -- Symlinking: /home/phubadine/turtlebot3_ws/install/turtlebot3_fake_node/share/turtlebot3_fake_node/environment/path.dsv
[15.614s] -- Symlinking: /home/phubadine/turtlebot3_ws/install/turtlebot3_fake_node/share/turtlebot3_fake_node/local_setup.bash
[15.623s] -- Symlinking: /home/phubadine/turtlebot3_ws/install/turtlebot3_fake_node/share/turtlebot3_fake_node/local_setup.sh
[15.633s] -- Symlinking: /home/phubadine/turtlebot3_ws/install/turtlebot3_fake_node/share/turtlebot3_fake_node/local_setup.zsh
[15.642s] -- Symlinking: /home/phubadine/turtlebot3_ws/install/turtlebot3_fake_node/share/turtlebot3_fake_node/local_setup.dsv
[15.651s] -- Symlinking: /home/phubadine/turtlebot3_ws/install/turtlebot3_fake_node/share/turtlebot3_fake_node/package.dsv
[15.661s] -- Symlinking: /home/phubadine/turtlebot3_ws/install/turtlebot3_fake_node/share/ament_index/resource_index/packages/turtlebot3_fake_node
[15.670s] -- Symlinking: /home/phubadine/turtlebot3_ws/install/turtlebot3_fake_node/share/turtlebot3_fake_node/cmake/ament_cmake_export_include_directories-extras.cmake
[15.679s] -- Symlinking: /home/phubadine/turtlebot3_ws/install/turtlebot3_fake_node/share/turtlebot3_fake_node/cmake/ament_cmake_export_dependencies-extras.cmake
[15.688s] -- Symlinking: /home/phubadine/turtlebot3_ws/install/turtlebot3_fake_node/share/turtlebot3_fake_node/cmake/turtlebot3_fake_nodeConfig.cmake
[15.696s] -- Symlinking: /home/phubadine/turtlebot3_ws/install/turtlebot3_fake_node/share/turtlebot3_fake_node/cmake/turtlebot3_fake_nodeConfig-version.cmake
[15.706s] -- Symlinking: /home/phubadine/turtlebot3_ws/install/turtlebot3_fake_node/share/turtlebot3_fake_node/package.xml
[15.716s] Invoked command in '/home/phubadine/turtlebot3_ws/build/turtlebot3_fake_node' returned '0': AMENT_PREFIX_PATH=/home/phubadine/turtlebot3_ws/install/turtlebot3_msgs:${AMENT_PREFIX_PATH} CMAKE_PREFIX_PATH=/home/phubadine/turtlebot3_ws/install/turtlebot3_msgs:/opt/ros/humble LD_LIBRARY_PATH=/home/phubadine/turtlebot3_ws/install/turtlebot3_msgs/lib:${LD_LIBRARY_PATH} PYTHONPATH=/home/phubadine/turtlebot3_ws/install/turtlebot3_msgs/local/lib/python3.10/dist-packages:${PYTHONPATH} /usr/bin/cmake --install /home/phubadine/turtlebot3_ws/build/turtlebot3_fake_node
