[0.029s] Invoking command in '/home/phubadine/turtlebot3_ws/build/turtlebot3_gazebo': CMAKE_PREFIX_PATH=${CMAKE_PREFIX_PATH}:/home/phubadine/turtlebot3_ws/install/turtlebot3_teleop:/home/phubadine/turtlebot3_ws/install/turtlebot3_example:/opt/ros/humble /usr/bin/cmake /home/phubadine/turtlebot3_ws/src/turtlebot3_simulations/turtlebot3_gazebo -DAMENT_CMAKE_SYMLINK_INSTALL=1 -DCMAKE_INSTALL_PREFIX=/home/phubadine/turtlebot3_ws/install/turtlebot3_gazebo
[0.053s] -- Found ament_cmake: 1.3.8 (/opt/ros/humble/share/ament_cmake/cmake)
[0.183s] -- Override CMake install command with custom implementation using symlinks instead of copying resources
[0.203s] [33mCMake Warning (dev) at /usr/share/cmake-3.22/Modules/FindPackageHandleStandardArgs.cmake:438 (message):
[0.204s]   The package name passed to `find_package_handle_standard_args` (PkgConfig)
[0.204s]   does not match the name of the calling package (gazebo).  This can lead to
[0.204s]   problems in calling code that expects `find_package` result variables
[0.204s]   (e.g., `_FOUND`) to follow a certain pattern.
[0.204s] Call Stack (most recent call first):
[0.204s]   /usr/share/cmake-3.22/Modules/FindPkgConfig.cmake:99 (find_package_handle_standard_args)
[0.204s]   /usr/lib/x86_64-linux-gnu/cmake/gazebo/gazebo-config.cmake:72 (include)
[0.204s]   CMakeLists.txt:23 (find_package)
[0.204s] This warning is for project developers.  Use -Wno-dev to suppress it.
[0.205s] [0m
[0.238s] -- Found DART: /usr/include (Required is at least version "6.6") found components: dart 
[0.282s] -- Found Protobuf: /usr/lib/x86_64-linux-gnu/libprotobuf.so (found version "3.12.4") 
[0.284s] -- Looking for ignition-math6 -- found version 6.15.1
[0.291s] -- Searching for dependencies of ignition-math6
[0.293s] -- Looking for OGRE...
[0.300s] -- Found Ogre Ghadamon (1.9.0)
[0.300s] -- Found OGRE: optimized;/usr/lib/x86_64-linux-gnu/libOgreMain.so;debug;/usr/lib/x86_64-linux-gnu/libOgreMain.so
[0.309s] -- Looking for OGRE_Paging...
[0.309s] -- Found OGRE_Paging: optimized;/usr/lib/x86_64-linux-gnu/libOgrePaging.so;debug;/usr/lib/x86_64-linux-gnu/libOgrePaging.so
[0.309s] -- Looking for OGRE_Terrain...
[0.309s] -- Found OGRE_Terrain: optimized;/usr/lib/x86_64-linux-gnu/libOgreTerrain.so;debug;/usr/lib/x86_64-linux-gnu/libOgreTerrain.so
[0.310s] -- Looking for OGRE_Property...
[0.310s] -- Found OGRE_Property: optimized;/usr/lib/x86_64-linux-gnu/libOgreProperty.so;debug;/usr/lib/x86_64-linux-gnu/libOgreProperty.so
[0.310s] -- Looking for OGRE_RTShaderSystem...
[0.310s] -- Found OGRE_RTShaderSystem: optimized;/usr/lib/x86_64-linux-gnu/libOgreRTShaderSystem.so;debug;/usr/lib/x86_64-linux-gnu/libOgreRTShaderSystem.so
[0.310s] -- Looking for OGRE_Volume...
[0.310s] -- Found OGRE_Volume: optimized;/usr/lib/x86_64-linux-gnu/libOgreVolume.so;debug;/usr/lib/x86_64-linux-gnu/libOgreVolume.so
[0.310s] -- Looking for OGRE_Overlay...
[0.310s] -- Found OGRE_Overlay: optimized;/usr/lib/x86_64-linux-gnu/libOgreOverlay.so;debug;/usr/lib/x86_64-linux-gnu/libOgreOverlay.so
[0.490s] -- Looking for ignition-math6 -- found version 6.15.1
[0.490s] -- Looking for ignition-transport8 -- found version 8.2.1
[0.491s] -- Searching for dependencies of ignition-transport8
[0.511s] -- Found Protobuf: /usr/lib/x86_64-linux-gnu/libprotobuf.so (found suitable version "3.12.4", minimum required is "3") 
[0.525s] -- Config-file not installed for ZeroMQ -- checking for pkg-config
[0.530s] -- Checking for module 'libzmq >= 4'
[0.548s] --   Found libzmq , version 4.3.4
[0.595s] -- Checking for module 'uuid'
[0.611s] --   Found uuid, version 2.37.2
[0.648s] -- Looking for ignition-msgs5 -- found version 5.8.1
[0.649s] -- Searching for dependencies of ignition-msgs5
[0.669s] -- Looking for ignition-math6 -- found version 6.15.1
[0.674s] -- Checking for module 'tinyxml2'
[0.689s] --   Found tinyxml2, version 9.0.0
[0.731s] -- Looking for ignition-msgs5 -- found version 5.8.1
[0.731s] -- Looking for ignition-common3 -- found version 3.14.0
[0.732s] -- Searching for dependencies of ignition-common3
[0.732s] -- Looking for dlfcn.h - found
[0.732s] -- Looking for libdl - found
[0.744s] -- Searching for <ignition-common3> component [graphics]
[0.745s] -- Looking for ignition-common3-graphics -- found version 3.14.0
[0.745s] -- Searching for dependencies of ignition-common3-graphics
[0.746s] -- Looking for ignition-math6 -- found version 6.15.1
[0.747s] -- Looking for ignition-fuel_tools4 -- found version 4.4.0
[0.747s] -- Searching for dependencies of ignition-fuel_tools4
[0.791s] -- Checking for module 'jsoncpp'
[0.807s] --   Found jsoncpp, version 1.9.5
[0.851s] -- Checking for module 'libzip'
[0.867s] --   Found libzip, version 1.7.3
[0.904s] -- Looking for ignition-common3 -- found version 3.14.0
[0.905s] -- Looking for ignition-math6 -- found version 6.15.1
[0.905s] -- Looking for ignition-msgs5 -- found version 5.8.1
[0.908s] -- Found gazebo_ros_pkgs: 3.7.0 (/opt/ros/humble/share/gazebo_ros_pkgs/cmake)
[0.909s] -- Found geometry_msgs: 4.2.3 (/opt/ros/humble/share/geometry_msgs/cmake)
[0.926s] -- Found rosidl_generator_c: 3.1.5 (/opt/ros/humble/share/rosidl_generator_c/cmake)
[0.928s] -- Found rosidl_adapter: 3.1.5 (/opt/ros/humble/share/rosidl_adapter/cmake)
[0.933s] -- Found rosidl_generator_cpp: 3.1.5 (/opt/ros/humble/share/rosidl_generator_cpp/cmake)
[0.944s] -- Using all available rosidl_typesupport_c: rosidl_typesupport_fastrtps_c;rosidl_typesupport_introspection_c
[0.959s] -- Using all available rosidl_typesupport_cpp: rosidl_typesupport_fastrtps_cpp;rosidl_typesupport_introspection_cpp
[1.061s] -- Found nav_msgs: 4.2.3 (/opt/ros/humble/share/nav_msgs/cmake)
[1.134s] -- Found rclcpp: 16.0.8 (/opt/ros/humble/share/rclcpp/cmake)
[1.195s] -- Found rmw_implementation_cmake: 6.1.1 (/opt/ros/humble/share/rmw_implementation_cmake/cmake)
[1.201s] -- Found rmw_cyclonedds_cpp: 1.3.4 (/opt/ros/humble/share/rmw_cyclonedds_cpp/cmake)
[1.240s] -- Using RMW implementation 'rmw_cyclonedds_cpp' as default
[1.360s] -- Found sensor_msgs: 4.2.3 (/opt/ros/humble/share/sensor_msgs/cmake)
[1.433s] -- Found tf2: 0.25.6 (/opt/ros/humble/share/tf2/cmake)
[1.507s] -- Configuring done
[1.558s] -- Generating done
[1.561s] -- Build files have been written to: /home/phubadine/turtlebot3_ws/build/turtlebot3_gazebo
[1.571s] Invoked command in '/home/phubadine/turtlebot3_ws/build/turtlebot3_gazebo' returned '0': CMAKE_PREFIX_PATH=${CMAKE_PREFIX_PATH}:/home/phubadine/turtlebot3_ws/install/turtlebot3_teleop:/home/phubadine/turtlebot3_ws/install/turtlebot3_example:/opt/ros/humble /usr/bin/cmake /home/phubadine/turtlebot3_ws/src/turtlebot3_simulations/turtlebot3_gazebo -DAMENT_CMAKE_SYMLINK_INSTALL=1 -DCMAKE_INSTALL_PREFIX=/home/phubadine/turtlebot3_ws/install/turtlebot3_gazebo
[1.572s] Invoking command in '/home/phubadine/turtlebot3_ws/build/turtlebot3_gazebo': CMAKE_PREFIX_PATH=${CMAKE_PREFIX_PATH}:/home/phubadine/turtlebot3_ws/install/turtlebot3_teleop:/home/phubadine/turtlebot3_ws/install/turtlebot3_example:/opt/ros/humble /usr/bin/cmake --build /home/phubadine/turtlebot3_ws/build/turtlebot3_gazebo -- -j16 -l16
[1.616s] [35m[1mConsolidate compiler generated dependencies of target turtlebot3_drive[0m
[1.617s] [35m[1mConsolidate compiler generated dependencies of target obstacle2[0m
[1.618s] [35m[1mConsolidate compiler generated dependencies of target obstacles[0m
[1.618s] [35m[1mConsolidate compiler generated dependencies of target obstacle1[0m
[1.644s] [ 12%] [32mBuilding CXX object CMakeFiles/turtlebot3_drive.dir/src/turtlebot3_drive.cpp.o[0m
[1.703s] [ 37%] [32mBuilding CXX object CMakeFiles/obstacle2.dir/models/turtlebot3_dqn_world/obstacle_plugin/obstacle2.cc.o[0m
[1.703s] [ 37%] [32mBuilding CXX object CMakeFiles/obstacle1.dir/models/turtlebot3_dqn_world/obstacle_plugin/obstacle1.cc.o[0m
[1.703s] [ 50%] [32mBuilding CXX object CMakeFiles/obstacles.dir/models/turtlebot3_dqn_world/obstacle_plugin/obstacles.cc.o[0m
[12.264s] [ 62%] [32m[1mLinking CXX executable turtlebot3_drive[0m
[12.704s] [ 75%] [32m[1mLinking CXX shared library libobstacle2.so[0m
[12.705s] [ 87%] [32m[1mLinking CXX shared library libobstacle1.so[0m
[12.711s] [100%] [32m[1mLinking CXX shared library libobstacles.so[0m
[12.806s] [100%] Built target turtlebot3_drive
[12.963s] [100%] Built target obstacle1
[12.970s] [100%] Built target obstacles
[12.970s] [100%] Built target obstacle2
[12.981s] Invoked command in '/home/phubadine/turtlebot3_ws/build/turtlebot3_gazebo' returned '0': CMAKE_PREFIX_PATH=${CMAKE_PREFIX_PATH}:/home/phubadine/turtlebot3_ws/install/turtlebot3_teleop:/home/phubadine/turtlebot3_ws/install/turtlebot3_example:/opt/ros/humble /usr/bin/cmake --build /home/phubadine/turtlebot3_ws/build/turtlebot3_gazebo -- -j16 -l16
[13.024s] Invoking command in '/home/phubadine/turtlebot3_ws/build/turtlebot3_gazebo': CMAKE_PREFIX_PATH=${CMAKE_PREFIX_PATH}:/home/phubadine/turtlebot3_ws/install/turtlebot3_teleop:/home/phubadine/turtlebot3_ws/install/turtlebot3_example:/opt/ros/humble /usr/bin/cmake --install /home/phubadine/turtlebot3_ws/build/turtlebot3_gazebo
[13.030s] -- Install configuration: ""
[13.031s] -- Execute custom install script
[13.032s] -- Up-to-date symlink: /home/phubadine/turtlebot3_ws/install/turtlebot3_gazebo/lib/turtlebot3_gazebo/turtlebot3_drive
[13.032s] -- Up-to-date symlink: /home/phubadine/turtlebot3_ws/install/turtlebot3_gazebo/share/turtlebot3_gazebo//launch/empty_world.launch.py
[13.032s] -- Up-to-date symlink: /home/phubadine/turtlebot3_ws/install/turtlebot3_gazebo/share/turtlebot3_gazebo//launch/robot_state_publisher.launch.py
[13.032s] -- Up-to-date symlink: /home/phubadine/turtlebot3_ws/install/turtlebot3_gazebo/share/turtlebot3_gazebo//launch/spawn_turtlebot3.launch.py
[13.032s] -- Up-to-date symlink: /home/phubadine/turtlebot3_ws/install/turtlebot3_gazebo/share/turtlebot3_gazebo//launch/turtlebot3_dqn_stage1.launch.py
[13.032s] -- Up-to-date symlink: /home/phubadine/turtlebot3_ws/install/turtlebot3_gazebo/share/turtlebot3_gazebo//launch/turtlebot3_dqn_stage2.launch.py
[13.033s] -- Up-to-date symlink: /home/phubadine/turtlebot3_ws/install/turtlebot3_gazebo/share/turtlebot3_gazebo//launch/turtlebot3_dqn_stage3.launch.py
[13.033s] -- Up-to-date symlink: /home/phubadine/turtlebot3_ws/install/turtlebot3_gazebo/share/turtlebot3_gazebo//launch/turtlebot3_dqn_stage4.launch.py
[13.033s] -- Up-to-date symlink: /home/phubadine/turtlebot3_ws/install/turtlebot3_gazebo/share/turtlebot3_gazebo//launch/turtlebot3_house.launch.py
[13.033s] -- Up-to-date symlink: /home/phubadine/turtlebot3_ws/install/turtlebot3_gazebo/share/turtlebot3_gazebo//launch/turtlebot3_world.launch.py
[13.034s] -- Up-to-date symlink: /home/phubadine/turtlebot3_ws/install/turtlebot3_gazebo/share/turtlebot3_gazebo//models/turtlebot3_burger/model-1_4.sdf
[13.034s] -- Up-to-date symlink: /home/phubadine/turtlebot3_ws/install/turtlebot3_gazebo/share/turtlebot3_gazebo//models/turtlebot3_burger/model.config
[13.034s] -- Up-to-date symlink: /home/phubadine/turtlebot3_ws/install/turtlebot3_gazebo/share/turtlebot3_gazebo//models/turtlebot3_burger/model.sdf
[13.034s] -- Up-to-date symlink: /home/phubadine/turtlebot3_ws/install/turtlebot3_gazebo/share/turtlebot3_gazebo//models/turtlebot3_common/meshes/burger_base.dae
[13.034s] -- Up-to-date symlink: /home/phubadine/turtlebot3_ws/install/turtlebot3_gazebo/share/turtlebot3_gazebo//models/turtlebot3_common/meshes/lds.dae
[13.035s] -- Up-to-date symlink: /home/phubadine/turtlebot3_ws/install/turtlebot3_gazebo/share/turtlebot3_gazebo//models/turtlebot3_common/meshes/r200.dae
[13.035s] -- Up-to-date symlink: /home/phubadine/turtlebot3_ws/install/turtlebot3_gazebo/share/turtlebot3_gazebo//models/turtlebot3_common/meshes/tire.dae
[13.035s] -- Up-to-date symlink: /home/phubadine/turtlebot3_ws/install/turtlebot3_gazebo/share/turtlebot3_gazebo//models/turtlebot3_common/meshes/waffle_base.dae
[13.035s] -- Up-to-date symlink: /home/phubadine/turtlebot3_ws/install/turtlebot3_gazebo/share/turtlebot3_gazebo//models/turtlebot3_common/meshes/waffle_pi_base.dae
[13.035s] -- Up-to-date symlink: /home/phubadine/turtlebot3_ws/install/turtlebot3_gazebo/share/turtlebot3_gazebo//models/turtlebot3_common/model.config
[13.035s] -- Up-to-date symlink: /home/phubadine/turtlebot3_ws/install/turtlebot3_gazebo/share/turtlebot3_gazebo//models/turtlebot3_dqn_world/goal_box/model.config
[13.036s] -- Up-to-date symlink: /home/phubadine/turtlebot3_ws/install/turtlebot3_gazebo/share/turtlebot3_gazebo//models/turtlebot3_dqn_world/goal_box/model.sdf
[13.036s] -- Up-to-date symlink: /home/phubadine/turtlebot3_ws/install/turtlebot3_gazebo/share/turtlebot3_gazebo//models/turtlebot3_dqn_world/inner_walls/model.config
[13.036s] -- Up-to-date symlink: /home/phubadine/turtlebot3_ws/install/turtlebot3_gazebo/share/turtlebot3_gazebo//models/turtlebot3_dqn_world/inner_walls/model.sdf
[13.036s] -- Up-to-date symlink: /home/phubadine/turtlebot3_ws/install/turtlebot3_gazebo/share/turtlebot3_gazebo//models/turtlebot3_dqn_world/model.config
[13.036s] -- Up-to-date symlink: /home/phubadine/turtlebot3_ws/install/turtlebot3_gazebo/share/turtlebot3_gazebo//models/turtlebot3_dqn_world/model.sdf
[13.036s] -- Up-to-date symlink: /home/phubadine/turtlebot3_ws/install/turtlebot3_gazebo/share/turtlebot3_gazebo//models/turtlebot3_dqn_world/obstacle1/model.config
[13.036s] -- Up-to-date symlink: /home/phubadine/turtlebot3_ws/install/turtlebot3_gazebo/share/turtlebot3_gazebo//models/turtlebot3_dqn_world/obstacle1/model.sdf
[13.037s] -- Up-to-date symlink: /home/phubadine/turtlebot3_ws/install/turtlebot3_gazebo/share/turtlebot3_gazebo//models/turtlebot3_dqn_world/obstacle2/model.config
[13.037s] -- Up-to-date symlink: /home/phubadine/turtlebot3_ws/install/turtlebot3_gazebo/share/turtlebot3_gazebo//models/turtlebot3_dqn_world/obstacle2/model.sdf
[13.037s] -- Up-to-date symlink: /home/phubadine/turtlebot3_ws/install/turtlebot3_gazebo/share/turtlebot3_gazebo//models/turtlebot3_dqn_world/obstacle_plugin/CMakeLists.txt
[13.037s] -- Up-to-date symlink: /home/phubadine/turtlebot3_ws/install/turtlebot3_gazebo/share/turtlebot3_gazebo//models/turtlebot3_dqn_world/obstacle_plugin/obstacle1.cc
[13.037s] -- Up-to-date symlink: /home/phubadine/turtlebot3_ws/install/turtlebot3_gazebo/share/turtlebot3_gazebo//models/turtlebot3_dqn_world/obstacle_plugin/obstacle2.cc
[13.037s] -- Up-to-date symlink: /home/phubadine/turtlebot3_ws/install/turtlebot3_gazebo/share/turtlebot3_gazebo//models/turtlebot3_dqn_world/obstacle_plugin/obstacles.cc
[13.038s] -- Up-to-date symlink: /home/phubadine/turtlebot3_ws/install/turtlebot3_gazebo/share/turtlebot3_gazebo//models/turtlebot3_dqn_world/obstacles/model.config
[13.038s] -- Up-to-date symlink: /home/phubadine/turtlebot3_ws/install/turtlebot3_gazebo/share/turtlebot3_gazebo//models/turtlebot3_dqn_world/obstacles/model.sdf
[13.038s] -- Up-to-date symlink: /home/phubadine/turtlebot3_ws/install/turtlebot3_gazebo/share/turtlebot3_gazebo//models/turtlebot3_house/model.config
[13.038s] -- Up-to-date symlink: /home/phubadine/turtlebot3_ws/install/turtlebot3_gazebo/share/turtlebot3_gazebo//models/turtlebot3_house/model.sdf
[13.038s] -- Up-to-date symlink: /home/phubadine/turtlebot3_ws/install/turtlebot3_gazebo/share/turtlebot3_gazebo//models/turtlebot3_waffle/model-1_4.sdf
[13.038s] -- Up-to-date symlink: /home/phubadine/turtlebot3_ws/install/turtlebot3_gazebo/share/turtlebot3_gazebo//models/turtlebot3_waffle/model.config
[13.038s] -- Up-to-date symlink: /home/phubadine/turtlebot3_ws/install/turtlebot3_gazebo/share/turtlebot3_gazebo//models/turtlebot3_waffle/model.sdf
[13.039s] -- Up-to-date symlink: /home/phubadine/turtlebot3_ws/install/turtlebot3_gazebo/share/turtlebot3_gazebo//models/turtlebot3_waffle_pi/model-1_4_.sdf
[13.039s] -- Up-to-date symlink: /home/phubadine/turtlebot3_ws/install/turtlebot3_gazebo/share/turtlebot3_gazebo//models/turtlebot3_waffle_pi/model.config
[13.039s] -- Up-to-date symlink: /home/phubadine/turtlebot3_ws/install/turtlebot3_gazebo/share/turtlebot3_gazebo//models/turtlebot3_waffle_pi/model.sdf
[13.039s] -- Up-to-date symlink: /home/phubadine/turtlebot3_ws/install/turtlebot3_gazebo/share/turtlebot3_gazebo//models/turtlebot3_world/meshes/hexagon.dae
[13.039s] -- Up-to-date symlink: /home/phubadine/turtlebot3_ws/install/turtlebot3_gazebo/share/turtlebot3_gazebo//models/turtlebot3_world/meshes/wall.dae
[13.039s] -- Up-to-date symlink: /home/phubadine/turtlebot3_ws/install/turtlebot3_gazebo/share/turtlebot3_gazebo//models/turtlebot3_world/model-1_4.sdf
[13.040s] -- Up-to-date symlink: /home/phubadine/turtlebot3_ws/install/turtlebot3_gazebo/share/turtlebot3_gazebo//models/turtlebot3_world/model.config
[13.040s] -- Up-to-date symlink: /home/phubadine/turtlebot3_ws/install/turtlebot3_gazebo/share/turtlebot3_gazebo//models/turtlebot3_world/model.sdf
[13.040s] -- Up-to-date symlink: /home/phubadine/turtlebot3_ws/install/turtlebot3_gazebo/share/turtlebot3_gazebo//rviz/tb3_gazebo.rviz
[13.040s] -- Up-to-date symlink: /home/phubadine/turtlebot3_ws/install/turtlebot3_gazebo/share/turtlebot3_gazebo//urdf/common_properties.urdf
[13.041s] -- Up-to-date symlink: /home/phubadine/turtlebot3_ws/install/turtlebot3_gazebo/share/turtlebot3_gazebo//urdf/turtlebot3_burger.urdf
[13.041s] -- Up-to-date symlink: /home/phubadine/turtlebot3_ws/install/turtlebot3_gazebo/share/turtlebot3_gazebo//urdf/turtlebot3_waffle.urdf
[13.041s] -- Up-to-date symlink: /home/phubadine/turtlebot3_ws/install/turtlebot3_gazebo/share/turtlebot3_gazebo//urdf/turtlebot3_waffle_pi.urdf
[13.041s] -- Up-to-date symlink: /home/phubadine/turtlebot3_ws/install/turtlebot3_gazebo/share/turtlebot3_gazebo//worlds/empty_world.world
[13.041s] -- Up-to-date symlink: /home/phubadine/turtlebot3_ws/install/turtlebot3_gazebo/share/turtlebot3_gazebo//worlds/turtlebot3_dqn_stage1.world
[13.041s] -- Up-to-date symlink: /home/phubadine/turtlebot3_ws/install/turtlebot3_gazebo/share/turtlebot3_gazebo//worlds/turtlebot3_dqn_stage2.world
[13.041s] -- Up-to-date symlink: /home/phubadine/turtlebot3_ws/install/turtlebot3_gazebo/share/turtlebot3_gazebo//worlds/turtlebot3_dqn_stage3.world
[13.042s] -- Up-to-date symlink: /home/phubadine/turtlebot3_ws/install/turtlebot3_gazebo/share/turtlebot3_gazebo//worlds/turtlebot3_dqn_stage4.world
[13.042s] -- Up-to-date symlink: /home/phubadine/turtlebot3_ws/install/turtlebot3_gazebo/share/turtlebot3_gazebo//worlds/turtlebot3_house.world
[13.042s] -- Up-to-date symlink: /home/phubadine/turtlebot3_ws/install/turtlebot3_gazebo/share/turtlebot3_gazebo//worlds/turtlebot3_world.world
[13.042s] -- Up-to-date symlink: /home/phubadine/turtlebot3_ws/install/turtlebot3_gazebo/include//turtlebot3_gazebo/turtlebot3_drive.hpp
[13.042s] -- Up-to-date symlink: /home/phubadine/turtlebot3_ws/install/turtlebot3_gazebo/share/ament_index/resource_index/package_run_dependencies/turtlebot3_gazebo
[13.043s] -- Up-to-date symlink: /home/phubadine/turtlebot3_ws/install/turtlebot3_gazebo/share/ament_index/resource_index/parent_prefix_path/turtlebot3_gazebo
[13.043s] -- Up-to-date symlink: /home/phubadine/turtlebot3_ws/install/turtlebot3_gazebo/share/turtlebot3_gazebo/environment/ament_prefix_path.sh
[13.043s] -- Up-to-date symlink: /home/phubadine/turtlebot3_ws/install/turtlebot3_gazebo/share/turtlebot3_gazebo/environment/ament_prefix_path.dsv
[13.043s] -- Up-to-date symlink: /home/phubadine/turtlebot3_ws/install/turtlebot3_gazebo/share/turtlebot3_gazebo/environment/path.sh
[13.043s] -- Up-to-date symlink: /home/phubadine/turtlebot3_ws/install/turtlebot3_gazebo/share/turtlebot3_gazebo/environment/path.dsv
[13.043s] -- Up-to-date symlink: /home/phubadine/turtlebot3_ws/install/turtlebot3_gazebo/share/turtlebot3_gazebo/local_setup.bash
[13.044s] -- Up-to-date symlink: /home/phubadine/turtlebot3_ws/install/turtlebot3_gazebo/share/turtlebot3_gazebo/local_setup.sh
[13.044s] -- Up-to-date symlink: /home/phubadine/turtlebot3_ws/install/turtlebot3_gazebo/share/turtlebot3_gazebo/local_setup.zsh
[13.044s] -- Up-to-date symlink: /home/phubadine/turtlebot3_ws/install/turtlebot3_gazebo/share/turtlebot3_gazebo/local_setup.dsv
[13.044s] -- Symlinking: /home/phubadine/turtlebot3_ws/install/turtlebot3_gazebo/share/turtlebot3_gazebo/package.dsv
[13.053s] -- Up-to-date symlink: /home/phubadine/turtlebot3_ws/install/turtlebot3_gazebo/share/ament_index/resource_index/packages/turtlebot3_gazebo
[13.053s] -- Up-to-date symlink: /home/phubadine/turtlebot3_ws/install/turtlebot3_gazebo/share/turtlebot3_gazebo/cmake/ament_cmake_export_include_directories-extras.cmake
[13.053s] -- Up-to-date symlink: /home/phubadine/turtlebot3_ws/install/turtlebot3_gazebo/share/turtlebot3_gazebo/cmake/ament_cmake_export_dependencies-extras.cmake
[13.053s] -- Up-to-date symlink: /home/phubadine/turtlebot3_ws/install/turtlebot3_gazebo/share/turtlebot3_gazebo/cmake/turtlebot3_gazeboConfig.cmake
[13.054s] -- Up-to-date symlink: /home/phubadine/turtlebot3_ws/install/turtlebot3_gazebo/share/turtlebot3_gazebo/cmake/turtlebot3_gazeboConfig-version.cmake
[13.054s] -- Up-to-date symlink: /home/phubadine/turtlebot3_ws/install/turtlebot3_gazebo/share/turtlebot3_gazebo/package.xml
[13.056s] Invoked command in '/home/phubadine/turtlebot3_ws/build/turtlebot3_gazebo' returned '0': CMAKE_PREFIX_PATH=${CMAKE_PREFIX_PATH}:/home/phubadine/turtlebot3_ws/install/turtlebot3_teleop:/home/phubadine/turtlebot3_ws/install/turtlebot3_example:/opt/ros/humble /usr/bin/cmake --install /home/phubadine/turtlebot3_ws/build/turtlebot3_gazebo
