[0.644s] Invoking command in '/home/phubadine/turtlebot3_ws/src/turtlebot3/turtlebot3_teleop': PYTHONPATH=/home/phubadine/turtlebot3_ws/build/turtlebot3_teleop/prefix_override:/home/phubadine/turtlebot3_ws/install/turtlebot3_teleop/lib/python3.10/site-packages:${PYTHONPATH} /usr/bin/python3 -W ignore:setup.py install is deprecated setup.py egg_info --egg-base ../../../build/turtlebot3_teleop build --build-base /home/phubadine/turtlebot3_ws/build/turtlebot3_teleop/build install --record /home/phubadine/turtlebot3_ws/build/turtlebot3_teleop/install.log --single-version-externally-managed install_data
[0.853s] running egg_info
[0.853s] writing ../../../build/turtlebot3_teleop/turtlebot3_teleop.egg-info/PKG-INFO
[0.853s] writing dependency_links to ../../../build/turtlebot3_teleop/turtlebot3_teleop.egg-info/dependency_links.txt
[0.854s] writing entry points to ../../../build/turtlebot3_teleop/turtlebot3_teleop.egg-info/entry_points.txt
[0.854s] writing requirements to ../../../build/turtlebot3_teleop/turtlebot3_teleop.egg-info/requires.txt
[0.854s] writing top-level names to ../../../build/turtlebot3_teleop/turtlebot3_teleop.egg-info/top_level.txt
[0.855s] reading manifest file '../../../build/turtlebot3_teleop/turtlebot3_teleop.egg-info/SOURCES.txt'
[0.856s] writing manifest file '../../../build/turtlebot3_teleop/turtlebot3_teleop.egg-info/SOURCES.txt'
[0.856s] running build
[0.856s] running build_py
[0.856s] running install
[0.857s] running install_lib
[0.857s] running install_data
[0.858s] running install_egg_info
[0.860s] removing '/home/phubadine/turtlebot3_ws/install/turtlebot3_teleop/lib/python3.10/site-packages/turtlebot3_teleop-2.1.5-py3.10.egg-info' (and everything under it)
[0.860s] Copying ../../../build/turtlebot3_teleop/turtlebot3_teleop.egg-info to /home/phubadine/turtlebot3_ws/install/turtlebot3_teleop/lib/python3.10/site-packages/turtlebot3_teleop-2.1.5-py3.10.egg-info
[0.861s] running install_scripts
[0.878s] Installing teleop_keyboard script to /home/phubadine/turtlebot3_ws/install/turtlebot3_teleop/lib/turtlebot3_teleop
[0.879s] writing list of installed files to '/home/phubadine/turtlebot3_ws/build/turtlebot3_teleop/install.log'
[1.124s] Invoked command in '/home/phubadine/turtlebot3_ws/src/turtlebot3/turtlebot3_teleop' returned '0': PYTHONPATH=/home/phubadine/turtlebot3_ws/build/turtlebot3_teleop/prefix_override:/home/phubadine/turtlebot3_ws/install/turtlebot3_teleop/lib/python3.10/site-packages:${PYTHONPATH} /usr/bin/python3 -W ignore:setup.py install is deprecated setup.py egg_info --egg-base ../../../build/turtlebot3_teleop build --build-base /home/phubadine/turtlebot3_ws/build/turtlebot3_teleop/build install --record /home/phubadine/turtlebot3_ws/build/turtlebot3_teleop/install.log --single-version-externally-managed install_data
