[0.049s] Invoking command in '/home/phubadine/turtlebot3_ws/build/turtlebot3_gazebo': CMAKE_PREFIX_PATH=${CMAKE_PREFIX_PATH}:/home/phubadine/turtlebot3_ws/install/turtlebot3_teleop:/home/phubadine/turtlebot3_ws/install/turtlebot3_example:/opt/ros/humble /usr/bin/cmake /home/phubadine/turtlebot3_ws/src/turtlebot3_simulations/turtlebot3_gazebo -DCMAKE_INSTALL_PREFIX=/home/phubadine/turtlebot3_ws/install/turtlebot3_gazebo
[0.077s] -- Found ament_cmake: 1.3.8 (/opt/ros/humble/share/ament_cmake/cmake)
[0.412s] -- Override CMake install command with custom implementation using symlinks instead of copying resources
[0.484s] [33mCMake Warning (dev) at /usr/share/cmake-3.22/Modules/FindPackageHandleStandardArgs.cmake:438 (message):
[0.484s]   The package name passed to `find_package_handle_standard_args` (PkgConfig)
[0.484s]   does not match the name of the calling package (gazebo).  This can lead to
[0.484s]   problems in calling code that expects `find_package` result variables
[0.484s]   (e.g., `_FOUND`) to follow a certain pattern.
[0.484s] Call Stack (most recent call first):
[0.485s]   /usr/share/cmake-3.22/Modules/FindPkgConfig.cmake:99 (find_package_handle_standard_args)
[0.485s]   /usr/lib/x86_64-linux-gnu/cmake/gazebo/gazebo-config.cmake:72 (include)
[0.485s]   CMakeLists.txt:23 (find_package)
[0.485s] This warning is for project developers.  Use -Wno-dev to suppress it.
[0.485s] [0m
[0.588s] -- Found DART: /usr/include (Required is at least version "6.6") found components: dart 
[0.762s] -- Found Protobuf: /usr/lib/x86_64-linux-gnu/libprotobuf.so (found version "3.12.4") 
[0.766s] -- Looking for ignition-math6 -- found version 6.15.1
[0.788s] -- Searching for dependencies of ignition-math6
[0.798s] -- Looking for OGRE...
[0.836s] -- Found Ogre Ghadamon (1.9.0)
[0.836s] -- Found OGRE: optimized;/usr/lib/x86_64-linux-gnu/libOgreMain.so;debug;/usr/lib/x86_64-linux-gnu/libOgreMain.so
[0.893s] -- Looking for OGRE_Paging...
[0.893s] -- Found OGRE_Paging: optimized;/usr/lib/x86_64-linux-gnu/libOgrePaging.so;debug;/usr/lib/x86_64-linux-gnu/libOgrePaging.so
[0.893s] -- Looking for OGRE_Terrain...
[0.894s] -- Found OGRE_Terrain: optimized;/usr/lib/x86_64-linux-gnu/libOgreTerrain.so;debug;/usr/lib/x86_64-linux-gnu/libOgreTerrain.so
[0.894s] -- Looking for OGRE_Property...
[0.894s] -- Found OGRE_Property: optimized;/usr/lib/x86_64-linux-gnu/libOgreProperty.so;debug;/usr/lib/x86_64-linux-gnu/libOgreProperty.so
[0.894s] -- Looking for OGRE_RTShaderSystem...
[0.894s] -- Found OGRE_RTShaderSystem: optimized;/usr/lib/x86_64-linux-gnu/libOgreRTShaderSystem.so;debug;/usr/lib/x86_64-linux-gnu/libOgreRTShaderSystem.so
[0.894s] -- Looking for OGRE_Volume...
[0.894s] -- Found OGRE_Volume: optimized;/usr/lib/x86_64-linux-gnu/libOgreVolume.so;debug;/usr/lib/x86_64-linux-gnu/libOgreVolume.so
[0.895s] -- Looking for OGRE_Overlay...
[0.895s] -- Found OGRE_Overlay: optimized;/usr/lib/x86_64-linux-gnu/libOgreOverlay.so;debug;/usr/lib/x86_64-linux-gnu/libOgreOverlay.so
[1.804s] -- Looking for ignition-math6 -- found version 6.15.1
[1.810s] -- Looking for ignition-transport8 -- found version 8.2.1
[1.811s] -- Searching for dependencies of ignition-transport8
[1.884s] -- Found Protobuf: /usr/lib/x86_64-linux-gnu/libprotobuf.so (found suitable version "3.12.4", minimum required is "3") 
[1.914s] -- Config-file not installed for ZeroMQ -- checking for pkg-config
[1.941s] -- Checking for module 'libzmq >= 4'
[2.004s] --   Found libzmq , version 4.3.4
[2.109s] -- Checking for module 'uuid'
[2.139s] --   Found uuid, version 2.37.2
[2.202s] -- Looking for ignition-msgs5 -- found version 5.8.1
[2.203s] -- Searching for dependencies of ignition-msgs5
[2.250s] -- Looking for ignition-math6 -- found version 6.15.1
[2.260s] -- Checking for module 'tinyxml2'
[2.288s] --   Found tinyxml2, version 9.0.0
[2.345s] -- Looking for ignition-msgs5 -- found version 5.8.1
[2.346s] -- Looking for ignition-common3 -- found version 3.14.0
[2.347s] -- Searching for dependencies of ignition-common3
[2.347s] -- Looking for dlfcn.h - found
[2.347s] -- Looking for libdl - found
[2.369s] -- Searching for <ignition-common3> component [graphics]
[2.370s] -- Looking for ignition-common3-graphics -- found version 3.14.0
[2.371s] -- Searching for dependencies of ignition-common3-graphics
[2.372s] -- Looking for ignition-math6 -- found version 6.15.1
[2.374s] -- Looking for ignition-fuel_tools4 -- found version 4.4.0
[2.374s] -- Searching for dependencies of ignition-fuel_tools4
[2.436s] -- Checking for module 'jsoncpp'
[2.457s] --   Found jsoncpp, version 1.9.5
[2.525s] -- Checking for module 'libzip'
[2.553s] --   Found libzip, version 1.7.3
[2.611s] -- Looking for ignition-common3 -- found version 3.14.0
[2.611s] -- Looking for ignition-math6 -- found version 6.15.1
[2.612s] -- Looking for ignition-msgs5 -- found version 5.8.1
[2.635s] [31mCMake Error at CMakeLists.txt:24 (find_package):
[2.635s]   By not providing "Findgazebo_ros_pkgs.cmake" in CMAKE_MODULE_PATH this
[2.636s]   project has asked CMake to find a package configuration file provided by
[2.636s]   "gazebo_ros_pkgs", but CMake did not find one.
[2.636s] 
[2.636s]   Could not find a package configuration file provided by "gazebo_ros_pkgs"
[2.636s]   with any of the following names:
[2.636s] 
[2.637s]     gazebo_ros_pkgsConfig.cmake
[2.637s]     gazebo_ros_pkgs-config.cmake
[2.637s] 
[2.637s]   Add the installation prefix of "gazebo_ros_pkgs" to CMAKE_PREFIX_PATH or
[2.637s]   set "gazebo_ros_pkgs_DIR" to a directory containing one of the above files.
[2.637s]   If "gazebo_ros_pkgs" provides a separate development package or SDK, be
[2.637s]   sure it has been installed.
[2.638s] 
[2.638s] [0m
[2.638s] -- Configuring incomplete, errors occurred!
[2.638s] See also "/home/phubadine/turtlebot3_ws/build/turtlebot3_gazebo/CMakeFiles/CMakeOutput.log".
[2.647s] Invoked command in '/home/phubadine/turtlebot3_ws/build/turtlebot3_gazebo' returned '1': CMAKE_PREFIX_PATH=${CMAKE_PREFIX_PATH}:/home/phubadine/turtlebot3_ws/install/turtlebot3_teleop:/home/phubadine/turtlebot3_ws/install/turtlebot3_example:/opt/ros/humble /usr/bin/cmake /home/phubadine/turtlebot3_ws/src/turtlebot3_simulations/turtlebot3_gazebo -DCMAKE_INSTALL_PREFIX=/home/phubadine/turtlebot3_ws/install/turtlebot3_gazebo
