[0.027s] Invoking command in '/home/phubadine/turtlebot3_ws/build/turtlebot3_gazebo': CMAKE_PREFIX_PATH=${CMAKE_PREFIX_PATH}:/home/phubadine/turtlebot3_ws/install/turtlebot3_teleop:/home/phubadine/turtlebot3_ws/install/turtlebot3_example:/opt/ros/humble /usr/bin/cmake /home/phubadine/turtlebot3_ws/src/turtlebot3_simulations/turtlebot3_gazebo -DCMAKE_INSTALL_PREFIX=/home/phubadine/turtlebot3_ws/install/turtlebot3_gazebo
[0.037s] -- Found ament_cmake: 1.3.8 (/opt/ros/humble/share/ament_cmake/cmake)
[0.148s] -- Override CMake install command with custom implementation using symlinks instead of copying resources
[0.157s] [33mCMake Warning (dev) at /usr/share/cmake-3.22/Modules/FindPackageHandleStandardArgs.cmake:438 (message):
[0.158s]   The package name passed to `find_package_handle_standard_args` (PkgConfig)
[0.158s]   does not match the name of the calling package (gazebo).  This can lead to
[0.158s]   problems in calling code that expects `find_package` result variables
[0.158s]   (e.g., `_FOUND`) to follow a certain pattern.
[0.158s] Call Stack (most recent call first):
[0.158s]   /usr/share/cmake-3.22/Modules/FindPkgConfig.cmake:99 (find_package_handle_standard_args)
[0.158s]   /usr/lib/x86_64-linux-gnu/cmake/gazebo/gazebo-config.cmake:72 (include)
[0.158s]   CMakeLists.txt:23 (find_package)
[0.158s] This warning is for project developers.  Use -Wno-dev to suppress it.
[0.158s] [0m
[0.178s] -- Found DART: /usr/include (Required is at least version "6.6") found components: dart 
[0.206s] -- Found Protobuf: /usr/lib/x86_64-linux-gnu/libprotobuf.so (found version "3.12.4") 
[0.207s] -- Looking for ignition-math6 -- found version 6.15.1
[0.211s] -- Searching for dependencies of ignition-math6
[0.212s] -- Looking for OGRE...
[0.218s] -- Found Ogre Ghadamon (1.9.0)
[0.218s] -- Found OGRE: optimized;/usr/lib/x86_64-linux-gnu/libOgreMain.so;debug;/usr/lib/x86_64-linux-gnu/libOgreMain.so
[0.226s] -- Looking for OGRE_Paging...
[0.226s] -- Found OGRE_Paging: optimized;/usr/lib/x86_64-linux-gnu/libOgrePaging.so;debug;/usr/lib/x86_64-linux-gnu/libOgrePaging.so
[0.226s] -- Looking for OGRE_Terrain...
[0.227s] -- Found OGRE_Terrain: optimized;/usr/lib/x86_64-linux-gnu/libOgreTerrain.so;debug;/usr/lib/x86_64-linux-gnu/libOgreTerrain.so
[0.227s] -- Looking for OGRE_Property...
[0.227s] -- Found OGRE_Property: optimized;/usr/lib/x86_64-linux-gnu/libOgreProperty.so;debug;/usr/lib/x86_64-linux-gnu/libOgreProperty.so
[0.227s] -- Looking for OGRE_RTShaderSystem...
[0.227s] -- Found OGRE_RTShaderSystem: optimized;/usr/lib/x86_64-linux-gnu/libOgreRTShaderSystem.so;debug;/usr/lib/x86_64-linux-gnu/libOgreRTShaderSystem.so
[0.227s] -- Looking for OGRE_Volume...
[0.227s] -- Found OGRE_Volume: optimized;/usr/lib/x86_64-linux-gnu/libOgreVolume.so;debug;/usr/lib/x86_64-linux-gnu/libOgreVolume.so
[0.227s] -- Looking for OGRE_Overlay...
[0.227s] -- Found OGRE_Overlay: optimized;/usr/lib/x86_64-linux-gnu/libOgreOverlay.so;debug;/usr/lib/x86_64-linux-gnu/libOgreOverlay.so
[0.384s] -- Looking for ignition-math6 -- found version 6.15.1
[0.384s] -- Looking for ignition-transport8 -- found version 8.2.1
[0.384s] -- Searching for dependencies of ignition-transport8
[0.414s] -- Found Protobuf: /usr/lib/x86_64-linux-gnu/libprotobuf.so (found suitable version "3.12.4", minimum required is "3") 
[0.430s] -- Config-file not installed for ZeroMQ -- checking for pkg-config
[0.436s] -- Checking for module 'libzmq >= 4'
[0.455s] --   Found libzmq , version 4.3.4
[0.510s] -- Checking for module 'uuid'
[0.524s] --   Found uuid, version 2.37.2
[0.560s] -- Looking for ignition-msgs5 -- found version 5.8.1
[0.560s] -- Searching for dependencies of ignition-msgs5
[0.581s] -- Looking for ignition-math6 -- found version 6.15.1
[0.586s] -- Checking for module 'tinyxml2'
[0.602s] --   Found tinyxml2, version 9.0.0
[0.639s] -- Looking for ignition-msgs5 -- found version 5.8.1
[0.640s] -- Looking for ignition-common3 -- found version 3.14.0
[0.640s] -- Searching for dependencies of ignition-common3
[0.640s] -- Looking for dlfcn.h - found
[0.640s] -- Looking for libdl - found
[0.651s] -- Searching for <ignition-common3> component [graphics]
[0.651s] -- Looking for ignition-common3-graphics -- found version 3.14.0
[0.652s] -- Searching for dependencies of ignition-common3-graphics
[0.652s] -- Looking for ignition-math6 -- found version 6.15.1
[0.653s] -- Looking for ignition-fuel_tools4 -- found version 4.4.0
[0.653s] -- Searching for dependencies of ignition-fuel_tools4
[0.696s] -- Checking for module 'jsoncpp'
[0.710s] --   Found jsoncpp, version 1.9.5
[0.753s] -- Checking for module 'libzip'
[0.768s] --   Found libzip, version 1.7.3
[0.803s] -- Looking for ignition-common3 -- found version 3.14.0
[0.804s] -- Looking for ignition-math6 -- found version 6.15.1
[0.804s] -- Looking for ignition-msgs5 -- found version 5.8.1
[0.805s] -- Found gazebo_ros_pkgs: 3.7.0 (/opt/ros/humble/share/gazebo_ros_pkgs/cmake)
[0.805s] -- Found geometry_msgs: 4.2.3 (/opt/ros/humble/share/geometry_msgs/cmake)
[0.822s] -- Found rosidl_generator_c: 3.1.5 (/opt/ros/humble/share/rosidl_generator_c/cmake)
[0.824s] -- Found rosidl_adapter: 3.1.5 (/opt/ros/humble/share/rosidl_adapter/cmake)
[0.829s] -- Found rosidl_generator_cpp: 3.1.5 (/opt/ros/humble/share/rosidl_generator_cpp/cmake)
[0.838s] -- Using all available rosidl_typesupport_c: rosidl_typesupport_fastrtps_c;rosidl_typesupport_introspection_c
[0.851s] -- Using all available rosidl_typesupport_cpp: rosidl_typesupport_fastrtps_cpp;rosidl_typesupport_introspection_cpp
[0.945s] -- Found nav_msgs: 4.2.3 (/opt/ros/humble/share/nav_msgs/cmake)
[1.010s] -- Found rclcpp: 16.0.8 (/opt/ros/humble/share/rclcpp/cmake)
[1.048s] -- Found rmw_implementation_cmake: 6.1.1 (/opt/ros/humble/share/rmw_implementation_cmake/cmake)
[1.049s] -- Found rmw_fastrtps_cpp: 6.2.6 (/opt/ros/humble/share/rmw_fastrtps_cpp/cmake)
[1.167s] -- Using RMW implementation 'rmw_fastrtps_cpp' as default
[1.266s] -- Found sensor_msgs: 4.2.3 (/opt/ros/humble/share/sensor_msgs/cmake)
[1.328s] -- Found tf2: 0.25.6 (/opt/ros/humble/share/tf2/cmake)
[1.392s] -- Configuring done
[1.423s] -- Generating done
[1.425s] -- Build files have been written to: /home/phubadine/turtlebot3_ws/build/turtlebot3_gazebo
