[0.958s] Invoking command in '/home/phubadine/turtlebot3_ws/src/turtlebot3/turtlebot3_teleop': PYTHONPATH=/home/phubadine/turtlebot3_ws/build/turtlebot3_teleop/prefix_override:/home/phubadine/turtlebot3_ws/install/turtlebot3_teleop/lib/python3.10/site-packages:${PYTHONPATH} /usr/bin/python3 -W ignore:setup.py install is deprecated setup.py egg_info --egg-base ../../../build/turtlebot3_teleop build --build-base /home/phubadine/turtlebot3_ws/build/turtlebot3_teleop/build install --record /home/phubadine/turtlebot3_ws/build/turtlebot3_teleop/install.log --single-version-externally-managed install_data
[1.256s] running egg_info
[1.257s] writing ../../../build/turtlebot3_teleop/turtlebot3_teleop.egg-info/PKG-INFO
[1.257s] writing dependency_links to ../../../build/turtlebot3_teleop/turtlebot3_teleop.egg-info/dependency_links.txt
[1.257s] writing entry points to ../../../build/turtlebot3_teleop/turtlebot3_teleop.egg-info/entry_points.txt
[1.258s] writing requirements to ../../../build/turtlebot3_teleop/turtlebot3_teleop.egg-info/requires.txt
[1.258s] writing top-level names to ../../../build/turtlebot3_teleop/turtlebot3_teleop.egg-info/top_level.txt
[1.260s] reading manifest file '../../../build/turtlebot3_teleop/turtlebot3_teleop.egg-info/SOURCES.txt'
[1.261s] writing manifest file '../../../build/turtlebot3_teleop/turtlebot3_teleop.egg-info/SOURCES.txt'
[1.261s] running build
[1.262s] running build_py
[1.262s] running install
[1.262s] running install_lib
[1.264s] running install_data
[1.264s] running install_egg_info
[1.267s] removing '/home/phubadine/turtlebot3_ws/install/turtlebot3_teleop/lib/python3.10/site-packages/turtlebot3_teleop-2.1.5-py3.10.egg-info' (and everything under it)
[1.268s] Copying ../../../build/turtlebot3_teleop/turtlebot3_teleop.egg-info to /home/phubadine/turtlebot3_ws/install/turtlebot3_teleop/lib/python3.10/site-packages/turtlebot3_teleop-2.1.5-py3.10.egg-info
[1.269s] running install_scripts
[1.294s] Installing teleop_keyboard script to /home/phubadine/turtlebot3_ws/install/turtlebot3_teleop/lib/turtlebot3_teleop
[1.295s] writing list of installed files to '/home/phubadine/turtlebot3_ws/build/turtlebot3_teleop/install.log'
[1.565s] Invoked command in '/home/phubadine/turtlebot3_ws/src/turtlebot3/turtlebot3_teleop' returned '0': PYTHONPATH=/home/phubadine/turtlebot3_ws/build/turtlebot3_teleop/prefix_override:/home/phubadine/turtlebot3_ws/install/turtlebot3_teleop/lib/python3.10/site-packages:${PYTHONPATH} /usr/bin/python3 -W ignore:setup.py install is deprecated setup.py egg_info --egg-base ../../../build/turtlebot3_teleop build --build-base /home/phubadine/turtlebot3_ws/build/turtlebot3_teleop/build install --record /home/phubadine/turtlebot3_ws/build/turtlebot3_teleop/install.log --single-version-externally-managed install_data
