[0.527s] Invoking command in '/home/phubadine/aexotic_ws/src/mypkg': PYTHONPATH=/home/phubadine/aexotic_ws/build/mypkg/prefix_override:/home/phubadine/aexotic_ws/install/mypkg/lib/python3.10/site-packages:${PYTHONPATH} /usr/bin/python3 -W ignore:setup.py install is deprecated setup.py egg_info --egg-base ../../build/mypkg build --build-base /home/phubadine/aexotic_ws/build/mypkg/build install --record /home/phubadine/aexotic_ws/build/mypkg/install.log --single-version-externally-managed install_data
[0.719s] running egg_info
[0.720s] writing ../../build/mypkg/mypkg.egg-info/PKG-INFO
[0.720s] writing dependency_links to ../../build/mypkg/mypkg.egg-info/dependency_links.txt
[0.720s] writing entry points to ../../build/mypkg/mypkg.egg-info/entry_points.txt
[0.720s] writing requirements to ../../build/mypkg/mypkg.egg-info/requires.txt
[0.720s] writing top-level names to ../../build/mypkg/mypkg.egg-info/top_level.txt
[0.721s] reading manifest file '../../build/mypkg/mypkg.egg-info/SOURCES.txt'
[0.722s] writing manifest file '../../build/mypkg/mypkg.egg-info/SOURCES.txt'
[0.722s] running build
[0.722s] running build_py
[0.723s] running install
[0.723s] running install_lib
[0.724s] running install_data
[0.724s] running install_egg_info
[0.726s] removing '/home/phubadine/aexotic_ws/install/mypkg/lib/python3.10/site-packages/mypkg-0.0.0-py3.10.egg-info' (and everything under it)
[0.726s] Copying ../../build/mypkg/mypkg.egg-info to /home/phubadine/aexotic_ws/install/mypkg/lib/python3.10/site-packages/mypkg-0.0.0-py3.10.egg-info
[0.727s] running install_scripts
[0.743s] Installing first_publisher script to /home/phubadine/aexotic_ws/install/mypkg/lib/mypkg
[0.743s] Installing first_subscription script to /home/phubadine/aexotic_ws/install/mypkg/lib/mypkg
[0.743s] Installing twist_publisher script to /home/phubadine/aexotic_ws/install/mypkg/lib/mypkg
[0.743s] Installing twist_subscription script to /home/phubadine/aexotic_ws/install/mypkg/lib/mypkg
[0.743s] writing list of installed files to '/home/phubadine/aexotic_ws/build/mypkg/install.log'
[0.763s] Invoked command in '/home/phubadine/aexotic_ws/src/mypkg' returned '0': PYTHONPATH=/home/phubadine/aexotic_ws/build/mypkg/prefix_override:/home/phubadine/aexotic_ws/install/mypkg/lib/python3.10/site-packages:${PYTHONPATH} /usr/bin/python3 -W ignore:setup.py install is deprecated setup.py egg_info --egg-base ../../build/mypkg build --build-base /home/phubadine/aexotic_ws/build/mypkg/build install --record /home/phubadine/aexotic_ws/build/mypkg/install.log --single-version-externally-managed install_data
