[0.016s] Invoking command in '/home/phubadine/turtlebot3_ws/build/dynamixel_sdk': /usr/bin/cmake /home/phubadine/turtlebot3_ws/src/DynamixelSDK/dynamixel_sdk -DAMENT_CMAKE_SYMLINK_INSTALL=1 -DCMAKE_INSTALL_PREFIX=/home/phubadine/turtlebot3_ws/install/dynamixel_sdk
[0.146s] -- The C compiler identification is GNU 11.4.0
[0.229s] -- The CXX compiler identification is GNU 11.4.0
[0.239s] -- Detecting C compiler ABI info
[0.306s] -- Detecting C compiler ABI info - done
[0.312s] -- Check for working C compiler: /usr/bin/cc - skipped
[0.312s] -- Detecting C compile features
[0.313s] -- Detecting C compile features - done
[0.316s] -- Detecting CXX compiler ABI info
[0.392s] -- Detecting CXX compiler ABI info - done
[0.399s] -- Check for working CXX compiler: /usr/bin/c++ - skipped
[0.399s] -- Detecting CXX compile features
[0.400s] -- Detecting CXX compile features - done
[0.412s] [31mCMake Error at CMakeLists.txt:18 (find_package):
[0.412s]   By not providing "Findament_cmake.cmake" in CMAKE_MODULE_PATH this project
[0.412s]   has asked CMake to find a package configuration file provided by
[0.412s]   "ament_cmake", but CMake did not find one.
[0.412s] 
[0.413s]   Could not find a package configuration file provided by "ament_cmake" with
[0.413s]   any of the following names:
[0.413s] 
[0.413s]     ament_cmakeConfig.cmake
[0.413s]     ament_cmake-config.cmake
[0.413s] 
[0.413s]   Add the installation prefix of "ament_cmake" to CMAKE_PREFIX_PATH or set
[0.413s]   "ament_cmake_DIR" to a directory containing one of the above files.  If
[0.413s]   "ament_cmake" provides a separate development package or SDK, be sure it
[0.413s]   has been installed.
[0.413s] 
[0.413s] [0m
[0.413s] -- Configuring incomplete, errors occurred!
[0.413s] See also "/home/phubadine/turtlebot3_ws/build/dynamixel_sdk/CMakeFiles/CMakeOutput.log".
[0.420s] Invoked command in '/home/phubadine/turtlebot3_ws/build/dynamixel_sdk' returned '1': /usr/bin/cmake /home/phubadine/turtlebot3_ws/src/DynamixelSDK/dynamixel_sdk -DAMENT_CMAKE_SYMLINK_INSTALL=1 -DCMAKE_INSTALL_PREFIX=/home/phubadine/turtlebot3_ws/install/dynamixel_sdk
