running develop
Removing /home/phubadine/aexotic_ws/install/mypkg/lib/python3.10/site-packages/mypkg.egg-link (link to .)
running egg_info
writing ../../build/mypkg/mypkg.egg-info/PKG-INFO
writing dependency_links to ../../build/mypkg/mypkg.egg-info/dependency_links.txt
writing entry points to ../../build/mypkg/mypkg.egg-info/entry_points.txt
writing requirements to ../../build/mypkg/mypkg.egg-info/requires.txt
writing top-level names to ../../build/mypkg/mypkg.egg-info/top_level.txt
reading manifest file '../../build/mypkg/mypkg.egg-info/SOURCES.txt'
writing manifest file '../../build/mypkg/mypkg.egg-info/SOURCES.txt'
running build
running build_py
running install
running install_lib
creating /home/phubadine/aexotic_ws/install/mypkg/lib/python3.10/site-packages/mypkg
copying /home/phubadine/aexotic_ws/build/mypkg/build/lib/mypkg/twist_pub.py -> /home/phubadine/aexotic_ws/install/mypkg/lib/python3.10/site-packages/mypkg
copying /home/phubadine/aexotic_ws/build/mypkg/build/lib/mypkg/first_node.py -> /home/phubadine/aexotic_ws/install/mypkg/lib/python3.10/site-packages/mypkg
copying /home/phubadine/aexotic_ws/build/mypkg/build/lib/mypkg/__init__.py -> /home/phubadine/aexotic_ws/install/mypkg/lib/python3.10/site-packages/mypkg
byte-compiling /home/phubadine/aexotic_ws/install/mypkg/lib/python3.10/site-packages/mypkg/twist_pub.py to twist_pub.cpython-310.pyc
byte-compiling /home/phubadine/aexotic_ws/install/mypkg/lib/python3.10/site-packages/mypkg/first_node.py to first_node.cpython-310.pyc
byte-compiling /home/phubadine/aexotic_ws/install/mypkg/lib/python3.10/site-packages/mypkg/__init__.py to __init__.cpython-310.pyc
running install_data
copying resource/mypkg -> /home/phubadine/aexotic_ws/install/mypkg/share/ament_index/resource_index/packages
copying package.xml -> /home/phubadine/aexotic_ws/install/mypkg/share/mypkg
running install_egg_info
Copying ../../build/mypkg/mypkg.egg-info to /home/phubadine/aexotic_ws/install/mypkg/lib/python3.10/site-packages/mypkg-0.0.0-py3.10.egg-info
running install_scripts
Installing first_publisher script to /home/phubadine/aexotic_ws/install/mypkg/lib/mypkg
Installing twist_publisher script to /home/phubadine/aexotic_ws/install/mypkg/lib/mypkg
writing list of installed files to '/home/phubadine/aexotic_ws/build/mypkg/install.log'
