[0.508s] Invoking command in '/home/phubadine/aexotic_ws/build/mypkg': PYTHONPATH=/home/phubadine/aexotic_ws/build/mypkg/prefix_override:/home/phubadine/aexotic_ws/install/mypkg/lib/python3.10/site-packages:${PYTHONPATH} /usr/bin/python3 -W ignore:setup.py install is deprecated setup.py develop --uninstall --editable --build-directory /home/phubadine/aexotic_ws/build/mypkg/build
[0.713s] running develop
[0.713s] /usr/lib/python3/dist-packages/setuptools/command/easy_install.py:158: EasyInstallDeprecationWarning: easy_install command is deprecated. Use build and pip and other standards-based tools.
[0.713s]   warnings.warn(
[0.851s] Removing /home/phubadine/aexotic_ws/install/mypkg/lib/python3.10/site-packages/mypkg.egg-link (link to .)
[0.878s] Invoked command in '/home/phubadine/aexotic_ws/build/mypkg' returned '0': PYTHONPATH=/home/phubadine/aexotic_ws/build/mypkg/prefix_override:/home/phubadine/aexotic_ws/install/mypkg/lib/python3.10/site-packages:${PYTHONPATH} /usr/bin/python3 -W ignore:setup.py install is deprecated setup.py develop --uninstall --editable --build-directory /home/phubadine/aexotic_ws/build/mypkg/build
[0.880s] Invoking command in '/home/phubadine/aexotic_ws/src/mypkg': PYTHONPATH=/home/phubadine/aexotic_ws/build/mypkg/prefix_override:/home/phubadine/aexotic_ws/install/mypkg/lib/python3.10/site-packages:${PYTHONPATH} /usr/bin/python3 -W ignore:setup.py install is deprecated setup.py egg_info --egg-base ../../build/mypkg build --build-base /home/phubadine/aexotic_ws/build/mypkg/build install --record /home/phubadine/aexotic_ws/build/mypkg/install.log --single-version-externally-managed install_data --force
[1.071s] running egg_info
[1.071s] writing ../../build/mypkg/mypkg.egg-info/PKG-INFO
[1.071s] writing dependency_links to ../../build/mypkg/mypkg.egg-info/dependency_links.txt
[1.071s] writing entry points to ../../build/mypkg/mypkg.egg-info/entry_points.txt
[1.071s] writing requirements to ../../build/mypkg/mypkg.egg-info/requires.txt
[1.072s] writing top-level names to ../../build/mypkg/mypkg.egg-info/top_level.txt
[1.073s] reading manifest file '../../build/mypkg/mypkg.egg-info/SOURCES.txt'
[1.073s] writing manifest file '../../build/mypkg/mypkg.egg-info/SOURCES.txt'
[1.073s] running build
[1.074s] running build_py
[1.074s] running install
[1.074s] running install_lib
[1.075s] creating /home/phubadine/aexotic_ws/install/mypkg/lib/python3.10/site-packages/mypkg
[1.075s] copying /home/phubadine/aexotic_ws/build/mypkg/build/lib/mypkg/twist_pub.py -> /home/phubadine/aexotic_ws/install/mypkg/lib/python3.10/site-packages/mypkg
[1.075s] copying /home/phubadine/aexotic_ws/build/mypkg/build/lib/mypkg/first_node.py -> /home/phubadine/aexotic_ws/install/mypkg/lib/python3.10/site-packages/mypkg
[1.075s] copying /home/phubadine/aexotic_ws/build/mypkg/build/lib/mypkg/__init__.py -> /home/phubadine/aexotic_ws/install/mypkg/lib/python3.10/site-packages/mypkg
[1.075s] byte-compiling /home/phubadine/aexotic_ws/install/mypkg/lib/python3.10/site-packages/mypkg/twist_pub.py to twist_pub.cpython-310.pyc
[1.075s] byte-compiling /home/phubadine/aexotic_ws/install/mypkg/lib/python3.10/site-packages/mypkg/first_node.py to first_node.cpython-310.pyc
[1.076s] byte-compiling /home/phubadine/aexotic_ws/install/mypkg/lib/python3.10/site-packages/mypkg/__init__.py to __init__.cpython-310.pyc
[1.076s] running install_data
[1.076s] copying resource/mypkg -> /home/phubadine/aexotic_ws/install/mypkg/share/ament_index/resource_index/packages
[1.076s] copying package.xml -> /home/phubadine/aexotic_ws/install/mypkg/share/mypkg
[1.076s] running install_egg_info
[1.078s] Copying ../../build/mypkg/mypkg.egg-info to /home/phubadine/aexotic_ws/install/mypkg/lib/python3.10/site-packages/mypkg-0.0.0-py3.10.egg-info
[1.079s] running install_scripts
[1.094s] Installing first_publisher script to /home/phubadine/aexotic_ws/install/mypkg/lib/mypkg
[1.094s] Installing twist_publisher script to /home/phubadine/aexotic_ws/install/mypkg/lib/mypkg
[1.094s] writing list of installed files to '/home/phubadine/aexotic_ws/build/mypkg/install.log'
[1.113s] Invoked command in '/home/phubadine/aexotic_ws/src/mypkg' returned '0': PYTHONPATH=/home/phubadine/aexotic_ws/build/mypkg/prefix_override:/home/phubadine/aexotic_ws/install/mypkg/lib/python3.10/site-packages:${PYTHONPATH} /usr/bin/python3 -W ignore:setup.py install is deprecated setup.py egg_info --egg-base ../../build/mypkg build --build-base /home/phubadine/aexotic_ws/build/mypkg/build install --record /home/phubadine/aexotic_ws/build/mypkg/install.log --single-version-externally-managed install_data --force
