[0.037s] Invoking command in '/home/phubadine/turtlebot3_ws/build/turtlebot3_msgs': CMAKE_PREFIX_PATH=${CMAKE_PREFIX_PATH}:/home/phubadine/turtlebot3_ws/install/turtlebot3_teleop:/home/phubadine/turtlebot3_ws/install/turtlebot3_example:/opt/ros/humble /usr/bin/cmake --build /home/phubadine/turtlebot3_ws/build/turtlebot3_msgs -- -j16 -l16
[0.089s] [  1%] Built target turtlebot3_msgs__cpp
[0.093s] [ 12%] Built target turtlebot3_msgs__rosidl_generator_c
[0.116s] [ 12%] Built target ament_cmake_python_symlink_turtlebot3_msgs
[0.131s] [ 35%] Built target turtlebot3_msgs__rosidl_typesupport_introspection_cpp
[0.131s] [ 35%] Built target turtlebot3_msgs__rosidl_typesupport_cpp
[0.135s] [ 46%] Built target turtlebot3_msgs__rosidl_typesupport_fastrtps_c
[0.136s] [ 57%] Built target turtlebot3_msgs__rosidl_typesupport_introspection_c
[0.136s] [ 69%] Built target turtlebot3_msgs__rosidl_typesupport_fastrtps_cpp
[0.142s] [ 80%] Built target turtlebot3_msgs__rosidl_typesupport_c
[0.166s] [ 80%] Built target turtlebot3_msgs
[0.188s] [ 81%] Built target turtlebot3_msgs__py
[0.213s] [ 91%] Built target turtlebot3_msgs__rosidl_generator_py
[0.238s] [ 94%] Built target turtlebot3_msgs__rosidl_typesupport_fastrtps_c__pyext
[0.239s] [ 97%] Built target turtlebot3_msgs__rosidl_typesupport_c__pyext
[0.241s] [100%] Built target turtlebot3_msgs__rosidl_typesupport_introspection_c__pyext
[0.354s] running egg_info
[0.355s] writing turtlebot3_msgs.egg-info/PKG-INFO
[0.355s] writing dependency_links to turtlebot3_msgs.egg-info/dependency_links.txt
[0.355s] writing top-level names to turtlebot3_msgs.egg-info/top_level.txt
[0.357s] reading manifest file 'turtlebot3_msgs.egg-info/SOURCES.txt'
[0.358s] writing manifest file 'turtlebot3_msgs.egg-info/SOURCES.txt'
[0.383s] [100%] Built target ament_cmake_python_build_turtlebot3_msgs_egg
