/home/phubadine/aexotic_ws/install/mypkg/lib/python3.10/site-packages/mypkg/turtle_control.py
/home/phubadine/aexotic_ws/install/mypkg/lib/python3.10/site-packages/mypkg/twist_pub.py
/home/phubadine/aexotic_ws/install/mypkg/lib/python3.10/site-packages/mypkg/twist_sub.py
/home/phubadine/aexotic_ws/install/mypkg/lib/python3.10/site-packages/mypkg/first_node.py
/home/phubadine/aexotic_ws/install/mypkg/lib/python3.10/site-packages/mypkg/first_sub.py
/home/phubadine/aexotic_ws/install/mypkg/lib/python3.10/site-packages/mypkg/__init__.py
/home/phubadine/aexotic_ws/install/mypkg/lib/python3.10/site-packages/mypkg/__pycache__/turtle_control.cpython-310.pyc
/home/phubadine/aexotic_ws/install/mypkg/lib/python3.10/site-packages/mypkg/__pycache__/twist_pub.cpython-310.pyc
/home/phubadine/aexotic_ws/install/mypkg/lib/python3.10/site-packages/mypkg/__pycache__/twist_sub.cpython-310.pyc
/home/phubadine/aexotic_ws/install/mypkg/lib/python3.10/site-packages/mypkg/__pycache__/first_node.cpython-310.pyc
/home/phubadine/aexotic_ws/install/mypkg/lib/python3.10/site-packages/mypkg/__pycache__/first_sub.cpython-310.pyc
/home/phubadine/aexotic_ws/install/mypkg/lib/python3.10/site-packages/mypkg/__pycache__/__init__.cpython-310.pyc
/home/phubadine/aexotic_ws/install/mypkg/share/ament_index/resource_index/packages/mypkg
/home/phubadine/aexotic_ws/install/mypkg/share/mypkg/package.xml
/home/phubadine/aexotic_ws/install/mypkg/share/mypkg/simple.launch.py
/home/phubadine/aexotic_ws/install/mypkg/lib/python3.10/site-packages/mypkg-0.0.0-py3.10.egg-info/dependency_links.txt
/home/phubadine/aexotic_ws/install/mypkg/lib/python3.10/site-packages/mypkg-0.0.0-py3.10.egg-info/zip-safe
/home/phubadine/aexotic_ws/install/mypkg/lib/python3.10/site-packages/mypkg-0.0.0-py3.10.egg-info/SOURCES.txt
/home/phubadine/aexotic_ws/install/mypkg/lib/python3.10/site-packages/mypkg-0.0.0-py3.10.egg-info/requires.txt
/home/phubadine/aexotic_ws/install/mypkg/lib/python3.10/site-packages/mypkg-0.0.0-py3.10.egg-info/top_level.txt
/home/phubadine/aexotic_ws/install/mypkg/lib/python3.10/site-packages/mypkg-0.0.0-py3.10.egg-info/PKG-INFO
/home/phubadine/aexotic_ws/install/mypkg/lib/python3.10/site-packages/mypkg-0.0.0-py3.10.egg-info/entry_points.txt
/home/phubadine/aexotic_ws/install/mypkg/lib/mypkg/first_publisher
/home/phubadine/aexotic_ws/install/mypkg/lib/mypkg/first_subscription
/home/phubadine/aexotic_ws/install/mypkg/lib/mypkg/turtlebot_control
/home/phubadine/aexotic_ws/install/mypkg/lib/mypkg/twist_publisher
/home/phubadine/aexotic_ws/install/mypkg/lib/mypkg/twist_subscription
